{"timestamp":"2025-09-27 15:04:23","level":"info","message":"HTTP Request","requestId":"6d099b26-72f2-4f1b-b5b4-f76b5464671a","method":"GET","url":"/api/registrations/event/68c58d4782eaf0375a9df722","statusCode":304,"responseTime":24,"userAgent":"Mozilla/5.0 (Macintosh; Intel Mac OS X 10_15_7) AppleWebKit/537.36 (KHTML, like Gecko) Chrome/139.0.0.0 Safari/537.36","ip":"::1"}
{"timestamp":"2025-09-27 15:04:26","level":"info","message":"Incoming Request","requestId":"db4d283c-3dc2-4656-b203-d71f2b3529c0","method":"GET","url":"/api/students","userAgent":"Mozilla/5.0 (Macintosh; Intel Mac OS X 10_15_7) AppleWebKit/537.36 (KHTML, like Gecko) Chrome/139.0.0.0 Safari/537.36","ip":"::1"}
{"timestamp":"2025-09-27 15:04:26","level":"info","message":"HTTP Request","requestId":"db4d283c-3dc2-4656-b203-d71f2b3529c0","method":"GET","url":"/api/students","userId":"68bc5607993056c58ca916af"}
{"timestamp":"2025-09-27 15:04:26","level":"info","message":"Database Operation","operation":"Finding students with filter","collection":"collection","query":{"filter":"[Complex Object]"},"resultCount":0}
{"timestamp":"2025-09-27 15:04:26","level":"info","message":"Students retrieved successfully","requestId":"db4d283c-3dc2-4656-b203-d71f2b3529c0","count":59,"filter":{"role":"student"},"coachId":"68bc5607993056c58ca916af"}
{"timestamp":"2025-09-27 15:04:26","level":"info","message":"HTTP Request","requestId":"db4d283c-3dc2-4656-b203-d71f2b3529c0","method":"GET","url":"/api/students","statusCode":304,"responseTime":15,"userAgent":"Mozilla/5.0 (Macintosh; Intel Mac OS X 10_15_7) AppleWebKit/537.36 (KHTML, like Gecko) Chrome/139.0.0.0 Safari/537.36","ip":"::1"}
{"timestamp":"2025-09-27 15:04:26","level":"info","message":"Incoming Request","requestId":"abb85748-3aee-4f2f-bde2-a079be574d3c","method":"GET","url":"/api/students","userAgent":"Mozilla/5.0 (Macintosh; Intel Mac OS X 10_15_7) AppleWebKit/537.36 (KHTML, like Gecko) Chrome/139.0.0.0 Safari/537.36","ip":"::1"}
{"timestamp":"2025-09-27 15:04:26","level":"info","message":"HTTP Request","requestId":"abb85748-3aee-4f2f-bde2-a079be574d3c","method":"GET","url":"/api/students","userId":"68bc5607993056c58ca916af"}
{"timestamp":"2025-09-27 15:04:26","level":"info","message":"Database Operation","operation":"Finding students with filter","collection":"collection","query":{"filter":"[Complex Object]"},"resultCount":0}
{"timestamp":"2025-09-27 15:04:26","level":"info","message":"Students retrieved successfully","requestId":"abb85748-3aee-4f2f-bde2-a079be574d3c","count":59,"filter":{"role":"student"},"coachId":"68bc5607993056c58ca916af"}
{"timestamp":"2025-09-27 15:04:26","level":"info","message":"HTTP Request","requestId":"abb85748-3aee-4f2f-bde2-a079be574d3c","method":"GET","url":"/api/students","statusCode":304,"responseTime":22,"userAgent":"Mozilla/5.0 (Macintosh; Intel Mac OS X 10_15_7) AppleWebKit/537.36 (KHTML, like Gecko) Chrome/139.0.0.0 Safari/537.36","ip":"::1"}
{"timestamp":"2025-09-27 15:04:29","level":"info","message":"Incoming Request","requestId":"04e724b0-ebd8-43fc-9253-10d35025a28a","method":"GET","url":"/api/events","userAgent":"Mozilla/5.0 (Macintosh; Intel Mac OS X 10_15_7) AppleWebKit/537.36 (KHTML, like Gecko) Chrome/139.0.0.0 Safari/537.36","ip":"::1"}
{"timestamp":"2025-09-27 15:04:29","level":"info","message":"HTTP Request","requestId":"04e724b0-ebd8-43fc-9253-10d35025a28a","method":"GET","url":"/api/events","userId":"68bc5607993056c58ca916af"}
{"timestamp":"2025-09-27 15:04:29","level":"info","message":"Database Operation","operation":"Finding events with filter","collection":"events","query":{"filter":"[Complex Object]"},"resultCount":0}
{"timestamp":"2025-09-27 15:04:29","level":"info","message":"Events retrieved successfully","requestId":"04e724b0-ebd8-43fc-9253-10d35025a28a","count":4,"filter":{},"userId":"68bc5607993056c58ca916af"}
{"timestamp":"2025-09-27 15:04:29","level":"info","message":"HTTP Request","requestId":"04e724b0-ebd8-43fc-9253-10d35025a28a","method":"GET","url":"/api/events","statusCode":200,"responseTime":5,"userAgent":"Mozilla/5.0 (Macintosh; Intel Mac OS X 10_15_7) AppleWebKit/537.36 (KHTML, like Gecko) Chrome/139.0.0.0 Safari/537.36","ip":"::1"}
{"timestamp":"2025-09-27 15:04:29","level":"info","message":"Incoming Request","requestId":"fe395399-19c1-4830-9202-487c0b37955f","method":"GET","url":"/api/events","userAgent":"Mozilla/5.0 (Macintosh; Intel Mac OS X 10_15_7) AppleWebKit/537.36 (KHTML, like Gecko) Chrome/139.0.0.0 Safari/537.36","ip":"::1"}
{"timestamp":"2025-09-27 15:04:29","level":"info","message":"HTTP Request","requestId":"fe395399-19c1-4830-9202-487c0b37955f","method":"GET","url":"/api/events","userId":"68bc5607993056c58ca916af"}
{"timestamp":"2025-09-27 15:04:29","level":"info","message":"Database Operation","operation":"Finding events with filter","collection":"events","query":{"filter":"[Complex Object]"},"resultCount":0}
{"timestamp":"2025-09-27 15:04:29","level":"info","message":"Events retrieved successfully","requestId":"fe395399-19c1-4830-9202-487c0b37955f","count":4,"filter":{},"userId":"68bc5607993056c58ca916af"}
{"timestamp":"2025-09-27 15:04:29","level":"info","message":"HTTP Request","requestId":"fe395399-19c1-4830-9202-487c0b37955f","method":"GET","url":"/api/events","statusCode":304,"responseTime":3,"userAgent":"Mozilla/5.0 (Macintosh; Intel Mac OS X 10_15_7) AppleWebKit/537.36 (KHTML, like Gecko) Chrome/139.0.0.0 Safari/537.36","ip":"::1"}
{"timestamp":"2025-09-27 15:04:32","level":"info","message":"Incoming Request","requestId":"3b33fdc8-6926-40e8-9283-e6c7370ae324","method":"GET","url":"/api/events/68c58d4782eaf0375a9df722","userAgent":"Mozilla/5.0 (Macintosh; Intel Mac OS X 10_15_7) AppleWebKit/537.36 (KHTML, like Gecko) Chrome/139.0.0.0 Safari/537.36","ip":"::1"}
{"timestamp":"2025-09-27 15:04:32","level":"info","message":"Incoming Request","requestId":"7f9e5686-ab73-4aa2-86ca-6c359ce2d5d3","method":"GET","url":"/api/registrations/event/68c58d4782eaf0375a9df722","userAgent":"Mozilla/5.0 (Macintosh; Intel Mac OS X 10_15_7) AppleWebKit/537.36 (KHTML, like Gecko) Chrome/139.0.0.0 Safari/537.36","ip":"::1"}
{"timestamp":"2025-09-27 15:04:32","level":"info","message":"HTTP Request","requestId":"3b33fdc8-6926-40e8-9283-e6c7370ae324","method":"GET","url":"/api/events/68c58d4782eaf0375a9df722","userId":"68bc5607993056c58ca916af"}
{"timestamp":"2025-09-27 15:04:32","level":"info","message":"Database Operation","operation":"Finding event by ID","collection":"events","query":{"_id":"68c58d4782eaf0375a9df722"},"resultCount":0}
{"timestamp":"2025-09-27 15:04:32","level":"info","message":"HTTP Request","requestId":"7f9e5686-ab73-4aa2-86ca-6c359ce2d5d3","method":"GET","url":"/api/registrations/event/68c58d4782eaf0375a9df722","userId":"68bc5607993056c58ca916af","query":{}}
{"timestamp":"2025-09-27 15:04:32","level":"info","message":"Event retrieved successfully","requestId":"3b33fdc8-6926-40e8-9283-e6c7370ae324","eventId":"68c58d4782eaf0375a9df722","eventName":"小马2025第21场会员活动-新造北约公园","userId":"68bc5607993056c58ca916af"}
{"timestamp":"2025-09-27 15:04:32","level":"info","message":"HTTP Request","requestId":"3b33fdc8-6926-40e8-9283-e6c7370ae324","method":"GET","url":"/api/events/68c58d4782eaf0375a9df722","statusCode":304,"responseTime":11,"userAgent":"Mozilla/5.0 (Macintosh; Intel Mac OS X 10_15_7) AppleWebKit/537.36 (KHTML, like Gecko) Chrome/139.0.0.0 Safari/537.36","ip":"::1"}
{"timestamp":"2025-09-27 15:04:32","level":"info","message":"Database Operation","operation":"Getting event registrations","collection":"eventRegistrations","query":{"eventId":"68c58d4782eaf0375a9df722"},"resultCount":0}
{"timestamp":"2025-09-27 15:04:32","level":"info","message":"Incoming Request","requestId":"f5194a2e-4b1c-4a5a-9537-fb791d0f238a","method":"GET","url":"/api/events/68c58d4782eaf0375a9df722","userAgent":"Mozilla/5.0 (Macintosh; Intel Mac OS X 10_15_7) AppleWebKit/537.36 (KHTML, like Gecko) Chrome/139.0.0.0 Safari/537.36","ip":"::1"}
{"timestamp":"2025-09-27 15:04:32","level":"info","message":"HTTP Request","requestId":"f5194a2e-4b1c-4a5a-9537-fb791d0f238a","method":"GET","url":"/api/events/68c58d4782eaf0375a9df722","userId":"68bc5607993056c58ca916af"}
{"timestamp":"2025-09-27 15:04:32","level":"info","message":"Database Operation","operation":"Finding event by ID","collection":"events","query":{"_id":"68c58d4782eaf0375a9df722"},"resultCount":0}
{"timestamp":"2025-09-27 15:04:32","level":"info","message":"Event retrieved successfully","requestId":"f5194a2e-4b1c-4a5a-9537-fb791d0f238a","eventId":"68c58d4782eaf0375a9df722","eventName":"小马2025第21场会员活动-新造北约公园","userId":"68bc5607993056c58ca916af"}
{"timestamp":"2025-09-27 15:04:32","level":"info","message":"HTTP Request","requestId":"f5194a2e-4b1c-4a5a-9537-fb791d0f238a","method":"GET","url":"/api/events/68c58d4782eaf0375a9df722","statusCode":304,"responseTime":4,"userAgent":"Mozilla/5.0 (Macintosh; Intel Mac OS X 10_15_7) AppleWebKit/537.36 (KHTML, like Gecko) Chrome/139.0.0.0 Safari/537.36","ip":"::1"}
{"timestamp":"2025-09-27 15:04:32","level":"info","message":"Event registrations retrieved successfully","requestId":"7f9e5686-ab73-4aa2-86ca-6c359ce2d5d3","eventId":"68c58d4782eaf0375a9df722","count":1,"stats":{"total":1,"pending":1,"confirmed":0,"cancelled":0,"byGameType":{"短距离":0,"接力赛":0,"团队赛":0}},"userId":"68bc5607993056c58ca916af"}
{"timestamp":"2025-09-27 15:04:32","level":"info","message":"HTTP Request","requestId":"7f9e5686-ab73-4aa2-86ca-6c359ce2d5d3","method":"GET","url":"/api/registrations/event/68c58d4782eaf0375a9df722","statusCode":304,"responseTime":21,"userAgent":"Mozilla/5.0 (Macintosh; Intel Mac OS X 10_15_7) AppleWebKit/537.36 (KHTML, like Gecko) Chrome/139.0.0.0 Safari/537.36","ip":"::1"}
{"timestamp":"2025-09-27 15:04:32","level":"info","message":"Incoming Request","requestId":"1e80e057-844d-424a-9235-5cc5c92cb606","method":"GET","url":"/api/registrations/event/68c58d4782eaf0375a9df722","userAgent":"Mozilla/5.0 (Macintosh; Intel Mac OS X 10_15_7) AppleWebKit/537.36 (KHTML, like Gecko) Chrome/139.0.0.0 Safari/537.36","ip":"::1"}
{"timestamp":"2025-09-27 15:04:32","level":"info","message":"HTTP Request","requestId":"1e80e057-844d-424a-9235-5cc5c92cb606","method":"GET","url":"/api/registrations/event/68c58d4782eaf0375a9df722","userId":"68bc5607993056c58ca916af","query":{}}
{"timestamp":"2025-09-27 15:04:32","level":"info","message":"Database Operation","operation":"Getting event registrations","collection":"eventRegistrations","query":{"eventId":"68c58d4782eaf0375a9df722"},"resultCount":0}
{"timestamp":"2025-09-27 15:04:32","level":"info","message":"Event registrations retrieved successfully","requestId":"1e80e057-844d-424a-9235-5cc5c92cb606","eventId":"68c58d4782eaf0375a9df722","count":1,"stats":{"total":1,"pending":1,"confirmed":0,"cancelled":0,"byGameType":{"短距离":0,"接力赛":0,"团队赛":0}},"userId":"68bc5607993056c58ca916af"}
{"timestamp":"2025-09-27 15:04:32","level":"info","message":"HTTP Request","requestId":"1e80e057-844d-424a-9235-5cc5c92cb606","method":"GET","url":"/api/registrations/event/68c58d4782eaf0375a9df722","statusCode":304,"responseTime":9,"userAgent":"Mozilla/5.0 (Macintosh; Intel Mac OS X 10_15_7) AppleWebKit/537.36 (KHTML, like Gecko) Chrome/139.0.0.0 Safari/537.36","ip":"::1"}
{"timestamp":"2025-09-27 15:05:07","level":"info","message":"Incoming Request","requestId":"4a99fedc-71f0-4e86-aef1-1f730eb136b4","method":"POST","url":"/api/auth/login","userAgent":"Mozilla/5.0 (Macintosh; Intel Mac OS X 10_15_7) AppleWebKit/605.1.15 (KHTML, like Gecko) Version/18.6 Safari/605.1.15","ip":"::1"}
{"timestamp":"2025-09-27 15:05:07","level":"info","message":"Authentication Event","requestId":"4a99fedc-71f0-4e86-aef1-1f730eb136b4","action":"login_attempt","userId":null,"success":true,"ip":"::1","userAgent":"Mozilla/5.0 (Macintosh; Intel Mac OS X 10_15_7) AppleWebKit/605.1.15 (KHTML, like Gecko) Version/18.6 Safari/605.1.15","providedName":"漆修睿","hasPassword":true,"passwordLength":8}
{"timestamp":"2025-09-27 15:05:07","level":"info","message":"Database Operation","operation":"findOne","collection":"Student","query":{"name":"漆修睿"},"resultCount":0}
{"timestamp":"2025-09-27 15:05:07","level":"info","message":"User found for login","requestId":"4a99fedc-71f0-4e86-aef1-1f730eb136b4","userId":"6890c4b4e2e61a6f5e2f1fae","userName":"漆修睿","userGrade":"初三","userRole":"student","hasStoredPassword":true}
{"timestamp":"2025-09-27 15:05:07","level":"info","message":"Authentication Event","requestId":"4a99fedc-71f0-4e86-aef1-1f730eb136b4","action":"login_success","userId":"6890c4b4e2e61a6f5e2f1fae","success":true,"ip":"::1","userAgent":"Mozilla/5.0 (Macintosh; Intel Mac OS X 10_15_7) AppleWebKit/605.1.15 (KHTML, like Gecko) Version/18.6 Safari/605.1.15","userName":"漆修睿","userRole":"student","duration":"135ms"}
{"timestamp":"2025-09-27 15:05:07","level":"info","message":"HTTP Request","requestId":"4a99fedc-71f0-4e86-aef1-1f730eb136b4","method":"POST","url":"/api/auth/login","statusCode":200,"responseTime":166,"userAgent":"Mozilla/5.0 (Macintosh; Intel Mac OS X 10_15_7) AppleWebKit/605.1.15 (KHTML, like Gecko) Version/18.6 Safari/605.1.15","ip":"::1"}
{"timestamp":"2025-09-27 15:05:07","level":"info","message":"Incoming Request","requestId":"2306c9dd-aeef-4b88-b1a5-3ed6c08d06f2","method":"GET","url":"/api/students/6890c4b4e2e61a6f5e2f1fae/profile","userAgent":"Mozilla/5.0 (Macintosh; Intel Mac OS X 10_15_7) AppleWebKit/605.1.15 (KHTML, like Gecko) Version/18.6 Safari/605.1.15","ip":"::1"}
{"timestamp":"2025-09-27 15:05:07","level":"info","message":"Incoming Request","requestId":"5b0e1ecd-39e2-4c48-aecb-22124f469f88","method":"GET","url":"/api/students/6890c4b4e2e61a6f5e2f1fae/profile","userAgent":"Mozilla/5.0 (Macintosh; Intel Mac OS X 10_15_7) AppleWebKit/605.1.15 (KHTML, like Gecko) Version/18.6 Safari/605.1.15","ip":"::1"}
{"timestamp":"2025-09-27 15:05:07","level":"info","message":"HTTP Request","requestId":"2306c9dd-aeef-4b88-b1a5-3ed6c08d06f2","method":"GET","url":"/api/students/6890c4b4e2e61a6f5e2f1fae/profile","userId":"6890c4b4e2e61a6f5e2f1fae"}
{"timestamp":"2025-09-27 15:05:07","level":"info","message":"Database Operation","operation":"Finding student by ID","collection":"students","query":{"_id":"6890c4b4e2e61a6f5e2f1fae"},"resultCount":0}
{"timestamp":"2025-09-27 15:05:07","level":"info","message":"HTTP Request","requestId":"5b0e1ecd-39e2-4c48-aecb-22124f469f88","method":"GET","url":"/api/students/6890c4b4e2e61a6f5e2f1fae/profile","userId":"6890c4b4e2e61a6f5e2f1fae"}
{"timestamp":"2025-09-27 15:05:07","level":"info","message":"Database Operation","operation":"Finding student by ID","collection":"students","query":{"_id":"6890c4b4e2e61a6f5e2f1fae"},"resultCount":0}
{"timestamp":"2025-09-27 15:05:07","level":"info","message":"Incoming Request","requestId":"636d3b46-5f1e-464b-826d-a705b42a02dd","method":"GET","url":"/api/events","userAgent":"Mozilla/5.0 (Macintosh; Intel Mac OS X 10_15_7) AppleWebKit/605.1.15 (KHTML, like Gecko) Version/18.6 Safari/605.1.15","ip":"::1"}
{"timestamp":"2025-09-27 15:05:07","level":"info","message":"Database Operation","operation":"Finding completion records for student","collection":"completionRecords","query":{"name":"漆修睿"},"resultCount":0}
{"timestamp":"2025-09-27 15:05:07","level":"info","message":"Database Operation","operation":"Finding completion records for student","collection":"completionRecords","query":{"name":"漆修睿"},"resultCount":0}
{"timestamp":"2025-09-27 15:05:07","level":"info","message":"Incoming Request","requestId":"a5bae680-ce3c-4bb8-a147-bf52ba449d8d","method":"GET","url":"/api/events","userAgent":"Mozilla/5.0 (Macintosh; Intel Mac OS X 10_15_7) AppleWebKit/605.1.15 (KHTML, like Gecko) Version/18.6 Safari/605.1.15","ip":"::1"}
{"timestamp":"2025-09-27 15:05:07","level":"info","message":"Student profile retrieved successfully","requestId":"2306c9dd-aeef-4b88-b1a5-3ed6c08d06f2","studentId":"6890c4b4e2e61a6f5e2f1fae","studentName":"漆修睿","completionRecordsCount":5,"userId":"6890c4b4e2e61a6f5e2f1fae"}
{"timestamp":"2025-09-27 15:05:07","level":"info","message":"HTTP Request","requestId":"2306c9dd-aeef-4b88-b1a5-3ed6c08d06f2","method":"GET","url":"/api/students/6890c4b4e2e61a6f5e2f1fae/profile","statusCode":200,"responseTime":9,"userAgent":"Mozilla/5.0 (Macintosh; Intel Mac OS X 10_15_7) AppleWebKit/605.1.15 (KHTML, like Gecko) Version/18.6 Safari/605.1.15","ip":"::1"}
{"timestamp":"2025-09-27 15:05:07","level":"info","message":"Student profile retrieved successfully","requestId":"5b0e1ecd-39e2-4c48-aecb-22124f469f88","studentId":"6890c4b4e2e61a6f5e2f1fae","studentName":"漆修睿","completionRecordsCount":5,"userId":"6890c4b4e2e61a6f5e2f1fae"}
{"timestamp":"2025-09-27 15:05:07","level":"info","message":"HTTP Request","requestId":"5b0e1ecd-39e2-4c48-aecb-22124f469f88","method":"GET","url":"/api/students/6890c4b4e2e61a6f5e2f1fae/profile","statusCode":200,"responseTime":7,"userAgent":"Mozilla/5.0 (Macintosh; Intel Mac OS X 10_15_7) AppleWebKit/605.1.15 (KHTML, like Gecko) Version/18.6 Safari/605.1.15","ip":"::1"}
{"timestamp":"2025-09-27 15:05:07","level":"info","message":"HTTP Request","requestId":"636d3b46-5f1e-464b-826d-a705b42a02dd","method":"GET","url":"/api/events","userId":"6890c4b4e2e61a6f5e2f1fae"}
{"timestamp":"2025-09-27 15:05:07","level":"info","message":"Database Operation","operation":"Finding events with filter","collection":"events","query":{"filter":"[Complex Object]"},"resultCount":0}
{"timestamp":"2025-09-27 15:05:07","level":"info","message":"HTTP Request","requestId":"a5bae680-ce3c-4bb8-a147-bf52ba449d8d","method":"GET","url":"/api/events","userId":"6890c4b4e2e61a6f5e2f1fae"}
{"timestamp":"2025-09-27 15:05:07","level":"info","message":"Database Operation","operation":"Finding events with filter","collection":"events","query":{"filter":"[Complex Object]"},"resultCount":0}
{"timestamp":"2025-09-27 15:05:07","level":"info","message":"Events retrieved successfully","requestId":"636d3b46-5f1e-464b-826d-a705b42a02dd","count":4,"filter":{},"userId":"6890c4b4e2e61a6f5e2f1fae"}
{"timestamp":"2025-09-27 15:05:07","level":"info","message":"HTTP Request","requestId":"636d3b46-5f1e-464b-826d-a705b42a02dd","method":"GET","url":"/api/events","statusCode":200,"responseTime":11,"userAgent":"Mozilla/5.0 (Macintosh; Intel Mac OS X 10_15_7) AppleWebKit/605.1.15 (KHTML, like Gecko) Version/18.6 Safari/605.1.15","ip":"::1"}
{"timestamp":"2025-09-27 15:05:07","level":"info","message":"Events retrieved successfully","requestId":"a5bae680-ce3c-4bb8-a147-bf52ba449d8d","count":4,"filter":{},"userId":"6890c4b4e2e61a6f5e2f1fae"}
{"timestamp":"2025-09-27 15:05:07","level":"info","message":"HTTP Request","requestId":"a5bae680-ce3c-4bb8-a147-bf52ba449d8d","method":"GET","url":"/api/events","statusCode":200,"responseTime":11,"userAgent":"Mozilla/5.0 (Macintosh; Intel Mac OS X 10_15_7) AppleWebKit/605.1.15 (KHTML, like Gecko) Version/18.6 Safari/605.1.15","ip":"::1"}
{"timestamp":"2025-09-27 15:05:10","level":"info","message":"Incoming Request","requestId":"071790c2-b7e7-4771-9d02-de12f864a40b","method":"GET","url":"/api/registrations/my","userAgent":"Mozilla/5.0 (Macintosh; Intel Mac OS X 10_15_7) AppleWebKit/605.1.15 (KHTML, like Gecko) Version/18.6 Safari/605.1.15","ip":"::1"}
{"timestamp":"2025-09-27 15:05:10","level":"info","message":"HTTP Request","requestId":"071790c2-b7e7-4771-9d02-de12f864a40b","method":"GET","url":"/api/registrations/my","userId":"6890c4b4e2e61a6f5e2f1fae","query":{}}
{"timestamp":"2025-09-27 15:05:10","level":"info","message":"Database Operation","operation":"Getting user registrations","collection":"eventRegistrations","query":{"studentId":"[Complex Object]"},"resultCount":0}
{"timestamp":"2025-09-27 15:05:10","level":"info","message":"User registrations retrieved successfully","requestId":"071790c2-b7e7-4771-9d02-de12f864a40b","count":0,"userId":"6890c4b4e2e61a6f5e2f1fae"}
{"timestamp":"2025-09-27 15:05:10","level":"info","message":"HTTP Request","requestId":"071790c2-b7e7-4771-9d02-de12f864a40b","method":"GET","url":"/api/registrations/my","statusCode":304,"responseTime":4,"userAgent":"Mozilla/5.0 (Macintosh; Intel Mac OS X 10_15_7) AppleWebKit/605.1.15 (KHTML, like Gecko) Version/18.6 Safari/605.1.15","ip":"::1"}
{"timestamp":"2025-09-27 15:05:18","level":"info","message":"Incoming Request","requestId":"0211728f-fd93-4dfb-9e61-a26a9c379199","method":"GET","url":"/api/registrations/event/68c58d4782eaf0375a9df722/export","userAgent":"Mozilla/5.0 (Macintosh; Intel Mac OS X 10_15_7) AppleWebKit/537.36 (KHTML, like Gecko) Chrome/139.0.0.0 Safari/537.36","ip":"::1"}
{"timestamp":"2025-09-27 15:05:18","level":"info","message":"HTTP Request","requestId":"0211728f-fd93-4dfb-9e61-a26a9c379199","method":"GET","url":"/api/registrations/event/68c58d4782eaf0375a9df722/export","userId":"68bc5607993056c58ca916af","query":{}}
{"timestamp":"2025-09-27 15:05:18","level":"error","message":"Application Error Cannot read properties of undefined (reading 'toLocaleString')","requestId":"0211728f-fd93-4dfb-9e61-a26a9c379199","method":"GET","url":"/api/registrations/event/68c58d4782eaf0375a9df722/export","stack":"TypeError: Cannot read properties of undefined (reading 'toLocaleString')\n    at /Users/alex/dev/orienteering_quiz_app/backend/routes/registrations.js:1036:57\n    at Array.forEach (<anonymous>)\n    at /Users/alex/dev/orienteering_quiz_app/backend/routes/registrations.js:1024:19\n    at process.processTicksAndRejections (node:internal/process/task_queues:105:5)","userAgent":"Mozilla/5.0 (Macintosh; Intel Mac OS X 10_15_7) AppleWebKit/537.36 (KHTML, like Gecko) Chrome/139.0.0.0 Safari/537.36","ip":"::1"}
{"timestamp":"2025-09-27 15:05:18","level":"info","message":"HTTP Request","requestId":"0211728f-fd93-4dfb-9e61-a26a9c379199","method":"GET","url":"/api/registrations/event/68c58d4782eaf0375a9df722/export","statusCode":500,"responseTime":48,"userAgent":"Mozilla/5.0 (Macintosh; Intel Mac OS X 10_15_7) AppleWebKit/537.36 (KHTML, like Gecko) Chrome/139.0.0.0 Safari/537.36","ip":"::1"}
{"timestamp":"2025-09-27 15:05:29","level":"info","message":"Incoming Request","requestId":"f06b7971-adcc-470c-a848-3912b3819617","method":"GET","url":"/api/events/68c58d4782eaf0375a9df722","userAgent":"Mozilla/5.0 (Macintosh; Intel Mac OS X 10_15_7) AppleWebKit/537.36 (KHTML, like Gecko) Chrome/139.0.0.0 Safari/537.36","ip":"::1"}
{"timestamp":"2025-09-27 15:05:29","level":"info","message":"Incoming Request","requestId":"d99cba19-21cc-460b-8301-b8d52f2316be","method":"GET","url":"/api/registrations/event/68c58d4782eaf0375a9df722","userAgent":"Mozilla/5.0 (Macintosh; Intel Mac OS X 10_15_7) AppleWebKit/537.36 (KHTML, like Gecko) Chrome/139.0.0.0 Safari/537.36","ip":"::1"}
{"timestamp":"2025-09-27 15:05:29","level":"info","message":"HTTP Request","requestId":"f06b7971-adcc-470c-a848-3912b3819617","method":"GET","url":"/api/events/68c58d4782eaf0375a9df722","userId":"68bc5607993056c58ca916af"}
{"timestamp":"2025-09-27 15:05:29","level":"info","message":"Database Operation","operation":"Finding event by ID","collection":"events","query":{"_id":"68c58d4782eaf0375a9df722"},"resultCount":0}
{"timestamp":"2025-09-27 15:05:29","level":"info","message":"HTTP Request","requestId":"d99cba19-21cc-460b-8301-b8d52f2316be","method":"GET","url":"/api/registrations/event/68c58d4782eaf0375a9df722","userId":"68bc5607993056c58ca916af","query":{}}
{"timestamp":"2025-09-27 15:05:29","level":"info","message":"Event retrieved successfully","requestId":"f06b7971-adcc-470c-a848-3912b3819617","eventId":"68c58d4782eaf0375a9df722","eventName":"小马2025第21场会员活动-新造北约公园","userId":"68bc5607993056c58ca916af"}
{"timestamp":"2025-09-27 15:05:29","level":"info","message":"HTTP Request","requestId":"f06b7971-adcc-470c-a848-3912b3819617","method":"GET","url":"/api/events/68c58d4782eaf0375a9df722","statusCode":304,"responseTime":9,"userAgent":"Mozilla/5.0 (Macintosh; Intel Mac OS X 10_15_7) AppleWebKit/537.36 (KHTML, like Gecko) Chrome/139.0.0.0 Safari/537.36","ip":"::1"}
{"timestamp":"2025-09-27 15:05:29","level":"info","message":"Database Operation","operation":"Getting event registrations","collection":"eventRegistrations","query":{"eventId":"68c58d4782eaf0375a9df722"},"resultCount":0}
{"timestamp":"2025-09-27 15:05:29","level":"info","message":"Incoming Request","requestId":"7763ceee-c48a-458e-b28a-040160778545","method":"GET","url":"/api/events/68c58d4782eaf0375a9df722","userAgent":"Mozilla/5.0 (Macintosh; Intel Mac OS X 10_15_7) AppleWebKit/537.36 (KHTML, like Gecko) Chrome/139.0.0.0 Safari/537.36","ip":"::1"}
{"timestamp":"2025-09-27 15:05:29","level":"info","message":"Event registrations retrieved successfully","requestId":"d99cba19-21cc-460b-8301-b8d52f2316be","eventId":"68c58d4782eaf0375a9df722","count":0,"stats":{"total":0,"pending":0,"confirmed":0,"cancelled":0,"byGameType":{"短距离":0,"接力赛":0,"团队赛":0}},"userId":"68bc5607993056c58ca916af"}
{"timestamp":"2025-09-27 15:05:29","level":"info","message":"HTTP Request","requestId":"d99cba19-21cc-460b-8301-b8d52f2316be","method":"GET","url":"/api/registrations/event/68c58d4782eaf0375a9df722","statusCode":200,"responseTime":15,"userAgent":"Mozilla/5.0 (Macintosh; Intel Mac OS X 10_15_7) AppleWebKit/537.36 (KHTML, like Gecko) Chrome/139.0.0.0 Safari/537.36","ip":"::1"}
{"timestamp":"2025-09-27 15:05:29","level":"info","message":"HTTP Request","requestId":"7763ceee-c48a-458e-b28a-040160778545","method":"GET","url":"/api/events/68c58d4782eaf0375a9df722","userId":"68bc5607993056c58ca916af"}
{"timestamp":"2025-09-27 15:05:29","level":"info","message":"Database Operation","operation":"Finding event by ID","collection":"events","query":{"_id":"68c58d4782eaf0375a9df722"},"resultCount":0}
{"timestamp":"2025-09-27 15:05:29","level":"info","message":"Incoming Request","requestId":"2840966e-73e3-4059-91d9-ed8f38b4c8a9","method":"GET","url":"/api/registrations/event/68c58d4782eaf0375a9df722","userAgent":"Mozilla/5.0 (Macintosh; Intel Mac OS X 10_15_7) AppleWebKit/537.36 (KHTML, like Gecko) Chrome/139.0.0.0 Safari/537.36","ip":"::1"}
{"timestamp":"2025-09-27 15:05:29","level":"info","message":"Event retrieved successfully","requestId":"7763ceee-c48a-458e-b28a-040160778545","eventId":"68c58d4782eaf0375a9df722","eventName":"小马2025第21场会员活动-新造北约公园","userId":"68bc5607993056c58ca916af"}
{"timestamp":"2025-09-27 15:05:29","level":"info","message":"HTTP Request","requestId":"7763ceee-c48a-458e-b28a-040160778545","method":"GET","url":"/api/events/68c58d4782eaf0375a9df722","statusCode":304,"responseTime":14,"userAgent":"Mozilla/5.0 (Macintosh; Intel Mac OS X 10_15_7) AppleWebKit/537.36 (KHTML, like Gecko) Chrome/139.0.0.0 Safari/537.36","ip":"::1"}
{"timestamp":"2025-09-27 15:05:29","level":"info","message":"HTTP Request","requestId":"2840966e-73e3-4059-91d9-ed8f38b4c8a9","method":"GET","url":"/api/registrations/event/68c58d4782eaf0375a9df722","userId":"68bc5607993056c58ca916af","query":{}}
{"timestamp":"2025-09-27 15:05:29","level":"info","message":"Database Operation","operation":"Getting event registrations","collection":"eventRegistrations","query":{"eventId":"68c58d4782eaf0375a9df722"},"resultCount":0}
