{"timestamp":"2025-09-27 15:27:05","level":"info","message":"HTTP Request","requestId":"983729e5-602e-4341-bfb5-65f4d34a31da","method":"GET","url":"/api/events/68c58d4782eaf0375a9df722","statusCode":304,"responseTime":8,"userAgent":"Mozilla/5.0 (Macintosh; Intel Mac OS X 10_15_7) AppleWebKit/537.36 (KHTML, like Gecko) Chrome/139.0.0.0 Safari/537.36","ip":"::1"}
{"timestamp":"2025-09-27 15:27:05","level":"info","message":"Profile request","requestId":"68a1c08c-5886-427a-9b5d-22175f1410ec","userId":"6890c4b4e2e61a6f5e2f1fb1"}
{"timestamp":"2025-09-27 15:27:05","level":"info","message":"Profile retrieved successfully","requestId":"68a1c08c-5886-427a-9b5d-22175f1410ec","userId":"6890c4b4e2e61a6f5e2f1fb1","userName":"谢宇涛"}
{"timestamp":"2025-09-27 15:27:05","level":"info","message":"HTTP Request","requestId":"68a1c08c-5886-427a-9b5d-22175f1410ec","method":"GET","url":"/api/auth/profile","statusCode":304,"responseTime":6,"userAgent":"Mozilla/5.0 (Macintosh; Intel Mac OS X 10_15_7) AppleWebKit/537.36 (KHTML, like Gecko) Chrome/139.0.0.0 Safari/537.36","ip":"::1"}
{"timestamp":"2025-09-27 15:27:05","level":"info","message":"Incoming Request","requestId":"5c8d427a-2c5d-4d12-b531-e9c495d64143","method":"GET","url":"/api/events/68c58d4782eaf0375a9df722","userAgent":"Mozilla/5.0 (Macintosh; Intel Mac OS X 10_15_7) AppleWebKit/537.36 (KHTML, like Gecko) Chrome/139.0.0.0 Safari/537.36","ip":"::1"}
{"timestamp":"2025-09-27 15:27:05","level":"info","message":"Incoming Request","requestId":"40e2bd4b-0a81-4f12-bf9f-f40e23efbf11","method":"GET","url":"/api/auth/profile","userAgent":"Mozilla/5.0 (Macintosh; Intel Mac OS X 10_15_7) AppleWebKit/537.36 (KHTML, like Gecko) Chrome/139.0.0.0 Safari/537.36","ip":"::1"}
{"timestamp":"2025-09-27 15:27:05","level":"info","message":"HTTP Request","requestId":"5c8d427a-2c5d-4d12-b531-e9c495d64143","method":"GET","url":"/api/events/68c58d4782eaf0375a9df722","userId":"6890c4b4e2e61a6f5e2f1fb1"}
{"timestamp":"2025-09-27 15:27:05","level":"info","message":"Database Operation","operation":"Finding event by ID","collection":"events","query":{"_id":"68c58d4782eaf0375a9df722"},"resultCount":0}
{"timestamp":"2025-09-27 15:27:05","level":"info","message":"Profile request","requestId":"40e2bd4b-0a81-4f12-bf9f-f40e23efbf11","userId":"6890c4b4e2e61a6f5e2f1fb1"}
{"timestamp":"2025-09-27 15:27:05","level":"info","message":"Incoming Request","requestId":"ca7f71ce-bbda-4023-acbc-19ab357021cd","method":"GET","url":"/api/registrations/my","userAgent":"Mozilla/5.0 (Macintosh; Intel Mac OS X 10_15_7) AppleWebKit/537.36 (KHTML, like Gecko) Chrome/139.0.0.0 Safari/537.36","ip":"::1"}
{"timestamp":"2025-09-27 15:27:05","level":"info","message":"Profile retrieved successfully","requestId":"40e2bd4b-0a81-4f12-bf9f-f40e23efbf11","userId":"6890c4b4e2e61a6f5e2f1fb1","userName":"谢宇涛"}
{"timestamp":"2025-09-27 15:27:05","level":"info","message":"HTTP Request","requestId":"40e2bd4b-0a81-4f12-bf9f-f40e23efbf11","method":"GET","url":"/api/auth/profile","statusCode":304,"responseTime":6,"userAgent":"Mozilla/5.0 (Macintosh; Intel Mac OS X 10_15_7) AppleWebKit/537.36 (KHTML, like Gecko) Chrome/139.0.0.0 Safari/537.36","ip":"::1"}
{"timestamp":"2025-09-27 15:27:05","level":"info","message":"Event retrieved successfully","requestId":"5c8d427a-2c5d-4d12-b531-e9c495d64143","eventId":"68c58d4782eaf0375a9df722","eventName":"小马2025第21场会员活动-新造北约公园","userId":"6890c4b4e2e61a6f5e2f1fb1"}
{"timestamp":"2025-09-27 15:27:05","level":"info","message":"HTTP Request","requestId":"5c8d427a-2c5d-4d12-b531-e9c495d64143","method":"GET","url":"/api/events/68c58d4782eaf0375a9df722","statusCode":304,"responseTime":11,"userAgent":"Mozilla/5.0 (Macintosh; Intel Mac OS X 10_15_7) AppleWebKit/537.36 (KHTML, like Gecko) Chrome/139.0.0.0 Safari/537.36","ip":"::1"}
{"timestamp":"2025-09-27 15:27:05","level":"info","message":"HTTP Request","requestId":"ca7f71ce-bbda-4023-acbc-19ab357021cd","method":"GET","url":"/api/registrations/my","userId":"6890c4b4e2e61a6f5e2f1fb1","query":{}}
{"timestamp":"2025-09-27 15:27:05","level":"info","message":"Database Operation","operation":"Getting user registrations","collection":"eventRegistrations","query":{"studentId":"[Complex Object]"},"resultCount":0}
{"timestamp":"2025-09-27 15:27:05","level":"info","message":"User registrations retrieved successfully","requestId":"ca7f71ce-bbda-4023-acbc-19ab357021cd","count":0,"userId":"6890c4b4e2e61a6f5e2f1fb1"}
{"timestamp":"2025-09-27 15:27:05","level":"info","message":"HTTP Request","requestId":"ca7f71ce-bbda-4023-acbc-19ab357021cd","method":"GET","url":"/api/registrations/my","statusCode":304,"responseTime":10,"userAgent":"Mozilla/5.0 (Macintosh; Intel Mac OS X 10_15_7) AppleWebKit/537.36 (KHTML, like Gecko) Chrome/139.0.0.0 Safari/537.36","ip":"::1"}
{"timestamp":"2025-09-27 15:27:05","level":"info","message":"Incoming Request","requestId":"a3fe8b08-256f-4687-ab40-7f44dad997dc","method":"GET","url":"/api/registrations/my","userAgent":"Mozilla/5.0 (Macintosh; Intel Mac OS X 10_15_7) AppleWebKit/537.36 (KHTML, like Gecko) Chrome/139.0.0.0 Safari/537.36","ip":"::1"}
{"timestamp":"2025-09-27 15:27:05","level":"info","message":"HTTP Request","requestId":"a3fe8b08-256f-4687-ab40-7f44dad997dc","method":"GET","url":"/api/registrations/my","userId":"6890c4b4e2e61a6f5e2f1fb1","query":{}}
{"timestamp":"2025-09-27 15:27:05","level":"info","message":"Database Operation","operation":"Getting user registrations","collection":"eventRegistrations","query":{"studentId":"[Complex Object]"},"resultCount":0}
{"timestamp":"2025-09-27 15:27:05","level":"info","message":"User registrations retrieved successfully","requestId":"a3fe8b08-256f-4687-ab40-7f44dad997dc","count":0,"userId":"6890c4b4e2e61a6f5e2f1fb1"}
{"timestamp":"2025-09-27 15:27:05","level":"info","message":"HTTP Request","requestId":"a3fe8b08-256f-4687-ab40-7f44dad997dc","method":"GET","url":"/api/registrations/my","statusCode":304,"responseTime":5,"userAgent":"Mozilla/5.0 (Macintosh; Intel Mac OS X 10_15_7) AppleWebKit/537.36 (KHTML, like Gecko) Chrome/139.0.0.0 Safari/537.36","ip":"::1"}
{"timestamp":"2025-09-27 15:27:17","level":"info","message":"Incoming Request","requestId":"447d538f-ec58-4b8d-8a68-f0d4463eb9cf","method":"GET","url":"/api/students/search?name=sb&limit=10&eventId=68c58d4782eaf0375a9df722","userAgent":"Mozilla/5.0 (Macintosh; Intel Mac OS X 10_15_7) AppleWebKit/537.36 (KHTML, like Gecko) Chrome/139.0.0.0 Safari/537.36","ip":"::1"}
{"timestamp":"2025-09-27 15:27:17","level":"info","message":"Student search with team status completed for term: sb, found 0 results"}
{"timestamp":"2025-09-27 15:27:17","level":"info","message":"HTTP Request","requestId":"447d538f-ec58-4b8d-8a68-f0d4463eb9cf","method":"GET","url":"/api/students/search?name=sb&limit=10&eventId=68c58d4782eaf0375a9df722","statusCode":304,"responseTime":17,"userAgent":"Mozilla/5.0 (Macintosh; Intel Mac OS X 10_15_7) AppleWebKit/537.36 (KHTML, like Gecko) Chrome/139.0.0.0 Safari/537.36","ip":"::1"}
{"timestamp":"2025-09-27 15:27:17","level":"info","message":"Incoming Request","requestId":"d4000a86-1105-403e-9b8e-8bd4a2697fcc","method":"GET","url":"/api/students/search?name=%E6%9D%8E&limit=10&eventId=68c58d4782eaf0375a9df722","userAgent":"Mozilla/5.0 (Macintosh; Intel Mac OS X 10_15_7) AppleWebKit/537.36 (KHTML, like Gecko) Chrome/139.0.0.0 Safari/537.36","ip":"::1"}
{"timestamp":"2025-09-27 15:27:17","level":"info","message":"Student search with team status completed for term: 李, found 3 results"}
{"timestamp":"2025-09-27 15:27:17","level":"info","message":"HTTP Request","requestId":"d4000a86-1105-403e-9b8e-8bd4a2697fcc","method":"GET","url":"/api/students/search?name=%E6%9D%8E&limit=10&eventId=68c58d4782eaf0375a9df722","statusCode":200,"responseTime":8,"userAgent":"Mozilla/5.0 (Macintosh; Intel Mac OS X 10_15_7) AppleWebKit/537.36 (KHTML, like Gecko) Chrome/139.0.0.0 Safari/537.36","ip":"::1"}
{"timestamp":"2025-09-27 15:27:20","level":"info","message":"Incoming Request","requestId":"a7e05fdf-2d18-460e-b06d-788d34919597","method":"GET","url":"/api/students/search?name=sb&limit=10&eventId=68c58d4782eaf0375a9df722","userAgent":"Mozilla/5.0 (Macintosh; Intel Mac OS X 10_15_7) AppleWebKit/537.36 (KHTML, like Gecko) Chrome/139.0.0.0 Safari/537.36","ip":"::1"}
{"timestamp":"2025-09-27 15:27:20","level":"info","message":"Student search with team status completed for term: sb, found 0 results"}
{"timestamp":"2025-09-27 15:27:20","level":"info","message":"HTTP Request","requestId":"a7e05fdf-2d18-460e-b06d-788d34919597","method":"GET","url":"/api/students/search?name=sb&limit=10&eventId=68c58d4782eaf0375a9df722","statusCode":304,"responseTime":5,"userAgent":"Mozilla/5.0 (Macintosh; Intel Mac OS X 10_15_7) AppleWebKit/537.36 (KHTML, like Gecko) Chrome/139.0.0.0 Safari/537.36","ip":"::1"}
{"timestamp":"2025-09-27 15:27:20","level":"info","message":"Incoming Request","requestId":"07aba781-9fe8-4c4e-9019-f344e5765040","method":"GET","url":"/api/students/search?name=%E6%9D%8E&limit=10&eventId=68c58d4782eaf0375a9df722","userAgent":"Mozilla/5.0 (Macintosh; Intel Mac OS X 10_15_7) AppleWebKit/537.36 (KHTML, like Gecko) Chrome/139.0.0.0 Safari/537.36","ip":"::1"}
{"timestamp":"2025-09-27 15:27:20","level":"info","message":"Student search with team status completed for term: 李, found 3 results"}
{"timestamp":"2025-09-27 15:27:20","level":"info","message":"HTTP Request","requestId":"07aba781-9fe8-4c4e-9019-f344e5765040","method":"GET","url":"/api/students/search?name=%E6%9D%8E&limit=10&eventId=68c58d4782eaf0375a9df722","statusCode":304,"responseTime":8,"userAgent":"Mozilla/5.0 (Macintosh; Intel Mac OS X 10_15_7) AppleWebKit/537.36 (KHTML, like Gecko) Chrome/139.0.0.0 Safari/537.36","ip":"::1"}
{"timestamp":"2025-09-27 15:27:28","level":"info","message":"Incoming Request","requestId":"fae6d050-fc34-4c2c-8c74-4172832ccc14","method":"POST","url":"/api/registrations","userAgent":"Mozilla/5.0 (Macintosh; Intel Mac OS X 10_15_7) AppleWebKit/537.36 (KHTML, like Gecko) Chrome/139.0.0.0 Safari/537.36","ip":"::1"}
{"timestamp":"2025-09-27 15:27:28","level":"info","message":"HTTP Request","requestId":"fae6d050-fc34-4c2c-8c74-4172832ccc14","method":"POST","url":"/api/registrations","userId":"6890c4b4e2e61a6f5e2f1fb1","body":{"eventId":"68c58d4782eaf0375a9df722","gameTypes":[{"name":"短距离","group":"小黑马"},{"name":"接力赛","group":"小黑马","team":{"name":"接力赛队伍","members":[{"_id":"6890c4b4e2e61a6f5e2f1fb1","runOrder":1},{"_id":"6890c4b4e2e61a6f5e2f1fa4","runOrder":2},{"_id":"6890c4b4e2e61a6f5e2f1fb3","runOrder":3}]}}]}}
{"timestamp":"2025-09-27 15:27:28","level":"info","message":"Generated invite codes for game types","requestId":"fae6d050-fc34-4c2c-8c74-4172832ccc14","registrationId":"68d791e0dcbdb8bda60a1f35","inviteCodes":[{"gameType":"接力赛","inviteCode":"ghj648301"}]}
{"timestamp":"2025-09-27 15:27:28","level":"info","message":"Team member auto-registration completed","requestId":"fae6d050-fc34-4c2c-8c74-4172832ccc14","mainRegistrationId":"68d791e0dcbdb8bda60a1f35","teamResults":{"created":2,"updated":0,"errors":0},"details":{"created":[{"studentId":"6890c4b4e2e61a6f5e2f1fa4","studentName":"李梓瑜","registrationId":"68d791e0dcbdb8bda60a1f3b"},{"studentId":"6890c4b4e2e61a6f5e2f1fb3","studentName":"李潍旭","registrationId":"68d791e0dcbdb8bda60a1f40"}],"updated":[],"errors":[]}}
{"timestamp":"2025-09-27 15:27:28","level":"info","message":"Event registration created successfully","requestId":"fae6d050-fc34-4c2c-8c74-4172832ccc14","registrationId":"68d791e0dcbdb8bda60a1f35","eventId":"68c58d4782eaf0375a9df722","studentId":"6890c4b4e2e61a6f5e2f1fb1","gameTypes":[{"name":"短距离","group":"小黑马"},{"name":"接力赛","group":"小黑马","team":{"name":"接力赛队伍","members":[{"_id":"6890c4b4e2e61a6f5e2f1fb1","runOrder":1},{"_id":"6890c4b4e2e61a6f5e2f1fa4","runOrder":2},{"_id":"6890c4b4e2e61a6f5e2f1fb3","runOrder":3}]},"inviteCode":"ghj648301"}],"inviteCodes":[{"gameType":"接力赛","inviteCode":"ghj648301"}]}
{"timestamp":"2025-09-27 15:27:28","level":"info","message":"HTTP Request","requestId":"fae6d050-fc34-4c2c-8c74-4172832ccc14","method":"POST","url":"/api/registrations","statusCode":201,"responseTime":45,"userAgent":"Mozilla/5.0 (Macintosh; Intel Mac OS X 10_15_7) AppleWebKit/537.36 (KHTML, like Gecko) Chrome/139.0.0.0 Safari/537.36","ip":"::1"}
{"timestamp":"2025-09-27 15:27:28","level":"info","message":"Incoming Request","requestId":"582fb590-1d40-4b9c-9687-241297b80ac8","method":"GET","url":"/api/events/open","userAgent":"Mozilla/5.0 (Macintosh; Intel Mac OS X 10_15_7) AppleWebKit/537.36 (KHTML, like Gecko) Chrome/139.0.0.0 Safari/537.36","ip":"::1"}
{"timestamp":"2025-09-27 15:27:28","level":"info","message":"Incoming Request","requestId":"c44ec68e-c1df-435b-9125-135999cded2b","method":"GET","url":"/api/registrations/my","userAgent":"Mozilla/5.0 (Macintosh; Intel Mac OS X 10_15_7) AppleWebKit/537.36 (KHTML, like Gecko) Chrome/139.0.0.0 Safari/537.36","ip":"::1"}
{"timestamp":"2025-09-27 15:27:28","level":"info","message":"HTTP Request","requestId":"582fb590-1d40-4b9c-9687-241297b80ac8","method":"GET","url":"/api/events/open","userId":"6890c4b4e2e61a6f5e2f1fb1"}
{"timestamp":"2025-09-27 15:27:28","level":"info","message":"Database Operation","operation":"Finding open registration events","collection":"events","query":{"filter":"[Complex Object]"},"resultCount":0}
{"timestamp":"2025-09-27 15:27:28","level":"info","message":"HTTP Request","requestId":"c44ec68e-c1df-435b-9125-135999cded2b","method":"GET","url":"/api/registrations/my","userId":"6890c4b4e2e61a6f5e2f1fb1","query":{}}
{"timestamp":"2025-09-27 15:27:28","level":"info","message":"Database Operation","operation":"Getting user registrations","collection":"eventRegistrations","query":{"studentId":"[Complex Object]"},"resultCount":0}
{"timestamp":"2025-09-27 15:27:28","level":"info","message":"Open registration events retrieved successfully","requestId":"582fb590-1d40-4b9c-9687-241297b80ac8","count":1,"filter":{"openRegistration":true,"endDate":{"$gte":"2025-09-27T07:27:28.635Z"}}}
{"timestamp":"2025-09-27 15:27:28","level":"info","message":"HTTP Request","requestId":"582fb590-1d40-4b9c-9687-241297b80ac8","method":"GET","url":"/api/events/open","statusCode":304,"responseTime":12,"userAgent":"Mozilla/5.0 (Macintosh; Intel Mac OS X 10_15_7) AppleWebKit/537.36 (KHTML, like Gecko) Chrome/139.0.0.0 Safari/537.36","ip":"::1"}
{"timestamp":"2025-09-27 15:27:28","level":"info","message":"Incoming Request","requestId":"c6fed32e-8628-4ad4-b1bb-fbccb3ddcc23","method":"GET","url":"/api/events/open","userAgent":"Mozilla/5.0 (Macintosh; Intel Mac OS X 10_15_7) AppleWebKit/537.36 (KHTML, like Gecko) Chrome/139.0.0.0 Safari/537.36","ip":"::1"}
{"timestamp":"2025-09-27 15:27:28","level":"info","message":"HTTP Request","requestId":"c6fed32e-8628-4ad4-b1bb-fbccb3ddcc23","method":"GET","url":"/api/events/open","userId":"6890c4b4e2e61a6f5e2f1fb1"}
{"timestamp":"2025-09-27 15:27:28","level":"info","message":"Database Operation","operation":"Finding open registration events","collection":"events","query":{"filter":"[Complex Object]"},"resultCount":0}
{"timestamp":"2025-09-27 15:27:28","level":"info","message":"Open registration events retrieved successfully","requestId":"c6fed32e-8628-4ad4-b1bb-fbccb3ddcc23","count":1,"filter":{"openRegistration":true,"endDate":{"$gte":"2025-09-27T07:27:28.647Z"}}}
{"timestamp":"2025-09-27 15:27:28","level":"info","message":"HTTP Request","requestId":"c6fed32e-8628-4ad4-b1bb-fbccb3ddcc23","method":"GET","url":"/api/events/open","statusCode":304,"responseTime":4,"userAgent":"Mozilla/5.0 (Macintosh; Intel Mac OS X 10_15_7) AppleWebKit/537.36 (KHTML, like Gecko) Chrome/139.0.0.0 Safari/537.36","ip":"::1"}
{"timestamp":"2025-09-27 15:27:28","level":"info","message":"User registrations retrieved successfully","requestId":"c44ec68e-c1df-435b-9125-135999cded2b","count":1,"userId":"6890c4b4e2e61a6f5e2f1fb1"}
{"timestamp":"2025-09-27 15:27:28","level":"info","message":"HTTP Request","requestId":"c44ec68e-c1df-435b-9125-135999cded2b","method":"GET","url":"/api/registrations/my","statusCode":200,"responseTime":19,"userAgent":"Mozilla/5.0 (Macintosh; Intel Mac OS X 10_15_7) AppleWebKit/537.36 (KHTML, like Gecko) Chrome/139.0.0.0 Safari/537.36","ip":"::1"}
{"timestamp":"2025-09-27 15:27:28","level":"info","message":"Incoming Request","requestId":"5cdc271a-bf02-4369-bc4e-fd038042defa","method":"GET","url":"/api/registrations/my","userAgent":"Mozilla/5.0 (Macintosh; Intel Mac OS X 10_15_7) AppleWebKit/537.36 (KHTML, like Gecko) Chrome/139.0.0.0 Safari/537.36","ip":"::1"}
{"timestamp":"2025-09-27 15:27:28","level":"info","message":"HTTP Request","requestId":"5cdc271a-bf02-4369-bc4e-fd038042defa","method":"GET","url":"/api/registrations/my","userId":"6890c4b4e2e61a6f5e2f1fb1","query":{}}
{"timestamp":"2025-09-27 15:27:28","level":"info","message":"Database Operation","operation":"Getting user registrations","collection":"eventRegistrations","query":{"studentId":"[Complex Object]"},"resultCount":0}
{"timestamp":"2025-09-27 15:27:28","level":"info","message":"User registrations retrieved successfully","requestId":"5cdc271a-bf02-4369-bc4e-fd038042defa","count":1,"userId":"6890c4b4e2e61a6f5e2f1fb1"}
{"timestamp":"2025-09-27 15:27:28","level":"info","message":"HTTP Request","requestId":"5cdc271a-bf02-4369-bc4e-fd038042defa","method":"GET","url":"/api/registrations/my","statusCode":304,"responseTime":7,"userAgent":"Mozilla/5.0 (Macintosh; Intel Mac OS X 10_15_7) AppleWebKit/537.36 (KHTML, like Gecko) Chrome/139.0.0.0 Safari/537.36","ip":"::1"}
{"timestamp":"2025-09-27 15:45:30","level":"info","message":"Server started successfully","port":"5001","environment":"development","swaggerDocs":"http://localhost:5001/api-docs"}
{"timestamp":"2025-09-27 15:45:30","level":"info","message":"MongoDB connected successfully","database":"orienteeringx"}
{"timestamp":"2025-09-27 15:57:24","level":"info","message":"Incoming Request","requestId":"6878d1f8-68c8-43ca-9db4-a32fa5c3b014","method":"POST","url":"/api/registrations","userAgent":"axios/1.11.0","ip":"::1"}
{"timestamp":"2025-09-27 15:57:24","level":"info","message":"HTTP Request","requestId":"6878d1f8-68c8-43ca-9db4-a32fa5c3b014","method":"POST","url":"/api/registrations","userId":"6890c4b4e2e61a6f5e2f1fb1","body":{"eventId":"68c58d4782eaf0375a9df722","gameTypes":[{"name":"短距离","group":"小黑马"},{"name":"接力赛","group":"小黑马","team":{"name":"接力赛队伍","members":[{"_id":"6890c4b4e2e61a6f5e2f1fb1","runOrder":1},{"_id":"6890c4b4e2e61a6f5e2f1fa4","runOrder":2},{"_id":"6890c4b4e2e61a6f5e2f1fb3","runOrder":3}]}}]}}
{"timestamp":"2025-09-27 15:57:24","level":"error","message":"Application Error targetRegistration is not defined","requestId":"6878d1f8-68c8-43ca-9db4-a32fa5c3b014","method":"POST","url":"/api/registrations","stack":"ReferenceError: targetRegistration is not defined\n    at /Users/alex/dev/orienteering_quiz_app/backend/routes/registrations.js:157:30\n    at process.processTicksAndRejections (node:internal/process/task_queues:105:5)","userAgent":"axios/1.11.0","ip":"::1"}
{"timestamp":"2025-09-27 15:57:24","level":"info","message":"HTTP Request","requestId":"6878d1f8-68c8-43ca-9db4-a32fa5c3b014","method":"POST","url":"/api/registrations","statusCode":500,"responseTime":42,"userAgent":"axios/1.11.0","ip":"::1"}
{"timestamp":"2025-09-27 15:57:59","level":"info","message":"Incoming Request","requestId":"5838ef6f-4822-42b7-854d-fa4c6dcc63eb","method":"POST","url":"/api/registrations","userAgent":"axios/1.11.0","ip":"::1"}
{"timestamp":"2025-09-27 15:57:59","level":"info","message":"HTTP Request","requestId":"5838ef6f-4822-42b7-854d-fa4c6dcc63eb","method":"POST","url":"/api/registrations","userId":"6890c4b4e2e61a6f5e2f1fb1","body":{"eventId":"68c58d4782eaf0375a9df722","gameTypes":[{"name":"短距离","group":"小黑马"},{"name":"接力赛","group":"小黑马","team":{"name":"接力赛队伍","members":[{"_id":"6890c4b4e2e61a6f5e2f1fb1","runOrder":1},{"_id":"6890c4b4e2e61a6f5e2f1fa4","runOrder":2},{"_id":"6890c4b4e2e61a6f5e2f1fb3","runOrder":3}]}}]}}
{"timestamp":"2025-09-27 15:57:59","level":"error","message":"Application Error targetRegistration is not defined","requestId":"5838ef6f-4822-42b7-854d-fa4c6dcc63eb","method":"POST","url":"/api/registrations","stack":"ReferenceError: targetRegistration is not defined\n    at /Users/alex/dev/orienteering_quiz_app/backend/routes/registrations.js:157:30\n    at process.processTicksAndRejections (node:internal/process/task_queues:105:5)","userAgent":"axios/1.11.0","ip":"::1"}
{"timestamp":"2025-09-27 15:57:59","level":"info","message":"HTTP Request","requestId":"5838ef6f-4822-42b7-854d-fa4c6dcc63eb","method":"POST","url":"/api/registrations","statusCode":500,"responseTime":11,"userAgent":"axios/1.11.0","ip":"::1"}
{"timestamp":"2025-09-27 16:04:43","level":"info","message":"Incoming Request","requestId":"4c055094-1b16-48d4-a525-7184b10e49eb","method":"POST","url":"/api/registrations","userAgent":"axios/1.11.0","ip":"::1"}
{"timestamp":"2025-09-27 16:04:43","level":"info","message":"HTTP Request","requestId":"4c055094-1b16-48d4-a525-7184b10e49eb","method":"POST","url":"/api/registrations","userId":"6890c4b4e2e61a6f5e2f1fb1","body":{"eventId":"68c58d4782eaf0375a9df722","gameTypes":[{"name":"短距离","group":"小黑马"},{"name":"接力赛","group":"小黑马","team":{"name":"接力赛队伍","members":[{"_id":"6890c4b4e2e61a6f5e2f1fb1","runOrder":1},{"_id":"6890c4b4e2e61a6f5e2f1fa4","runOrder":2},{"_id":"6890c4b4e2e61a6f5e2f1fb3","runOrder":3}]}}]}}
{"timestamp":"2025-09-27 16:04:43","level":"error","message":"Application Error targetRegistration is not defined","requestId":"4c055094-1b16-48d4-a525-7184b10e49eb","method":"POST","url":"/api/registrations","stack":"ReferenceError: targetRegistration is not defined\n    at /Users/alex/dev/orienteering_quiz_app/backend/routes/registrations.js:157:30\n    at process.processTicksAndRejections (node:internal/process/task_queues:105:5)","userAgent":"axios/1.11.0","ip":"::1"}
{"timestamp":"2025-09-27 16:04:43","level":"info","message":"HTTP Request","requestId":"4c055094-1b16-48d4-a525-7184b10e49eb","method":"POST","url":"/api/registrations","statusCode":500,"responseTime":11,"userAgent":"axios/1.11.0","ip":"::1"}
{"timestamp":"2025-09-27 16:05:48","level":"info","message":"Server started successfully","port":"5001","environment":"development","swaggerDocs":"http://localhost:5001/api-docs"}
{"timestamp":"2025-09-27 16:05:48","level":"info","message":"MongoDB connected successfully","database":"orienteeringx"}
{"timestamp":"2025-09-27 16:05:56","level":"info","message":"Incoming Request","requestId":"1e54dd20-7def-4f5e-bd76-bd11cc0cf431","method":"POST","url":"/api/registrations","userAgent":"axios/1.11.0","ip":"::1"}
{"timestamp":"2025-09-27 16:05:56","level":"info","message":"HTTP Request","requestId":"1e54dd20-7def-4f5e-bd76-bd11cc0cf431","method":"POST","url":"/api/registrations","userId":"6890c4b4e2e61a6f5e2f1fb1","body":{"eventId":"68c58d4782eaf0375a9df722","gameTypes":[{"name":"短距离","group":"小黑马"},{"name":"接力赛","group":"小黑马","team":{"name":"接力赛队伍","members":[{"_id":"6890c4b4e2e61a6f5e2f1fb1","runOrder":1},{"_id":"6890c4b4e2e61a6f5e2f1fa4","runOrder":2},{"_id":"6890c4b4e2e61a6f5e2f1fb3","runOrder":3}]}}]}}
{"timestamp":"2025-09-27 16:05:56","level":"info","message":"HTTP Request","requestId":"1e54dd20-7def-4f5e-bd76-bd11cc0cf431","method":"POST","url":"/api/registrations","statusCode":409,"responseTime":27,"userAgent":"axios/1.11.0","ip":"::1"}
{"timestamp":"2025-09-27 16:06:42","level":"info","message":"Incoming Request","requestId":"3a8c1d62-5e5c-4d83-9108-2488d68882ce","method":"POST","url":"/api/registrations","userAgent":"axios/1.11.0","ip":"::1"}
{"timestamp":"2025-09-27 16:06:42","level":"info","message":"HTTP Request","requestId":"3a8c1d62-5e5c-4d83-9108-2488d68882ce","method":"POST","url":"/api/registrations","userId":"6890c4b4e2e61a6f5e2f1fb1","body":{"eventId":"68c58d4782eaf0375a9df722","gameTypes":[{"name":"短距离","group":"小黑马"},{"name":"接力赛","group":"小黑马","team":{"name":"接力赛队伍","members":[{"_id":"6890c4b4e2e61a6f5e2f1fb1","runOrder":1},{"_id":"6890c4b4e2e61a6f5e2f1fa4","runOrder":2},{"_id":"6890c4b4e2e61a6f5e2f1fb3","runOrder":3}]}}]}}
{"timestamp":"2025-09-27 16:06:42","level":"info","message":"HTTP Request","requestId":"3a8c1d62-5e5c-4d83-9108-2488d68882ce","method":"POST","url":"/api/registrations","statusCode":409,"responseTime":16,"userAgent":"axios/1.11.0","ip":"::1"}
{"timestamp":"2025-09-27 16:07:00","level":"info","message":"Server started successfully","port":"5001","environment":"development","swaggerDocs":"http://localhost:5001/api-docs"}
{"timestamp":"2025-09-27 16:07:00","level":"info","message":"MongoDB connected successfully","database":"orienteeringx"}
{"timestamp":"2025-09-27 16:07:07","level":"info","message":"Incoming Request","requestId":"b893f210-07f4-4ec4-ac03-4645d4e2fa09","method":"POST","url":"/api/registrations","userAgent":"axios/1.11.0","ip":"::1"}
{"timestamp":"2025-09-27 16:07:07","level":"info","message":"HTTP Request","requestId":"b893f210-07f4-4ec4-ac03-4645d4e2fa09","method":"POST","url":"/api/registrations","userId":"6890c4b4e2e61a6f5e2f1fb1","body":{"eventId":"68c58d4782eaf0375a9df722","gameTypes":[{"name":"短距离","group":"小黑马"},{"name":"接力赛","group":"小黑马","team":{"name":"接力赛队伍","members":[{"_id":"6890c4b4e2e61a6f5e2f1fb1","runOrder":1},{"_id":"6890c4b4e2e61a6f5e2f1fa4","runOrder":2},{"_id":"6890c4b4e2e61a6f5e2f1fb3","runOrder":3}]}}]}}
{"timestamp":"2025-09-27 16:07:07","level":"info","message":"HTTP Request","requestId":"b893f210-07f4-4ec4-ac03-4645d4e2fa09","method":"POST","url":"/api/registrations","statusCode":409,"responseTime":18,"userAgent":"axios/1.11.0","ip":"::1"}
{"timestamp":"2025-09-27 16:07:41","level":"info","message":"Incoming Request","requestId":"caec0288-f455-447d-97a0-291681c07bed","method":"POST","url":"/api/registrations","userAgent":"axios/1.11.0","ip":"::1"}
{"timestamp":"2025-09-27 16:07:41","level":"info","message":"HTTP Request","requestId":"caec0288-f455-447d-97a0-291681c07bed","method":"POST","url":"/api/registrations","userId":"6890c4b4e2e61a6f5e2f1fb1","body":{"eventId":"68c58d4782eaf0375a9df722","gameTypes":[{"name":"短距离","group":"小黑马"},{"name":"接力赛","group":"小黑马","team":{"name":"接力赛队伍","members":[{"_id":"6890c4b4e2e61a6f5e2f1fb1","runOrder":1},{"_id":"6890c4b4e2e61a6f5e2f1fa4","runOrder":2},{"_id":"6890c4b4e2e61a6f5e2f1fb3","runOrder":3}]}}]}}
{"timestamp":"2025-09-27 16:07:41","level":"info","message":"HTTP Request","requestId":"caec0288-f455-447d-97a0-291681c07bed","method":"POST","url":"/api/registrations","statusCode":409,"responseTime":10,"userAgent":"axios/1.11.0","ip":"::1"}
{"timestamp":"2025-09-27 16:08:50","level":"info","message":"Incoming Request","requestId":"cf94346d-65b0-48e2-8cd3-d936f2fe4cc7","method":"POST","url":"/api/registrations","userAgent":"axios/1.11.0","ip":"::1"}
{"timestamp":"2025-09-27 16:08:50","level":"info","message":"HTTP Request","requestId":"cf94346d-65b0-48e2-8cd3-d936f2fe4cc7","method":"POST","url":"/api/registrations","userId":"6890c4b4e2e61a6f5e2f1fb1","body":{"eventId":"68c58d4782eaf0375a9df722","gameTypes":[{"name":"短距离","group":"小黑马"},{"name":"接力赛","group":"小黑马","team":{"name":"接力赛队伍","members":[{"_id":"6890c4b4e2e61a6f5e2f1fb1","runOrder":1},{"_id":"6890c4b4e2e61a6f5e2f1fa4","runOrder":2},{"_id":"6890c4b4e2e61a6f5e2f1fb3","runOrder":3}]}}]}}
{"timestamp":"2025-09-27 16:08:50","level":"info","message":"Generated invite codes for game types","requestId":"cf94346d-65b0-48e2-8cd3-d936f2fe4cc7","registrationId":"68d79b928d0463fa671f58ee","inviteCodes":[{"gameType":"接力赛","inviteCode":"ne19E3E01"}]}
{"timestamp":"2025-09-27 16:08:50","level":"info","message":"Team member auto-registration completed","requestId":"cf94346d-65b0-48e2-8cd3-d936f2fe4cc7","mainRegistrationId":"68d79b928d0463fa671f58ee","teamResults":{"created":2,"updated":0,"errors":0},"details":{"created":[{"studentId":"6890c4b4e2e61a6f5e2f1fa4","studentName":"李梓瑜","registrationId":"68d79b928d0463fa671f58f4"},{"studentId":"6890c4b4e2e61a6f5e2f1fb3","studentName":"李潍旭","registrationId":"68d79b928d0463fa671f58f9"}],"updated":[],"errors":[]}}
{"timestamp":"2025-09-27 16:08:50","level":"info","message":"Event registration created successfully","requestId":"cf94346d-65b0-48e2-8cd3-d936f2fe4cc7","registrationId":"68d79b928d0463fa671f58ee","eventId":"68c58d4782eaf0375a9df722","studentId":"6890c4b4e2e61a6f5e2f1fb1","gameTypes":[{"name":"短距离","group":"小黑马"},{"name":"接力赛","group":"小黑马","team":{"name":"接力赛队伍","members":[{"_id":"6890c4b4e2e61a6f5e2f1fb1","runOrder":1},{"_id":"6890c4b4e2e61a6f5e2f1fa4","runOrder":2},{"_id":"6890c4b4e2e61a6f5e2f1fb3","runOrder":3}]},"inviteCode":"ne19E3E01"}],"inviteCodes":[{"gameType":"接力赛","inviteCode":"ne19E3E01"}]}
{"timestamp":"2025-09-27 16:08:50","level":"info","message":"HTTP Request","requestId":"cf94346d-65b0-48e2-8cd3-d936f2fe4cc7","method":"POST","url":"/api/registrations","statusCode":201,"responseTime":32,"userAgent":"axios/1.11.0","ip":"::1"}
{"timestamp":"2025-09-27 16:09:48","level":"info","message":"Incoming Request","requestId":"9c9216b6-50ab-4655-8061-6f9797100fd1","method":"POST","url":"/api/registrations","userAgent":"axios/1.11.0","ip":"::1"}
{"timestamp":"2025-09-27 16:09:48","level":"info","message":"HTTP Request","requestId":"9c9216b6-50ab-4655-8061-6f9797100fd1","method":"POST","url":"/api/registrations","userId":"6890c4b4e2e61a6f5e2f1fb1","body":{"eventId":"68c58d4782eaf0375a9df722","gameTypes":[{"name":"短距离","group":"小黑马"},{"name":"接力赛","group":"小黑马","team":{"name":"接力赛队伍","members":[{"_id":"6890c4b4e2e61a6f5e2f1fb1","runOrder":1},{"_id":"6890c4b4e2e61a6f5e2f1fa4","runOrder":2},{"_id":"6890c4b4e2e61a6f5e2f1fb3","runOrder":3}]}}]}}
{"timestamp":"2025-09-27 16:09:48","level":"error","message":"Invalid game type detected","requestId":"9c9216b6-50ab-4655-8061-6f9797100fd1","gameTypeName":"短距离","validEventGameTypes":[],"gameTypeObject":{"name":"短距离","group":"小黑马"}}
{"timestamp":"2025-09-27 16:09:48","level":"info","message":"HTTP Request","requestId":"9c9216b6-50ab-4655-8061-6f9797100fd1","method":"POST","url":"/api/registrations","statusCode":400,"responseTime":13,"userAgent":"axios/1.11.0","ip":"::1"}
{"timestamp":"2025-09-27 16:10:10","level":"info","message":"Incoming Request","requestId":"c94294ca-85a8-43bb-a013-e74bb2ed43e8","method":"POST","url":"/api/registrations","userAgent":"axios/1.11.0","ip":"::1"}
{"timestamp":"2025-09-27 16:10:10","level":"info","message":"HTTP Request","requestId":"c94294ca-85a8-43bb-a013-e74bb2ed43e8","method":"POST","url":"/api/registrations","userId":"6890c4b4e2e61a6f5e2f1fb1","body":{"eventId":"68c58d4782eaf0375a9df722","gameTypes":[{"name":"短距离","group":"小黑马"},{"name":"接力赛","group":"小黑马","team":{"name":"接力赛队伍","members":[{"_id":"6890c4b4e2e61a6f5e2f1fb1","runOrder":1},{"_id":"6890c4b4e2e61a6f5e2f1fa4","runOrder":2},{"_id":"6890c4b4e2e61a6f5e2f1fb3","runOrder":3}]}}]}}
{"timestamp":"2025-09-27 16:10:10","level":"info","message":"Generated invite codes for game types","requestId":"c94294ca-85a8-43bb-a013-e74bb2ed43e8","registrationId":"68d79be28d0463fa671f5905","inviteCodes":[{"gameType":"接力赛","inviteCode":"dgpEC8C02"}]}
{"timestamp":"2025-09-27 16:10:10","level":"info","message":"Team member auto-registration completed","requestId":"c94294ca-85a8-43bb-a013-e74bb2ed43e8","mainRegistrationId":"68d79be28d0463fa671f5905","teamResults":{"created":2,"updated":0,"errors":0},"details":{"created":[{"studentId":"6890c4b4e2e61a6f5e2f1fa4","studentName":"测试学生2","registrationId":"68d79be28d0463fa671f590b"},{"studentId":"6890c4b4e2e61a6f5e2f1fb3","studentName":"测试学生3","registrationId":"68d79be28d0463fa671f5910"}],"updated":[],"errors":[]}}
{"timestamp":"2025-09-27 16:10:10","level":"info","message":"Event registration created successfully","requestId":"c94294ca-85a8-43bb-a013-e74bb2ed43e8","registrationId":"68d79be28d0463fa671f5905","eventId":"68c58d4782eaf0375a9df722","studentId":"6890c4b4e2e61a6f5e2f1fb1","gameTypes":[{"name":"短距离","group":"小黑马"},{"name":"接力赛","group":"小黑马","team":{"name":"接力赛队伍","members":[{"_id":"6890c4b4e2e61a6f5e2f1fb1","runOrder":1},{"_id":"6890c4b4e2e61a6f5e2f1fa4","runOrder":2},{"_id":"6890c4b4e2e61a6f5e2f1fb3","runOrder":3}]},"inviteCode":"dgpEC8C02"}],"inviteCodes":[{"gameType":"接力赛","inviteCode":"dgpEC8C02"}]}
{"timestamp":"2025-09-27 16:10:10","level":"info","message":"HTTP Request","requestId":"c94294ca-85a8-43bb-a013-e74bb2ed43e8","method":"POST","url":"/api/registrations","statusCode":201,"responseTime":22,"userAgent":"axios/1.11.0","ip":"::1"}
{"timestamp":"2025-09-27 16:11:33","level":"info","message":"Incoming Request","requestId":"dbb6c55c-ff93-4dc0-bcd9-0a07d53bf9e1","method":"POST","url":"/api/registrations","userAgent":"axios/1.11.0","ip":"::1"}
{"timestamp":"2025-09-27 16:11:33","level":"info","message":"HTTP Request","requestId":"dbb6c55c-ff93-4dc0-bcd9-0a07d53bf9e1","method":"POST","url":"/api/registrations","userId":"6890c4b4e2e61a6f5e2f1fb1","body":{"eventId":"68c58d4782eaf0375a9df722","gameTypes":[{"name":"短距离","group":"小黑马"},{"name":"接力赛","group":"小黑马","team":{"name":"接力赛队伍","members":[{"_id":"6890c4b4e2e61a6f5e2f1fb1","runOrder":1},{"_id":"6890c4b4e2e61a6f5e2f1fa4","runOrder":2},{"_id":"6890c4b4e2e61a6f5e2f1fb3","runOrder":3}]}}]}}
{"timestamp":"2025-09-27 16:11:33","level":"info","message":"Generated invite codes for game types","requestId":"dbb6c55c-ff93-4dc0-bcd9-0a07d53bf9e1","registrationId":"68d79c358d0463fa671f5919","inviteCodes":[{"gameType":"接力赛","inviteCode":"504751603"}]}
{"timestamp":"2025-09-27 16:11:33","level":"info","message":"Team member auto-registration completed","requestId":"dbb6c55c-ff93-4dc0-bcd9-0a07d53bf9e1","mainRegistrationId":"68d79c358d0463fa671f5919","teamResults":{"created":2,"updated":0,"errors":0},"details":{"created":[{"studentId":"6890c4b4e2e61a6f5e2f1fa4","studentName":"测试学生2","registrationId":"68d79c358d0463fa671f591f"},{"studentId":"6890c4b4e2e61a6f5e2f1fb3","studentName":"测试学生3","registrationId":"68d79c358d0463fa671f5924"}],"updated":[],"errors":[]}}
{"timestamp":"2025-09-27 16:11:33","level":"info","message":"Event registration created successfully","requestId":"dbb6c55c-ff93-4dc0-bcd9-0a07d53bf9e1","registrationId":"68d79c358d0463fa671f5919","eventId":"68c58d4782eaf0375a9df722","studentId":"6890c4b4e2e61a6f5e2f1fb1","gameTypes":[{"name":"短距离","group":"小黑马"},{"name":"接力赛","group":"小黑马","team":{"name":"接力赛队伍","members":[{"_id":"6890c4b4e2e61a6f5e2f1fb1","runOrder":1},{"_id":"6890c4b4e2e61a6f5e2f1fa4","runOrder":2},{"_id":"6890c4b4e2e61a6f5e2f1fb3","runOrder":3}]},"inviteCode":"504751603"}],"inviteCodes":[{"gameType":"接力赛","inviteCode":"504751603"}]}
{"timestamp":"2025-09-27 16:11:33","level":"info","message":"HTTP Request","requestId":"dbb6c55c-ff93-4dc0-bcd9-0a07d53bf9e1","method":"POST","url":"/api/registrations","statusCode":201,"responseTime":24,"userAgent":"axios/1.11.0","ip":"::1"}
{"timestamp":"2025-09-27 16:13:02","level":"info","message":"Incoming Request","requestId":"02bacc4c-a4b2-49a8-8415-4976052a0516","method":"POST","url":"/api/registrations","userAgent":"axios/1.11.0","ip":"::1"}
{"timestamp":"2025-09-27 16:13:02","level":"info","message":"HTTP Request","requestId":"02bacc4c-a4b2-49a8-8415-4976052a0516","method":"POST","url":"/api/registrations","userId":"6890c4b4e2e61a6f5e2f1fb1","body":{"eventId":"68c58d4782eaf0375a9df722","gameTypes":[{"name":"短距离","group":"小黑马"},{"name":"接力赛","group":"小黑马","team":{"name":"接力赛队伍","members":[{"_id":"6890c4b4e2e61a6f5e2f1fb1","runOrder":1},{"_id":"6890c4b4e2e61a6f5e2f1fa4","runOrder":2},{"_id":"6890c4b4e2e61a6f5e2f1fb3","runOrder":3}]}}]}}
{"timestamp":"2025-09-27 16:13:02","level":"info","message":"Generated invite codes for game types","requestId":"02bacc4c-a4b2-49a8-8415-4976052a0516","registrationId":"68d79c8e8d0463fa671f592d","inviteCodes":[{"gameType":"接力赛","inviteCode":"1n3E1A204"}]}
{"timestamp":"2025-09-27 16:13:02","level":"info","message":"Team member auto-registration completed","requestId":"02bacc4c-a4b2-49a8-8415-4976052a0516","mainRegistrationId":"68d79c8e8d0463fa671f592d","teamResults":{"created":2,"updated":0,"errors":0},"details":{"created":[{"studentId":"6890c4b4e2e61a6f5e2f1fa4","studentName":"测试学生2","registrationId":"68d79c8e8d0463fa671f5933"},{"studentId":"6890c4b4e2e61a6f5e2f1fb3","studentName":"测试学生3","registrationId":"68d79c8e8d0463fa671f5938"}],"updated":[],"errors":[]}}
{"timestamp":"2025-09-27 16:13:02","level":"info","message":"Event registration created successfully","requestId":"02bacc4c-a4b2-49a8-8415-4976052a0516","registrationId":"68d79c8e8d0463fa671f592d","eventId":"68c58d4782eaf0375a9df722","studentId":"6890c4b4e2e61a6f5e2f1fb1","gameTypes":[{"name":"短距离","group":"小黑马"},{"name":"接力赛","group":"小黑马","team":{"name":"接力赛队伍","members":[{"_id":"6890c4b4e2e61a6f5e2f1fb1","runOrder":1},{"_id":"6890c4b4e2e61a6f5e2f1fa4","runOrder":2},{"_id":"6890c4b4e2e61a6f5e2f1fb3","runOrder":3}]},"inviteCode":"1n3E1A204"}],"inviteCodes":[{"gameType":"接力赛","inviteCode":"1n3E1A204"}]}
{"timestamp":"2025-09-27 16:13:02","level":"info","message":"HTTP Request","requestId":"02bacc4c-a4b2-49a8-8415-4976052a0516","method":"POST","url":"/api/registrations","statusCode":201,"responseTime":20,"userAgent":"axios/1.11.0","ip":"::1"}
{"timestamp":"2025-09-27 16:13:24","level":"info","message":"Incoming Request","requestId":"898ddd7e-ed64-4956-819c-3ca917364f1c","method":"POST","url":"/api/registrations","userAgent":"axios/1.11.0","ip":"::1"}
{"timestamp":"2025-09-27 16:13:24","level":"info","message":"HTTP Request","requestId":"898ddd7e-ed64-4956-819c-3ca917364f1c","method":"POST","url":"/api/registrations","userId":"6890c4b4e2e61a6f5e2f1fb1","body":{"eventId":"68c58d4782eaf0375a9df722","gameTypes":[{"name":"短距离","group":"小黑马"},{"name":"接力赛","group":"小黑马","team":{"name":"接力赛队伍","members":[{"_id":"6890c4b4e2e61a6f5e2f1fb1","runOrder":1},{"_id":"6890c4b4e2e61a6f5e2f1fa4","runOrder":2},{"_id":"6890c4b4e2e61a6f5e2f1fb3","runOrder":3}]}}]}}
{"timestamp":"2025-09-27 16:13:24","level":"info","message":"Generated invite codes for game types","requestId":"898ddd7e-ed64-4956-819c-3ca917364f1c","registrationId":"68d79ca48d0463fa671f5941","inviteCodes":[{"gameType":"接力赛","inviteCode":"in39E0405"}]}
{"timestamp":"2025-09-27 16:13:24","level":"info","message":"Team member auto-registration completed","requestId":"898ddd7e-ed64-4956-819c-3ca917364f1c","mainRegistrationId":"68d79ca48d0463fa671f5941","teamResults":{"created":2,"updated":0,"errors":0},"details":{"created":[{"studentId":"6890c4b4e2e61a6f5e2f1fa4","studentName":"测试学生2","registrationId":"68d79ca48d0463fa671f5947"},{"studentId":"6890c4b4e2e61a6f5e2f1fb3","studentName":"测试学生3","registrationId":"68d79ca48d0463fa671f594c"}],"updated":[],"errors":[]}}
{"timestamp":"2025-09-27 16:13:24","level":"info","message":"Event registration created successfully","requestId":"898ddd7e-ed64-4956-819c-3ca917364f1c","registrationId":"68d79ca48d0463fa671f5941","eventId":"68c58d4782eaf0375a9df722","studentId":"6890c4b4e2e61a6f5e2f1fb1","gameTypes":[{"name":"短距离","group":"小黑马"},{"name":"接力赛","group":"小黑马","team":{"name":"接力赛队伍","members":[{"_id":"6890c4b4e2e61a6f5e2f1fb1","runOrder":1},{"_id":"6890c4b4e2e61a6f5e2f1fa4","runOrder":2},{"_id":"6890c4b4e2e61a6f5e2f1fb3","runOrder":3}]},"inviteCode":"in39E0405"}],"inviteCodes":[{"gameType":"接力赛","inviteCode":"in39E0405"}]}
{"timestamp":"2025-09-27 16:13:24","level":"info","message":"HTTP Request","requestId":"898ddd7e-ed64-4956-819c-3ca917364f1c","method":"POST","url":"/api/registrations","statusCode":201,"responseTime":29,"userAgent":"axios/1.11.0","ip":"::1"}
{"timestamp":"2025-09-27 16:13:56","level":"info","message":"Incoming Request","requestId":"2992f262-563a-4889-b97a-96d126241097","method":"POST","url":"/api/registrations","userAgent":"axios/1.11.0","ip":"::1"}
{"timestamp":"2025-09-27 16:13:56","level":"info","message":"HTTP Request","requestId":"2992f262-563a-4889-b97a-96d126241097","method":"POST","url":"/api/registrations","userId":"6890c4b4e2e61a6f5e2f1fb1","body":{"eventId":"68c58d4782eaf0375a9df722","gameTypes":[{"name":"短距离","group":"小黑马"},{"name":"接力赛","group":"小黑马","team":{"name":"接力赛队伍","members":[{"_id":"6890c4b4e2e61a6f5e2f1fb1","runOrder":1},{"_id":"6890c4b4e2e61a6f5e2f1fa4","runOrder":2},{"_id":"6890c4b4e2e61a6f5e2f1fb3","runOrder":3}]}}]}}
