{"timestamp":"2025-09-25 07:56:41","level":"info","message":"HTTP Request","requestId":"6f4daafd-5f5d-4ec6-a193-e8f5a64c7cb2","method":"POST","url":"/api/registrations/join-relay","statusCode":200,"responseTime":99,"userAgent":"Mozilla/5.0 (Macintosh; Intel Mac OS X 10_15_7) AppleWebKit/537.36 (KHTML, like Gecko) Chrome/139.0.0.0 Safari/537.36","ip":"::1"}
{"timestamp":"2025-09-25 07:57:54","level":"info","message":"Incoming Request","requestId":"32afca6d-382b-4fb2-99fe-29cfddb7a4d2","method":"GET","url":"/api/students/6890c4b4e2e61a6f5e2f1fb1/profile","userAgent":"Mozilla/5.0 (Macintosh; Intel Mac OS X 10_15_7) AppleWebKit/605.1.15 (KHTML, like Gecko) Version/18.6 Safari/605.1.15","ip":"::1"}
{"timestamp":"2025-09-25 07:57:54","level":"info","message":"Incoming Request","requestId":"6496f0e3-72c8-4b3f-828e-95f7922e0e5e","method":"GET","url":"/api/events","userAgent":"Mozilla/5.0 (Macintosh; Intel Mac OS X 10_15_7) AppleWebKit/605.1.15 (KHTML, like Gecko) Version/18.6 Safari/605.1.15","ip":"::1"}
{"timestamp":"2025-09-25 07:57:54","level":"info","message":"Incoming Request","requestId":"2804fdab-88b5-44e2-8398-8548781e821f","method":"GET","url":"/api/events","userAgent":"Mozilla/5.0 (Macintosh; Intel Mac OS X 10_15_7) AppleWebKit/605.1.15 (KHTML, like Gecko) Version/18.6 Safari/605.1.15","ip":"::1"}
{"timestamp":"2025-09-25 07:57:54","level":"info","message":"HTTP Request","requestId":"32afca6d-382b-4fb2-99fe-29cfddb7a4d2","method":"GET","url":"/api/students/6890c4b4e2e61a6f5e2f1fb1/profile","userId":"6890c4b4e2e61a6f5e2f1fb1"}
{"timestamp":"2025-09-25 07:57:54","level":"info","message":"Database Operation","operation":"Finding student by ID","collection":"students","query":{"_id":"6890c4b4e2e61a6f5e2f1fb1"},"resultCount":0}
{"timestamp":"2025-09-25 07:57:54","level":"info","message":"HTTP Request","requestId":"6496f0e3-72c8-4b3f-828e-95f7922e0e5e","method":"GET","url":"/api/events","userId":"6890c4b4e2e61a6f5e2f1fb1"}
{"timestamp":"2025-09-25 07:57:54","level":"info","message":"Database Operation","operation":"Finding events with filter","collection":"events","query":{"filter":"[Complex Object]"},"resultCount":0}
{"timestamp":"2025-09-25 07:57:54","level":"info","message":"Incoming Request","requestId":"2b419535-bd06-4441-83c5-ebb216203b66","method":"GET","url":"/api/students/6890c4b4e2e61a6f5e2f1fb1/profile","userAgent":"Mozilla/5.0 (Macintosh; Intel Mac OS X 10_15_7) AppleWebKit/605.1.15 (KHTML, like Gecko) Version/18.6 Safari/605.1.15","ip":"::1"}
{"timestamp":"2025-09-25 07:57:54","level":"info","message":"Database Operation","operation":"Finding completion records for student","collection":"completionRecords","query":{"name":"谢宇涛"},"resultCount":0}
{"timestamp":"2025-09-25 07:57:54","level":"info","message":"Events retrieved successfully","requestId":"6496f0e3-72c8-4b3f-828e-95f7922e0e5e","count":3,"filter":{},"userId":"6890c4b4e2e61a6f5e2f1fb1"}
{"timestamp":"2025-09-25 07:57:54","level":"info","message":"HTTP Request","requestId":"6496f0e3-72c8-4b3f-828e-95f7922e0e5e","method":"GET","url":"/api/events","statusCode":304,"responseTime":16,"userAgent":"Mozilla/5.0 (Macintosh; Intel Mac OS X 10_15_7) AppleWebKit/605.1.15 (KHTML, like Gecko) Version/18.6 Safari/605.1.15","ip":"::1"}
{"timestamp":"2025-09-25 07:57:54","level":"info","message":"HTTP Request","requestId":"2804fdab-88b5-44e2-8398-8548781e821f","method":"GET","url":"/api/events","userId":"6890c4b4e2e61a6f5e2f1fb1"}
{"timestamp":"2025-09-25 07:57:54","level":"info","message":"Database Operation","operation":"Finding events with filter","collection":"events","query":{"filter":"[Complex Object]"},"resultCount":0}
{"timestamp":"2025-09-25 07:57:54","level":"info","message":"Incoming Request","requestId":"8e05d65e-148c-44d3-9835-2e3d9d1f3830","method":"GET","url":"/api/registrations/my","userAgent":"Mozilla/5.0 (Macintosh; Intel Mac OS X 10_15_7) AppleWebKit/605.1.15 (KHTML, like Gecko) Version/18.6 Safari/605.1.15","ip":"::1"}
{"timestamp":"2025-09-25 07:57:54","level":"info","message":"Student profile retrieved successfully","requestId":"32afca6d-382b-4fb2-99fe-29cfddb7a4d2","studentId":"6890c4b4e2e61a6f5e2f1fb1","studentName":"谢宇涛","completionRecordsCount":7,"userId":"6890c4b4e2e61a6f5e2f1fb1"}
{"timestamp":"2025-09-25 07:57:54","level":"info","message":"HTTP Request","requestId":"32afca6d-382b-4fb2-99fe-29cfddb7a4d2","method":"GET","url":"/api/students/6890c4b4e2e61a6f5e2f1fb1/profile","statusCode":304,"responseTime":26,"userAgent":"Mozilla/5.0 (Macintosh; Intel Mac OS X 10_15_7) AppleWebKit/605.1.15 (KHTML, like Gecko) Version/18.6 Safari/605.1.15","ip":"::1"}
{"timestamp":"2025-09-25 07:57:54","level":"info","message":"Events retrieved successfully","requestId":"2804fdab-88b5-44e2-8398-8548781e821f","count":3,"filter":{},"userId":"6890c4b4e2e61a6f5e2f1fb1"}
{"timestamp":"2025-09-25 07:57:54","level":"info","message":"HTTP Request","requestId":"2804fdab-88b5-44e2-8398-8548781e821f","method":"GET","url":"/api/events","statusCode":304,"responseTime":21,"userAgent":"Mozilla/5.0 (Macintosh; Intel Mac OS X 10_15_7) AppleWebKit/605.1.15 (KHTML, like Gecko) Version/18.6 Safari/605.1.15","ip":"::1"}
{"timestamp":"2025-09-25 07:57:54","level":"info","message":"HTTP Request","requestId":"2b419535-bd06-4441-83c5-ebb216203b66","method":"GET","url":"/api/students/6890c4b4e2e61a6f5e2f1fb1/profile","userId":"6890c4b4e2e61a6f5e2f1fb1"}
{"timestamp":"2025-09-25 07:57:54","level":"info","message":"Database Operation","operation":"Finding student by ID","collection":"students","query":{"_id":"6890c4b4e2e61a6f5e2f1fb1"},"resultCount":0}
{"timestamp":"2025-09-25 07:57:54","level":"info","message":"Database Operation","operation":"Finding completion records for student","collection":"completionRecords","query":{"name":"谢宇涛"},"resultCount":0}
{"timestamp":"2025-09-25 07:57:54","level":"info","message":"HTTP Request","requestId":"8e05d65e-148c-44d3-9835-2e3d9d1f3830","method":"GET","url":"/api/registrations/my","userId":"6890c4b4e2e61a6f5e2f1fb1","query":{}}
{"timestamp":"2025-09-25 07:57:54","level":"info","message":"Database Operation","operation":"Getting user registrations","collection":"eventRegistrations","query":{"studentId":"[Complex Object]"},"resultCount":0}
{"timestamp":"2025-09-25 07:57:54","level":"info","message":"Student profile retrieved successfully","requestId":"2b419535-bd06-4441-83c5-ebb216203b66","studentId":"6890c4b4e2e61a6f5e2f1fb1","studentName":"谢宇涛","completionRecordsCount":7,"userId":"6890c4b4e2e61a6f5e2f1fb1"}
{"timestamp":"2025-09-25 07:57:54","level":"info","message":"HTTP Request","requestId":"2b419535-bd06-4441-83c5-ebb216203b66","method":"GET","url":"/api/students/6890c4b4e2e61a6f5e2f1fb1/profile","statusCode":304,"responseTime":19,"userAgent":"Mozilla/5.0 (Macintosh; Intel Mac OS X 10_15_7) AppleWebKit/605.1.15 (KHTML, like Gecko) Version/18.6 Safari/605.1.15","ip":"::1"}
{"timestamp":"2025-09-25 07:57:54","level":"info","message":"User registrations retrieved successfully","requestId":"8e05d65e-148c-44d3-9835-2e3d9d1f3830","count":1,"userId":"6890c4b4e2e61a6f5e2f1fb1"}
{"timestamp":"2025-09-25 07:57:54","level":"info","message":"HTTP Request","requestId":"8e05d65e-148c-44d3-9835-2e3d9d1f3830","method":"GET","url":"/api/registrations/my","statusCode":200,"responseTime":15,"userAgent":"Mozilla/5.0 (Macintosh; Intel Mac OS X 10_15_7) AppleWebKit/605.1.15 (KHTML, like Gecko) Version/18.6 Safari/605.1.15","ip":"::1"}
{"timestamp":"2025-09-25 07:58:05","level":"info","message":"Incoming Request","requestId":"1c924d57-0839-4414-aa21-27f52a1b7a71","method":"POST","url":"/api/registrations/join-relay","userAgent":"Mozilla/5.0 (Macintosh; Intel Mac OS X 10_15_7) AppleWebKit/537.36 (KHTML, like Gecko) Chrome/139.0.0.0 Safari/537.36","ip":"::1"}
{"timestamp":"2025-09-25 07:58:05","level":"info","message":"Incoming Request","requestId":"f131d7d6-d9d4-4899-8ba0-6e3c32284843","method":"POST","url":"/api/registrations/join-relay","userAgent":"Mozilla/5.0 (Macintosh; Intel Mac OS X 10_15_7) AppleWebKit/537.36 (KHTML, like Gecko) Chrome/139.0.0.0 Safari/537.36","ip":"::1"}
{"timestamp":"2025-09-25 07:58:05","level":"info","message":"HTTP Request","requestId":"1c924d57-0839-4414-aa21-27f52a1b7a71","method":"POST","url":"/api/registrations/join-relay","userId":"68cc2fd0532158c4fe442576","body":{"inviteCode":"dfg8CC402"}}
{"timestamp":"2025-09-25 07:58:05","level":"info","message":"HTTP Request","requestId":"f131d7d6-d9d4-4899-8ba0-6e3c32284843","method":"POST","url":"/api/registrations/join-relay","userId":"68cc2fd0532158c4fe442576","body":{"inviteCode":"dfg8CC402"}}
{"timestamp":"2025-09-25 07:58:05","level":"error","message":"Application Error E11000 duplicate key error collection: orienteeringx.eventregistrations index: eventId_1_studentId_1 dup key: { eventId: ObjectId('68c58d4782eaf0375a9df722'), studentId: ObjectId('68cc2fd0532158c4fe442576') }","requestId":"f131d7d6-d9d4-4899-8ba0-6e3c32284843","method":"POST","url":"/api/registrations/join-relay","stack":"MongoServerError: E11000 duplicate key error collection: orienteeringx.eventregistrations index: eventId_1_studentId_1 dup key: { eventId: ObjectId('68c58d4782eaf0375a9df722'), studentId: ObjectId('68cc2fd0532158c4fe442576') }\n    at /Users/alex/dev/orienteering_quiz_app/backend/node_modules/mongodb/lib/operations/insert.js:50:33\n    at /Users/alex/dev/orienteering_quiz_app/backend/node_modules/mongodb/lib/operations/command.js:84:64\n    at process.processTicksAndRejections (node:internal/process/task_queues:105:5)","userAgent":"Mozilla/5.0 (Macintosh; Intel Mac OS X 10_15_7) AppleWebKit/537.36 (KHTML, like Gecko) Chrome/139.0.0.0 Safari/537.36","ip":"::1"}
{"timestamp":"2025-09-25 07:58:05","level":"info","message":"HTTP Request","requestId":"f131d7d6-d9d4-4899-8ba0-6e3c32284843","method":"POST","url":"/api/registrations/join-relay","statusCode":500,"responseTime":23,"userAgent":"Mozilla/5.0 (Macintosh; Intel Mac OS X 10_15_7) AppleWebKit/537.36 (KHTML, like Gecko) Chrome/139.0.0.0 Safari/537.36","ip":"::1"}
{"timestamp":"2025-09-25 07:58:05","level":"info","message":"Successfully joined relay team","requestId":"1c924d57-0839-4414-aa21-27f52a1b7a71","newRegistrationId":"68d4858db997055b7a63cdc4","targetRegistrationId":"68d47f45415ee12b265950e6","inviteCode":"dfg8CC402","eventId":"68c58d4782eaf0375a9df722","userId":"68cc2fd0532158c4fe442576","gameTypeName":"团队赛"}
{"timestamp":"2025-09-25 07:58:05","level":"info","message":"HTTP Request","requestId":"1c924d57-0839-4414-aa21-27f52a1b7a71","method":"POST","url":"/api/registrations/join-relay","statusCode":200,"responseTime":30,"userAgent":"Mozilla/5.0 (Macintosh; Intel Mac OS X 10_15_7) AppleWebKit/537.36 (KHTML, like Gecko) Chrome/139.0.0.0 Safari/537.36","ip":"::1"}
{"timestamp":"2025-09-25 08:03:42","level":"info","message":"Server started successfully","port":"5001","environment":"development","swaggerDocs":"http://localhost:5001/api-docs"}
{"timestamp":"2025-09-25 08:03:42","level":"info","message":"MongoDB connected successfully","database":"orienteeringx"}
{"timestamp":"2025-09-25 08:05:52","level":"info","message":"Server started successfully","port":"5001","environment":"development","swaggerDocs":"http://localhost:5001/api-docs"}
{"timestamp":"2025-09-25 08:05:52","level":"info","message":"MongoDB connected successfully","database":"orienteeringx"}
{"timestamp":"2025-09-25 08:05:53","level":"info","message":"Incoming Request","requestId":"9643823d-0aad-4e8f-a619-98c4ac618405","method":"GET","url":"/api/students/6890c4b4e2e61a6f5e2f1fb1/profile","userAgent":"Mozilla/5.0 (Macintosh; Intel Mac OS X 10_15_7) AppleWebKit/605.1.15 (KHTML, like Gecko) Version/18.6 Safari/605.1.15","ip":"::1"}
{"timestamp":"2025-09-25 08:05:53","level":"info","message":"Incoming Request","requestId":"cd4580a8-525c-4dd2-8f0d-15887a517917","method":"GET","url":"/api/events","userAgent":"Mozilla/5.0 (Macintosh; Intel Mac OS X 10_15_7) AppleWebKit/605.1.15 (KHTML, like Gecko) Version/18.6 Safari/605.1.15","ip":"::1"}
{"timestamp":"2025-09-25 08:05:53","level":"info","message":"HTTP Request","requestId":"9643823d-0aad-4e8f-a619-98c4ac618405","method":"GET","url":"/api/students/6890c4b4e2e61a6f5e2f1fb1/profile","userId":"6890c4b4e2e61a6f5e2f1fb1"}
{"timestamp":"2025-09-25 08:05:53","level":"info","message":"Database Operation","operation":"Finding student by ID","collection":"students","query":{"_id":"6890c4b4e2e61a6f5e2f1fb1"},"resultCount":0}
{"timestamp":"2025-09-25 08:05:53","level":"info","message":"Incoming Request","requestId":"98add5fd-19bf-4036-82e7-fc13001145b3","method":"GET","url":"/api/students/6890c4b4e2e61a6f5e2f1fb1/profile","userAgent":"Mozilla/5.0 (Macintosh; Intel Mac OS X 10_15_7) AppleWebKit/605.1.15 (KHTML, like Gecko) Version/18.6 Safari/605.1.15","ip":"::1"}
{"timestamp":"2025-09-25 08:05:53","level":"info","message":"Database Operation","operation":"Finding completion records for student","collection":"completionRecords","query":{"name":"谢宇涛"},"resultCount":0}
{"timestamp":"2025-09-25 08:05:53","level":"info","message":"HTTP Request","requestId":"cd4580a8-525c-4dd2-8f0d-15887a517917","method":"GET","url":"/api/events","userId":"6890c4b4e2e61a6f5e2f1fb1"}
{"timestamp":"2025-09-25 08:05:53","level":"info","message":"Database Operation","operation":"Finding events with filter","collection":"events","query":{"filter":"[Complex Object]"},"resultCount":0}
{"timestamp":"2025-09-25 08:05:53","level":"info","message":"Incoming Request","requestId":"7f72a236-36d7-446a-b818-abe26dc855f1","method":"GET","url":"/api/events","userAgent":"Mozilla/5.0 (Macintosh; Intel Mac OS X 10_15_7) AppleWebKit/605.1.15 (KHTML, like Gecko) Version/18.6 Safari/605.1.15","ip":"::1"}
{"timestamp":"2025-09-25 08:05:53","level":"info","message":"Student profile retrieved successfully","requestId":"9643823d-0aad-4e8f-a619-98c4ac618405","studentId":"6890c4b4e2e61a6f5e2f1fb1","studentName":"谢宇涛","completionRecordsCount":7,"userId":"6890c4b4e2e61a6f5e2f1fb1"}
{"timestamp":"2025-09-25 08:05:53","level":"info","message":"HTTP Request","requestId":"9643823d-0aad-4e8f-a619-98c4ac618405","method":"GET","url":"/api/students/6890c4b4e2e61a6f5e2f1fb1/profile","statusCode":200,"responseTime":26,"userAgent":"Mozilla/5.0 (Macintosh; Intel Mac OS X 10_15_7) AppleWebKit/605.1.15 (KHTML, like Gecko) Version/18.6 Safari/605.1.15","ip":"::1"}
{"timestamp":"2025-09-25 08:05:53","level":"info","message":"Events retrieved successfully","requestId":"cd4580a8-525c-4dd2-8f0d-15887a517917","count":3,"filter":{},"userId":"6890c4b4e2e61a6f5e2f1fb1"}
{"timestamp":"2025-09-25 08:05:53","level":"info","message":"HTTP Request","requestId":"cd4580a8-525c-4dd2-8f0d-15887a517917","method":"GET","url":"/api/events","statusCode":200,"responseTime":23,"userAgent":"Mozilla/5.0 (Macintosh; Intel Mac OS X 10_15_7) AppleWebKit/605.1.15 (KHTML, like Gecko) Version/18.6 Safari/605.1.15","ip":"::1"}
{"timestamp":"2025-09-25 08:05:53","level":"info","message":"HTTP Request","requestId":"98add5fd-19bf-4036-82e7-fc13001145b3","method":"GET","url":"/api/students/6890c4b4e2e61a6f5e2f1fb1/profile","userId":"6890c4b4e2e61a6f5e2f1fb1"}
{"timestamp":"2025-09-25 08:05:53","level":"info","message":"Database Operation","operation":"Finding student by ID","collection":"students","query":{"_id":"6890c4b4e2e61a6f5e2f1fb1"},"resultCount":0}
{"timestamp":"2025-09-25 08:05:53","level":"info","message":"Incoming Request","requestId":"31ca829f-bb96-4be3-b7d0-c802a2f92bef","method":"GET","url":"/api/registrations/my","userAgent":"Mozilla/5.0 (Macintosh; Intel Mac OS X 10_15_7) AppleWebKit/605.1.15 (KHTML, like Gecko) Version/18.6 Safari/605.1.15","ip":"::1"}
{"timestamp":"2025-09-25 08:05:53","level":"info","message":"HTTP Request","requestId":"31ca829f-bb96-4be3-b7d0-c802a2f92bef","method":"GET","url":"/api/registrations/my","userId":"6890c4b4e2e61a6f5e2f1fb1","query":{}}
{"timestamp":"2025-09-25 08:05:53","level":"info","message":"Database Operation","operation":"Getting user registrations","collection":"eventRegistrations","query":{"studentId":"[Complex Object]"},"resultCount":0}
{"timestamp":"2025-09-25 08:05:53","level":"info","message":"Database Operation","operation":"Finding completion records for student","collection":"completionRecords","query":{"name":"谢宇涛"},"resultCount":0}
{"timestamp":"2025-09-25 08:05:53","level":"info","message":"HTTP Request","requestId":"7f72a236-36d7-446a-b818-abe26dc855f1","method":"GET","url":"/api/events","userId":"6890c4b4e2e61a6f5e2f1fb1"}
{"timestamp":"2025-09-25 08:05:53","level":"info","message":"Database Operation","operation":"Finding events with filter","collection":"events","query":{"filter":"[Complex Object]"},"resultCount":0}
{"timestamp":"2025-09-25 08:05:53","level":"info","message":"Student profile retrieved successfully","requestId":"98add5fd-19bf-4036-82e7-fc13001145b3","studentId":"6890c4b4e2e61a6f5e2f1fb1","studentName":"谢宇涛","completionRecordsCount":7,"userId":"6890c4b4e2e61a6f5e2f1fb1"}
{"timestamp":"2025-09-25 08:05:53","level":"info","message":"HTTP Request","requestId":"98add5fd-19bf-4036-82e7-fc13001145b3","method":"GET","url":"/api/students/6890c4b4e2e61a6f5e2f1fb1/profile","statusCode":200,"responseTime":31,"userAgent":"Mozilla/5.0 (Macintosh; Intel Mac OS X 10_15_7) AppleWebKit/605.1.15 (KHTML, like Gecko) Version/18.6 Safari/605.1.15","ip":"::1"}
{"timestamp":"2025-09-25 08:05:53","level":"info","message":"User registrations retrieved successfully","requestId":"31ca829f-bb96-4be3-b7d0-c802a2f92bef","count":1,"userId":"6890c4b4e2e61a6f5e2f1fb1"}
{"timestamp":"2025-09-25 08:05:53","level":"info","message":"HTTP Request","requestId":"31ca829f-bb96-4be3-b7d0-c802a2f92bef","method":"GET","url":"/api/registrations/my","statusCode":200,"responseTime":16,"userAgent":"Mozilla/5.0 (Macintosh; Intel Mac OS X 10_15_7) AppleWebKit/605.1.15 (KHTML, like Gecko) Version/18.6 Safari/605.1.15","ip":"::1"}
{"timestamp":"2025-09-25 08:05:53","level":"info","message":"Events retrieved successfully","requestId":"7f72a236-36d7-446a-b818-abe26dc855f1","count":3,"filter":{},"userId":"6890c4b4e2e61a6f5e2f1fb1"}
{"timestamp":"2025-09-25 08:05:53","level":"info","message":"HTTP Request","requestId":"7f72a236-36d7-446a-b818-abe26dc855f1","method":"GET","url":"/api/events","statusCode":200,"responseTime":30,"userAgent":"Mozilla/5.0 (Macintosh; Intel Mac OS X 10_15_7) AppleWebKit/605.1.15 (KHTML, like Gecko) Version/18.6 Safari/605.1.15","ip":"::1"}
{"timestamp":"2025-09-25 08:05:59","level":"info","message":"Incoming Request","requestId":"f840f7b5-3d93-42b8-a090-f39b637ef187","method":"POST","url":"/api/registrations/invite-info","userAgent":"Mozilla/5.0 (Macintosh; Intel Mac OS X 10_15_7) AppleWebKit/537.36 (KHTML, like Gecko) Chrome/139.0.0.0 Safari/537.36","ip":"::1"}
{"timestamp":"2025-09-25 08:05:59","level":"info","message":"Incoming Request","requestId":"296454ce-70ee-497a-b528-53d2e0322490","method":"POST","url":"/api/registrations/invite-info","userAgent":"Mozilla/5.0 (Macintosh; Intel Mac OS X 10_15_7) AppleWebKit/537.36 (KHTML, like Gecko) Chrome/139.0.0.0 Safari/537.36","ip":"::1"}
{"timestamp":"2025-09-25 08:05:59","level":"info","message":"HTTP Request","requestId":"f840f7b5-3d93-42b8-a090-f39b637ef187","method":"POST","url":"/api/registrations/invite-info","userId":"68cc2fd0532158c4fe442576","body":{"inviteCode":"df5C02901"}}
{"timestamp":"2025-09-25 08:05:59","level":"info","message":"HTTP Request","requestId":"296454ce-70ee-497a-b528-53d2e0322490","method":"POST","url":"/api/registrations/invite-info","userId":"68cc2fd0532158c4fe442576","body":{"inviteCode":"df5C02901"}}
{"timestamp":"2025-09-25 08:05:59","level":"error","message":"Application Error User is not defined","requestId":"f840f7b5-3d93-42b8-a090-f39b637ef187","method":"POST","url":"/api/registrations/invite-info","stack":"ReferenceError: User is not defined\n    at /Users/alex/dev/orienteering_quiz_app/backend/routes/registrations.js:916:25\n    at process.processTicksAndRejections (node:internal/process/task_queues:105:5)","userAgent":"Mozilla/5.0 (Macintosh; Intel Mac OS X 10_15_7) AppleWebKit/537.36 (KHTML, like Gecko) Chrome/139.0.0.0 Safari/537.36","ip":"::1"}
{"timestamp":"2025-09-25 08:05:59","level":"info","message":"HTTP Request","requestId":"f840f7b5-3d93-42b8-a090-f39b637ef187","method":"POST","url":"/api/registrations/invite-info","statusCode":500,"responseTime":26,"userAgent":"Mozilla/5.0 (Macintosh; Intel Mac OS X 10_15_7) AppleWebKit/537.36 (KHTML, like Gecko) Chrome/139.0.0.0 Safari/537.36","ip":"::1"}
{"timestamp":"2025-09-25 08:05:59","level":"error","message":"Application Error User is not defined","requestId":"296454ce-70ee-497a-b528-53d2e0322490","method":"POST","url":"/api/registrations/invite-info","stack":"ReferenceError: User is not defined\n    at /Users/alex/dev/orienteering_quiz_app/backend/routes/registrations.js:916:25\n    at process.processTicksAndRejections (node:internal/process/task_queues:105:5)","userAgent":"Mozilla/5.0 (Macintosh; Intel Mac OS X 10_15_7) AppleWebKit/537.36 (KHTML, like Gecko) Chrome/139.0.0.0 Safari/537.36","ip":"::1"}
{"timestamp":"2025-09-25 08:05:59","level":"info","message":"HTTP Request","requestId":"296454ce-70ee-497a-b528-53d2e0322490","method":"POST","url":"/api/registrations/invite-info","statusCode":500,"responseTime":13,"userAgent":"Mozilla/5.0 (Macintosh; Intel Mac OS X 10_15_7) AppleWebKit/537.36 (KHTML, like Gecko) Chrome/139.0.0.0 Safari/537.36","ip":"::1"}
{"timestamp":"2025-09-25 08:06:03","level":"info","message":"Server started successfully","port":"5001","environment":"development","swaggerDocs":"http://localhost:5001/api-docs"}
{"timestamp":"2025-09-25 08:06:03","level":"info","message":"MongoDB connected successfully","database":"orienteeringx"}
{"timestamp":"2025-09-25 08:06:20","level":"info","message":"Incoming Request","requestId":"deee276c-5f96-4ad8-9caf-4e6ef3ae51de","method":"POST","url":"/api/registrations/invite-info","userAgent":"Mozilla/5.0 (Macintosh; Intel Mac OS X 10_15_7) AppleWebKit/537.36 (KHTML, like Gecko) Chrome/139.0.0.0 Safari/537.36","ip":"::1"}
{"timestamp":"2025-09-25 08:06:20","level":"info","message":"Incoming Request","requestId":"26012465-8c96-49d2-9345-14852a8035e0","method":"POST","url":"/api/registrations/invite-info","userAgent":"Mozilla/5.0 (Macintosh; Intel Mac OS X 10_15_7) AppleWebKit/537.36 (KHTML, like Gecko) Chrome/139.0.0.0 Safari/537.36","ip":"::1"}
{"timestamp":"2025-09-25 08:06:20","level":"info","message":"HTTP Request","requestId":"deee276c-5f96-4ad8-9caf-4e6ef3ae51de","method":"POST","url":"/api/registrations/invite-info","userId":"68cc2fd0532158c4fe442576","body":{"inviteCode":"dfg8CC402"}}
{"timestamp":"2025-09-25 08:06:20","level":"info","message":"HTTP Request","requestId":"26012465-8c96-49d2-9345-14852a8035e0","method":"POST","url":"/api/registrations/invite-info","userId":"68cc2fd0532158c4fe442576","body":{"inviteCode":"dfg8CC402"}}
{"timestamp":"2025-09-25 08:06:20","level":"info","message":"Retrieved invite code information","requestId":"deee276c-5f96-4ad8-9caf-4e6ef3ae51de","inviteCode":"dfg8CC402","eventId":"68c58d4782eaf0375a9df722","userId":"68cc2fd0532158c4fe442576","gameTypeName":"团队赛","userStatus":"can_join"}
{"timestamp":"2025-09-25 08:06:20","level":"info","message":"HTTP Request","requestId":"deee276c-5f96-4ad8-9caf-4e6ef3ae51de","method":"POST","url":"/api/registrations/invite-info","statusCode":200,"responseTime":258,"userAgent":"Mozilla/5.0 (Macintosh; Intel Mac OS X 10_15_7) AppleWebKit/537.36 (KHTML, like Gecko) Chrome/139.0.0.0 Safari/537.36","ip":"::1"}
{"timestamp":"2025-09-25 08:06:20","level":"info","message":"Retrieved invite code information","requestId":"26012465-8c96-49d2-9345-14852a8035e0","inviteCode":"dfg8CC402","eventId":"68c58d4782eaf0375a9df722","userId":"68cc2fd0532158c4fe442576","gameTypeName":"团队赛","userStatus":"can_join"}
{"timestamp":"2025-09-25 08:06:20","level":"info","message":"HTTP Request","requestId":"26012465-8c96-49d2-9345-14852a8035e0","method":"POST","url":"/api/registrations/invite-info","statusCode":200,"responseTime":223,"userAgent":"Mozilla/5.0 (Macintosh; Intel Mac OS X 10_15_7) AppleWebKit/537.36 (KHTML, like Gecko) Chrome/139.0.0.0 Safari/537.36","ip":"::1"}
{"timestamp":"2025-09-25 08:06:28","level":"info","message":"Server started successfully","port":"5001","environment":"development","swaggerDocs":"http://localhost:5001/api-docs"}
{"timestamp":"2025-09-25 08:06:28","level":"info","message":"MongoDB connected successfully","database":"orienteeringx"}
{"timestamp":"2025-09-25 08:06:35","level":"info","message":"Server started successfully","port":"5001","environment":"development","swaggerDocs":"http://localhost:5001/api-docs"}
{"timestamp":"2025-09-25 08:06:35","level":"info","message":"MongoDB connected successfully","database":"orienteeringx"}
{"timestamp":"2025-09-25 08:06:41","level":"info","message":"Server started successfully","port":"5001","environment":"development","swaggerDocs":"http://localhost:5001/api-docs"}
{"timestamp":"2025-09-25 08:06:41","level":"info","message":"MongoDB connected successfully","database":"orienteeringx"}
{"timestamp":"2025-09-25 08:06:56","level":"info","message":"Incoming Request","requestId":"bed89f79-611e-4c56-8d0b-a37987ee9461","method":"POST","url":"/api/registrations/invite-info","userAgent":"Mozilla/5.0 (Macintosh; Intel Mac OS X 10_15_7) AppleWebKit/537.36 (KHTML, like Gecko) Chrome/139.0.0.0 Safari/537.36","ip":"::1"}
{"timestamp":"2025-09-25 08:06:56","level":"info","message":"Incoming Request","requestId":"c103c6e9-b907-4845-b3b8-0f079c38b5cb","method":"POST","url":"/api/registrations/invite-info","userAgent":"Mozilla/5.0 (Macintosh; Intel Mac OS X 10_15_7) AppleWebKit/537.36 (KHTML, like Gecko) Chrome/139.0.0.0 Safari/537.36","ip":"::1"}
{"timestamp":"2025-09-25 08:06:56","level":"info","message":"HTTP Request","requestId":"bed89f79-611e-4c56-8d0b-a37987ee9461","method":"POST","url":"/api/registrations/invite-info","userId":"68cc2fd0532158c4fe442576","body":{"inviteCode":"df5C02901"}}
{"timestamp":"2025-09-25 08:06:56","level":"info","message":"HTTP Request","requestId":"c103c6e9-b907-4845-b3b8-0f079c38b5cb","method":"POST","url":"/api/registrations/invite-info","userId":"68cc2fd0532158c4fe442576","body":{"inviteCode":"df5C02901"}}
{"timestamp":"2025-09-25 08:06:57","level":"info","message":"Retrieved invite code information","requestId":"bed89f79-611e-4c56-8d0b-a37987ee9461","inviteCode":"df5C02901","eventId":"68c58d4782eaf0375a9df722","userId":"68cc2fd0532158c4fe442576","gameTypeName":"接力赛","userStatus":"can_join"}
{"timestamp":"2025-09-25 08:06:57","level":"info","message":"HTTP Request","requestId":"bed89f79-611e-4c56-8d0b-a37987ee9461","method":"POST","url":"/api/registrations/invite-info","statusCode":200,"responseTime":135,"userAgent":"Mozilla/5.0 (Macintosh; Intel Mac OS X 10_15_7) AppleWebKit/537.36 (KHTML, like Gecko) Chrome/139.0.0.0 Safari/537.36","ip":"::1"}
{"timestamp":"2025-09-25 08:06:57","level":"info","message":"Retrieved invite code information","requestId":"c103c6e9-b907-4845-b3b8-0f079c38b5cb","inviteCode":"df5C02901","eventId":"68c58d4782eaf0375a9df722","userId":"68cc2fd0532158c4fe442576","gameTypeName":"接力赛","userStatus":"can_join"}
{"timestamp":"2025-09-25 08:06:57","level":"info","message":"HTTP Request","requestId":"c103c6e9-b907-4845-b3b8-0f079c38b5cb","method":"POST","url":"/api/registrations/invite-info","statusCode":200,"responseTime":91,"userAgent":"Mozilla/5.0 (Macintosh; Intel Mac OS X 10_15_7) AppleWebKit/537.36 (KHTML, like Gecko) Chrome/139.0.0.0 Safari/537.36","ip":"::1"}
{"timestamp":"2025-09-25 08:07:30","level":"info","message":"Incoming Request","requestId":"b84b7375-6be3-45c7-b8db-d3e3bc9f1471","method":"POST","url":"/api/registrations/invite-info","userAgent":"Mozilla/5.0 (Macintosh; Intel Mac OS X 10_15_7) AppleWebKit/537.36 (KHTML, like Gecko) Chrome/139.0.0.0 Safari/537.36","ip":"::1"}
{"timestamp":"2025-09-25 08:07:30","level":"info","message":"Incoming Request","requestId":"fcbcf82a-e19b-4eb9-a953-1ca502f1b7a0","method":"POST","url":"/api/registrations/invite-info","userAgent":"Mozilla/5.0 (Macintosh; Intel Mac OS X 10_15_7) AppleWebKit/537.36 (KHTML, like Gecko) Chrome/139.0.0.0 Safari/537.36","ip":"::1"}
{"timestamp":"2025-09-25 08:07:30","level":"info","message":"HTTP Request","requestId":"b84b7375-6be3-45c7-b8db-d3e3bc9f1471","method":"POST","url":"/api/registrations/invite-info","userId":"68cc2fd0532158c4fe442576","body":{"inviteCode":"df5C02901"}}
{"timestamp":"2025-09-25 08:07:30","level":"info","message":"HTTP Request","requestId":"fcbcf82a-e19b-4eb9-a953-1ca502f1b7a0","method":"POST","url":"/api/registrations/invite-info","userId":"68cc2fd0532158c4fe442576","body":{"inviteCode":"df5C02901"}}
{"timestamp":"2025-09-25 08:07:30","level":"info","message":"Retrieved invite code information","requestId":"b84b7375-6be3-45c7-b8db-d3e3bc9f1471","inviteCode":"df5C02901","eventId":"68c58d4782eaf0375a9df722","userId":"68cc2fd0532158c4fe442576","gameTypeName":"接力赛","userStatus":"can_join"}
{"timestamp":"2025-09-25 08:07:30","level":"info","message":"HTTP Request","requestId":"b84b7375-6be3-45c7-b8db-d3e3bc9f1471","method":"POST","url":"/api/registrations/invite-info","statusCode":200,"responseTime":92,"userAgent":"Mozilla/5.0 (Macintosh; Intel Mac OS X 10_15_7) AppleWebKit/537.36 (KHTML, like Gecko) Chrome/139.0.0.0 Safari/537.36","ip":"::1"}
{"timestamp":"2025-09-25 08:07:30","level":"info","message":"Retrieved invite code information","requestId":"fcbcf82a-e19b-4eb9-a953-1ca502f1b7a0","inviteCode":"df5C02901","eventId":"68c58d4782eaf0375a9df722","userId":"68cc2fd0532158c4fe442576","gameTypeName":"接力赛","userStatus":"can_join"}
{"timestamp":"2025-09-25 08:07:30","level":"info","message":"HTTP Request","requestId":"fcbcf82a-e19b-4eb9-a953-1ca502f1b7a0","method":"POST","url":"/api/registrations/invite-info","statusCode":200,"responseTime":89,"userAgent":"Mozilla/5.0 (Macintosh; Intel Mac OS X 10_15_7) AppleWebKit/537.36 (KHTML, like Gecko) Chrome/139.0.0.0 Safari/537.36","ip":"::1"}
{"timestamp":"2025-09-25 08:07:43","level":"info","message":"Incoming Request","requestId":"beb44079-632b-47d9-877d-4c33c0fba7c5","method":"POST","url":"/api/registrations/join-relay","userAgent":"Mozilla/5.0 (Macintosh; Intel Mac OS X 10_15_7) AppleWebKit/537.36 (KHTML, like Gecko) Chrome/139.0.0.0 Safari/537.36","ip":"::1"}
{"timestamp":"2025-09-25 08:07:43","level":"info","message":"HTTP Request","requestId":"beb44079-632b-47d9-877d-4c33c0fba7c5","method":"POST","url":"/api/registrations/join-relay","userId":"68cc2fd0532158c4fe442576","body":{"inviteCode":"df5C02901"}}
{"timestamp":"2025-09-25 08:07:43","level":"info","message":"Successfully joined relay team","requestId":"beb44079-632b-47d9-877d-4c33c0fba7c5","newRegistrationId":"68d487cfeee6d81aa65dddf6","targetRegistrationId":"68d47f45415ee12b265950e6","inviteCode":"df5C02901","eventId":"68c58d4782eaf0375a9df722","userId":"68cc2fd0532158c4fe442576","gameTypeName":"接力赛"}
{"timestamp":"2025-09-25 08:07:43","level":"info","message":"HTTP Request","requestId":"beb44079-632b-47d9-877d-4c33c0fba7c5","method":"POST","url":"/api/registrations/join-relay","statusCode":200,"responseTime":26,"userAgent":"Mozilla/5.0 (Macintosh; Intel Mac OS X 10_15_7) AppleWebKit/537.36 (KHTML, like Gecko) Chrome/139.0.0.0 Safari/537.36","ip":"::1"}
{"timestamp":"2025-09-25 08:07:43","level":"info","message":"Incoming Request","requestId":"80911a6c-53fc-4ba5-85c7-169dc6925e45","method":"GET","url":"/api/students/68cc2fd0532158c4fe442576/profile","userAgent":"Mozilla/5.0 (Macintosh; Intel Mac OS X 10_15_7) AppleWebKit/537.36 (KHTML, like Gecko) Chrome/139.0.0.0 Safari/537.36","ip":"::1"}
{"timestamp":"2025-09-25 08:07:43","level":"info","message":"Incoming Request","requestId":"8221c2b9-7252-4763-9283-7aacc84eb758","method":"GET","url":"/api/events","userAgent":"Mozilla/5.0 (Macintosh; Intel Mac OS X 10_15_7) AppleWebKit/537.36 (KHTML, like Gecko) Chrome/139.0.0.0 Safari/537.36","ip":"::1"}
{"timestamp":"2025-09-25 08:07:43","level":"info","message":"HTTP Request","requestId":"80911a6c-53fc-4ba5-85c7-169dc6925e45","method":"GET","url":"/api/students/68cc2fd0532158c4fe442576/profile","userId":"68cc2fd0532158c4fe442576"}
{"timestamp":"2025-09-25 08:07:43","level":"info","message":"Database Operation","operation":"Finding student by ID","collection":"students","query":{"_id":"68cc2fd0532158c4fe442576"},"resultCount":0}
{"timestamp":"2025-09-25 08:07:43","level":"info","message":"Database Operation","operation":"Finding completion records for student","collection":"completionRecords","query":{"name":"朱浩铭"},"resultCount":0}
{"timestamp":"2025-09-25 08:07:43","level":"info","message":"HTTP Request","requestId":"8221c2b9-7252-4763-9283-7aacc84eb758","method":"GET","url":"/api/events","userId":"68cc2fd0532158c4fe442576"}
{"timestamp":"2025-09-25 08:07:43","level":"info","message":"Database Operation","operation":"Finding events with filter","collection":"events","query":{"filter":"[Complex Object]"},"resultCount":0}
{"timestamp":"2025-09-25 08:07:43","level":"info","message":"Student profile retrieved successfully","requestId":"80911a6c-53fc-4ba5-85c7-169dc6925e45","studentId":"68cc2fd0532158c4fe442576","studentName":"朱浩铭","completionRecordsCount":0,"userId":"68cc2fd0532158c4fe442576"}
{"timestamp":"2025-09-25 08:07:43","level":"info","message":"HTTP Request","requestId":"80911a6c-53fc-4ba5-85c7-169dc6925e45","method":"GET","url":"/api/students/68cc2fd0532158c4fe442576/profile","statusCode":200,"responseTime":9,"userAgent":"Mozilla/5.0 (Macintosh; Intel Mac OS X 10_15_7) AppleWebKit/537.36 (KHTML, like Gecko) Chrome/139.0.0.0 Safari/537.36","ip":"::1"}
{"timestamp":"2025-09-25 08:07:43","level":"info","message":"Events retrieved successfully","requestId":"8221c2b9-7252-4763-9283-7aacc84eb758","count":3,"filter":{},"userId":"68cc2fd0532158c4fe442576"}
{"timestamp":"2025-09-25 08:07:43","level":"info","message":"HTTP Request","requestId":"8221c2b9-7252-4763-9283-7aacc84eb758","method":"GET","url":"/api/events","statusCode":304,"responseTime":10,"userAgent":"Mozilla/5.0 (Macintosh; Intel Mac OS X 10_15_7) AppleWebKit/537.36 (KHTML, like Gecko) Chrome/139.0.0.0 Safari/537.36","ip":"::1"}
{"timestamp":"2025-09-25 08:07:43","level":"info","message":"Incoming Request","requestId":"5d8c971f-c5a2-4bae-841d-19b7a6669940","method":"GET","url":"/api/students/68cc2fd0532158c4fe442576/profile","userAgent":"Mozilla/5.0 (Macintosh; Intel Mac OS X 10_15_7) AppleWebKit/537.36 (KHTML, like Gecko) Chrome/139.0.0.0 Safari/537.36","ip":"::1"}
{"timestamp":"2025-09-25 08:07:43","level":"info","message":"Incoming Request","requestId":"42954f45-50b2-4a87-aea2-cac457db78d8","method":"GET","url":"/api/events","userAgent":"Mozilla/5.0 (Macintosh; Intel Mac OS X 10_15_7) AppleWebKit/537.36 (KHTML, like Gecko) Chrome/139.0.0.0 Safari/537.36","ip":"::1"}
{"timestamp":"2025-09-25 08:07:43","level":"info","message":"HTTP Request","requestId":"5d8c971f-c5a2-4bae-841d-19b7a6669940","method":"GET","url":"/api/students/68cc2fd0532158c4fe442576/profile","userId":"68cc2fd0532158c4fe442576"}
{"timestamp":"2025-09-25 08:07:43","level":"info","message":"Database Operation","operation":"Finding student by ID","collection":"students","query":{"_id":"68cc2fd0532158c4fe442576"},"resultCount":0}
{"timestamp":"2025-09-25 08:07:43","level":"info","message":"Database Operation","operation":"Finding completion records for student","collection":"completionRecords","query":{"name":"朱浩铭"},"resultCount":0}
{"timestamp":"2025-09-25 08:07:43","level":"info","message":"HTTP Request","requestId":"42954f45-50b2-4a87-aea2-cac457db78d8","method":"GET","url":"/api/events","userId":"68cc2fd0532158c4fe442576"}
{"timestamp":"2025-09-25 08:07:43","level":"info","message":"Database Operation","operation":"Finding events with filter","collection":"events","query":{"filter":"[Complex Object]"},"resultCount":0}
{"timestamp":"2025-09-25 08:07:43","level":"info","message":"Student profile retrieved successfully","requestId":"5d8c971f-c5a2-4bae-841d-19b7a6669940","studentId":"68cc2fd0532158c4fe442576","studentName":"朱浩铭","completionRecordsCount":0,"userId":"68cc2fd0532158c4fe442576"}
{"timestamp":"2025-09-25 08:07:43","level":"info","message":"HTTP Request","requestId":"5d8c971f-c5a2-4bae-841d-19b7a6669940","method":"GET","url":"/api/students/68cc2fd0532158c4fe442576/profile","statusCode":304,"responseTime":9,"userAgent":"Mozilla/5.0 (Macintosh; Intel Mac OS X 10_15_7) AppleWebKit/537.36 (KHTML, like Gecko) Chrome/139.0.0.0 Safari/537.36","ip":"::1"}
{"timestamp":"2025-09-25 08:07:43","level":"info","message":"Events retrieved successfully","requestId":"42954f45-50b2-4a87-aea2-cac457db78d8","count":3,"filter":{},"userId":"68cc2fd0532158c4fe442576"}
{"timestamp":"2025-09-25 08:07:43","level":"info","message":"HTTP Request","requestId":"42954f45-50b2-4a87-aea2-cac457db78d8","method":"GET","url":"/api/events","statusCode":304,"responseTime":8,"userAgent":"Mozilla/5.0 (Macintosh; Intel Mac OS X 10_15_7) AppleWebKit/537.36 (KHTML, like Gecko) Chrome/139.0.0.0 Safari/537.36","ip":"::1"}
{"timestamp":"2025-09-25 08:07:45","level":"info","message":"Incoming Request","requestId":"c4ff0562-21cc-4c04-936d-f3ad7c9b09a8","method":"GET","url":"/api/registrations/my","userAgent":"Mozilla/5.0 (Macintosh; Intel Mac OS X 10_15_7) AppleWebKit/537.36 (KHTML, like Gecko) Chrome/139.0.0.0 Safari/537.36","ip":"::1"}
{"timestamp":"2025-09-25 08:07:45","level":"info","message":"HTTP Request","requestId":"c4ff0562-21cc-4c04-936d-f3ad7c9b09a8","method":"GET","url":"/api/registrations/my","userId":"68cc2fd0532158c4fe442576","query":{}}
{"timestamp":"2025-09-25 08:07:45","level":"info","message":"Database Operation","operation":"Getting user registrations","collection":"eventRegistrations","query":{"studentId":"[Complex Object]"},"resultCount":0}
{"timestamp":"2025-09-25 08:07:45","level":"info","message":"User registrations retrieved successfully","requestId":"c4ff0562-21cc-4c04-936d-f3ad7c9b09a8","count":1,"userId":"68cc2fd0532158c4fe442576"}
{"timestamp":"2025-09-25 08:07:45","level":"info","message":"HTTP Request","requestId":"c4ff0562-21cc-4c04-936d-f3ad7c9b09a8","method":"GET","url":"/api/registrations/my","statusCode":200,"responseTime":7,"userAgent":"Mozilla/5.0 (Macintosh; Intel Mac OS X 10_15_7) AppleWebKit/537.36 (KHTML, like Gecko) Chrome/139.0.0.0 Safari/537.36","ip":"::1"}
{"timestamp":"2025-09-25 08:07:45","level":"info","message":"Incoming Request","requestId":"1e5b03ae-0624-45bc-8cd8-1999150294e1","method":"GET","url":"/api/registrations/my","userAgent":"Mozilla/5.0 (Macintosh; Intel Mac OS X 10_15_7) AppleWebKit/537.36 (KHTML, like Gecko) Chrome/139.0.0.0 Safari/537.36","ip":"::1"}
{"timestamp":"2025-09-25 08:07:45","level":"info","message":"HTTP Request","requestId":"1e5b03ae-0624-45bc-8cd8-1999150294e1","method":"GET","url":"/api/registrations/my","userId":"68cc2fd0532158c4fe442576","query":{}}
{"timestamp":"2025-09-25 08:07:45","level":"info","message":"Database Operation","operation":"Getting user registrations","collection":"eventRegistrations","query":{"studentId":"[Complex Object]"},"resultCount":0}
{"timestamp":"2025-09-25 08:07:45","level":"info","message":"User registrations retrieved successfully","requestId":"1e5b03ae-0624-45bc-8cd8-1999150294e1","count":1,"userId":"68cc2fd0532158c4fe442576"}
{"timestamp":"2025-09-25 08:07:45","level":"info","message":"HTTP Request","requestId":"1e5b03ae-0624-45bc-8cd8-1999150294e1","method":"GET","url":"/api/registrations/my","statusCode":304,"responseTime":8,"userAgent":"Mozilla/5.0 (Macintosh; Intel Mac OS X 10_15_7) AppleWebKit/537.36 (KHTML, like Gecko) Chrome/139.0.0.0 Safari/537.36","ip":"::1"}
{"timestamp":"2025-09-25 08:08:44","level":"info","message":"Incoming Request","requestId":"4f3eb992-490b-48b4-a39e-ccce32f26eaf","method":"GET","url":"/api/events","userAgent":"Mozilla/5.0 (Macintosh; Intel Mac OS X 10_15_7) AppleWebKit/537.36 (KHTML, like Gecko) Chrome/139.0.0.0 Safari/537.36","ip":"::1"}
{"timestamp":"2025-09-25 08:08:44","level":"info","message":"Incoming Request","requestId":"bcb7a11f-5b6b-4da6-ac06-e09e7a9b614c","method":"GET","url":"/api/students/68cc2fd0532158c4fe442576/profile","userAgent":"Mozilla/5.0 (Macintosh; Intel Mac OS X 10_15_7) AppleWebKit/537.36 (KHTML, like Gecko) Chrome/139.0.0.0 Safari/537.36","ip":"::1"}
{"timestamp":"2025-09-25 08:08:44","level":"info","message":"HTTP Request","requestId":"4f3eb992-490b-48b4-a39e-ccce32f26eaf","method":"GET","url":"/api/events","userId":"68cc2fd0532158c4fe442576"}
{"timestamp":"2025-09-25 08:08:44","level":"info","message":"Database Operation","operation":"Finding events with filter","collection":"events","query":{"filter":"[Complex Object]"},"resultCount":0}
{"timestamp":"2025-09-25 08:08:44","level":"info","message":"Incoming Request","requestId":"d5183805-a0ac-4b58-8260-098395ad9803","method":"GET","url":"/api/registrations/my","userAgent":"Mozilla/5.0 (Macintosh; Intel Mac OS X 10_15_7) AppleWebKit/537.36 (KHTML, like Gecko) Chrome/139.0.0.0 Safari/537.36","ip":"::1"}
{"timestamp":"2025-09-25 08:08:44","level":"info","message":"Events retrieved successfully","requestId":"4f3eb992-490b-48b4-a39e-ccce32f26eaf","count":3,"filter":{},"userId":"68cc2fd0532158c4fe442576"}
{"timestamp":"2025-09-25 08:08:44","level":"info","message":"HTTP Request","requestId":"4f3eb992-490b-48b4-a39e-ccce32f26eaf","method":"GET","url":"/api/events","statusCode":304,"responseTime":156,"userAgent":"Mozilla/5.0 (Macintosh; Intel Mac OS X 10_15_7) AppleWebKit/537.36 (KHTML, like Gecko) Chrome/139.0.0.0 Safari/537.36","ip":"::1"}
{"timestamp":"2025-09-25 08:08:44","level":"info","message":"HTTP Request","requestId":"bcb7a11f-5b6b-4da6-ac06-e09e7a9b614c","method":"GET","url":"/api/students/68cc2fd0532158c4fe442576/profile","userId":"68cc2fd0532158c4fe442576"}
{"timestamp":"2025-09-25 08:08:44","level":"info","message":"Database Operation","operation":"Finding student by ID","collection":"students","query":{"_id":"68cc2fd0532158c4fe442576"},"resultCount":0}
{"timestamp":"2025-09-25 08:08:44","level":"info","message":"Database Operation","operation":"Finding completion records for student","collection":"completionRecords","query":{"name":"朱浩铭"},"resultCount":0}
{"timestamp":"2025-09-25 08:08:44","level":"info","message":"HTTP Request","requestId":"d5183805-a0ac-4b58-8260-098395ad9803","method":"GET","url":"/api/registrations/my","userId":"68cc2fd0532158c4fe442576","query":{}}
{"timestamp":"2025-09-25 08:08:44","level":"info","message":"Database Operation","operation":"Getting user registrations","collection":"eventRegistrations","query":{"studentId":"[Complex Object]"},"resultCount":0}
{"timestamp":"2025-09-25 08:08:44","level":"info","message":"Student profile retrieved successfully","requestId":"bcb7a11f-5b6b-4da6-ac06-e09e7a9b614c","studentId":"68cc2fd0532158c4fe442576","studentName":"朱浩铭","completionRecordsCount":0,"userId":"68cc2fd0532158c4fe442576"}
{"timestamp":"2025-09-25 08:08:44","level":"info","message":"HTTP Request","requestId":"bcb7a11f-5b6b-4da6-ac06-e09e7a9b614c","method":"GET","url":"/api/students/68cc2fd0532158c4fe442576/profile","statusCode":304,"responseTime":193,"userAgent":"Mozilla/5.0 (Macintosh; Intel Mac OS X 10_15_7) AppleWebKit/537.36 (KHTML, like Gecko) Chrome/139.0.0.0 Safari/537.36","ip":"::1"}
{"timestamp":"2025-09-25 08:08:44","level":"info","message":"Incoming Request","requestId":"839964bb-d08d-49ff-b45e-919a39ec79e0","method":"GET","url":"/api/events","userAgent":"Mozilla/5.0 (Macintosh; Intel Mac OS X 10_15_7) AppleWebKit/537.36 (KHTML, like Gecko) Chrome/139.0.0.0 Safari/537.36","ip":"::1"}
{"timestamp":"2025-09-25 08:08:44","level":"info","message":"User registrations retrieved successfully","requestId":"d5183805-a0ac-4b58-8260-098395ad9803","count":1,"userId":"68cc2fd0532158c4fe442576"}
{"timestamp":"2025-09-25 08:08:44","level":"info","message":"HTTP Request","requestId":"d5183805-a0ac-4b58-8260-098395ad9803","method":"GET","url":"/api/registrations/my","statusCode":304,"responseTime":180,"userAgent":"Mozilla/5.0 (Macintosh; Intel Mac OS X 10_15_7) AppleWebKit/537.36 (KHTML, like Gecko) Chrome/139.0.0.0 Safari/537.36","ip":"::1"}
{"timestamp":"2025-09-25 08:08:44","level":"info","message":"HTTP Request","requestId":"839964bb-d08d-49ff-b45e-919a39ec79e0","method":"GET","url":"/api/events","userId":"68cc2fd0532158c4fe442576"}
{"timestamp":"2025-09-25 08:08:44","level":"info","message":"Database Operation","operation":"Finding events with filter","collection":"events","query":{"filter":"[Complex Object]"},"resultCount":0}
{"timestamp":"2025-09-25 08:08:44","level":"info","message":"Incoming Request","requestId":"85ea03fd-f858-426c-9a5e-63a94979c1ba","method":"GET","url":"/api/students/68cc2fd0532158c4fe442576/profile","userAgent":"Mozilla/5.0 (Macintosh; Intel Mac OS X 10_15_7) AppleWebKit/537.36 (KHTML, like Gecko) Chrome/139.0.0.0 Safari/537.36","ip":"::1"}
{"timestamp":"2025-09-25 08:08:44","level":"info","message":"Events retrieved successfully","requestId":"839964bb-d08d-49ff-b45e-919a39ec79e0","count":3,"filter":{},"userId":"68cc2fd0532158c4fe442576"}
{"timestamp":"2025-09-25 08:08:44","level":"info","message":"HTTP Request","requestId":"839964bb-d08d-49ff-b45e-919a39ec79e0","method":"GET","url":"/api/events","statusCode":304,"responseTime":14,"userAgent":"Mozilla/5.0 (Macintosh; Intel Mac OS X 10_15_7) AppleWebKit/537.36 (KHTML, like Gecko) Chrome/139.0.0.0 Safari/537.36","ip":"::1"}
{"timestamp":"2025-09-25 08:08:44","level":"info","message":"HTTP Request","requestId":"85ea03fd-f858-426c-9a5e-63a94979c1ba","method":"GET","url":"/api/students/68cc2fd0532158c4fe442576/profile","userId":"68cc2fd0532158c4fe442576"}
{"timestamp":"2025-09-25 08:08:44","level":"info","message":"Database Operation","operation":"Finding student by ID","collection":"students","query":{"_id":"68cc2fd0532158c4fe442576"},"resultCount":0}
{"timestamp":"2025-09-25 08:08:44","level":"info","message":"Database Operation","operation":"Finding completion records for student","collection":"completionRecords","query":{"name":"朱浩铭"},"resultCount":0}
{"timestamp":"2025-09-25 08:08:44","level":"info","message":"Student profile retrieved successfully","requestId":"85ea03fd-f858-426c-9a5e-63a94979c1ba","studentId":"68cc2fd0532158c4fe442576","studentName":"朱浩铭","completionRecordsCount":0,"userId":"68cc2fd0532158c4fe442576"}
{"timestamp":"2025-09-25 08:08:44","level":"info","message":"HTTP Request","requestId":"85ea03fd-f858-426c-9a5e-63a94979c1ba","method":"GET","url":"/api/students/68cc2fd0532158c4fe442576/profile","statusCode":304,"responseTime":12,"userAgent":"Mozilla/5.0 (Macintosh; Intel Mac OS X 10_15_7) AppleWebKit/537.36 (KHTML, like Gecko) Chrome/139.0.0.0 Safari/537.36","ip":"::1"}
{"timestamp":"2025-09-25 22:29:56","level":"info","message":"Incoming Request","requestId":"f8d15b2d-184a-44da-98b4-a2c6f22e63d9","method":"GET","url":"/api/registrations/my","userAgent":"Mozilla/5.0 (Macintosh; Intel Mac OS X 10_15_7) AppleWebKit/537.36 (KHTML, like Gecko) Chrome/139.0.0.0 Safari/537.36","ip":"::1"}
{"timestamp":"2025-09-25 22:29:56","level":"info","message":"HTTP Request","requestId":"f8d15b2d-184a-44da-98b4-a2c6f22e63d9","method":"GET","url":"/api/registrations/my","userId":"68cc2fd0532158c4fe442576","query":{}}
{"timestamp":"2025-09-25 22:29:56","level":"info","message":"Database Operation","operation":"Getting user registrations","collection":"eventRegistrations","query":{"studentId":"[Complex Object]"},"resultCount":0}
{"timestamp":"2025-09-25 22:29:56","level":"info","message":"User registrations retrieved successfully","requestId":"f8d15b2d-184a-44da-98b4-a2c6f22e63d9","count":1,"userId":"68cc2fd0532158c4fe442576"}
{"timestamp":"2025-09-25 22:29:56","level":"info","message":"HTTP Request","requestId":"f8d15b2d-184a-44da-98b4-a2c6f22e63d9","method":"GET","url":"/api/registrations/my","statusCode":304,"responseTime":22,"userAgent":"Mozilla/5.0 (Macintosh; Intel Mac OS X 10_15_7) AppleWebKit/537.36 (KHTML, like Gecko) Chrome/139.0.0.0 Safari/537.36","ip":"::1"}
{"timestamp":"2025-09-25 22:30:03","level":"info","message":"Incoming Request","requestId":"275462ab-bd0e-407d-a1a2-73b7c7d857bd","method":"POST","url":"/api/registrations/invite-info","userAgent":"Mozilla/5.0 (Macintosh; Intel Mac OS X 10_15_7) AppleWebKit/537.36 (KHTML, like Gecko) Chrome/139.0.0.0 Safari/537.36","ip":"::1"}
{"timestamp":"2025-09-25 22:30:03","level":"info","message":"Incoming Request","requestId":"bbce4428-f543-49b4-b441-a0379fe80c20","method":"POST","url":"/api/registrations/invite-info","userAgent":"Mozilla/5.0 (Macintosh; Intel Mac OS X 10_15_7) AppleWebKit/537.36 (KHTML, like Gecko) Chrome/139.0.0.0 Safari/537.36","ip":"::1"}
{"timestamp":"2025-09-25 22:30:03","level":"info","message":"HTTP Request","requestId":"275462ab-bd0e-407d-a1a2-73b7c7d857bd","method":"POST","url":"/api/registrations/invite-info","userId":"68cc2fd0532158c4fe442576","body":{"inviteCode":"df5C02901"}}
{"timestamp":"2025-09-25 22:30:03","level":"info","message":"HTTP Request","requestId":"bbce4428-f543-49b4-b441-a0379fe80c20","method":"POST","url":"/api/registrations/invite-info","userId":"68cc2fd0532158c4fe442576","body":{"inviteCode":"df5C02901"}}
{"timestamp":"2025-09-25 22:30:03","level":"info","message":"Retrieved invite code information","requestId":"275462ab-bd0e-407d-a1a2-73b7c7d857bd","inviteCode":"df5C02901","eventId":"68c58d4782eaf0375a9df722","userId":"68cc2fd0532158c4fe442576","gameTypeName":"接力赛","userStatus":"already_registered"}
