{"timestamp":"2025-09-27 23:24:56","level":"info","message":"HTTP Request","requestId":"c8e25755-acd9-40c8-8b87-801243a0c014","method":"POST","url":"/api/registrations","statusCode":404,"responseTime":6,"userAgent":"axios/1.11.0","ip":"::1"}
{"timestamp":"2025-09-27 23:35:13","level":"info","message":"Server started successfully","port":"5001","environment":"development","swaggerDocs":"http://localhost:5001/api-docs"}
{"timestamp":"2025-09-27 23:35:13","level":"info","message":"MongoDB connected successfully","database":"orienteeringx"}
{"timestamp":"2025-09-27 23:35:27","level":"info","message":"Incoming Request","requestId":"712873f4-fd8c-466b-899b-b03c556feffb","method":"GET","url":"/api-docs/","userAgent":"Mozilla/5.0 (Macintosh; Intel Mac OS X 10_15_7) AppleWebKit/537.36 (KHTML, like Gecko) Chrome/139.0.0.0 Safari/537.36","ip":"::1"}
{"timestamp":"2025-09-27 23:35:27","level":"info","message":"HTTP Request","requestId":"712873f4-fd8c-466b-899b-b03c556feffb","method":"GET","url":"/api-docs/","statusCode":304,"responseTime":6,"userAgent":"Mozilla/5.0 (Macintosh; Intel Mac OS X 10_15_7) AppleWebKit/537.36 (KHTML, like Gecko) Chrome/139.0.0.0 Safari/537.36","ip":"::1"}
{"timestamp":"2025-09-27 23:35:27","level":"info","message":"Incoming Request","requestId":"f41fd5ba-8438-4662-a81e-4b3ccd3711d3","method":"GET","url":"/api-docs/swagger-ui-bundle.js","userAgent":"Mozilla/5.0 (Macintosh; Intel Mac OS X 10_15_7) AppleWebKit/537.36 (KHTML, like Gecko) Chrome/139.0.0.0 Safari/537.36","ip":"::1"}
{"timestamp":"2025-09-27 23:35:27","level":"info","message":"Incoming Request","requestId":"e42b68b5-1d6d-435b-af1e-b47de773e0b7","method":"GET","url":"/api-docs/swagger-ui.css","userAgent":"Mozilla/5.0 (Macintosh; Intel Mac OS X 10_15_7) AppleWebKit/537.36 (KHTML, like Gecko) Chrome/139.0.0.0 Safari/537.36","ip":"::1"}
{"timestamp":"2025-09-27 23:35:27","level":"info","message":"Incoming Request","requestId":"efb17e5f-1e98-40f2-a0d8-a80eacd47d9d","method":"GET","url":"/api-docs/swagger-ui-standalone-preset.js","userAgent":"Mozilla/5.0 (Macintosh; Intel Mac OS X 10_15_7) AppleWebKit/537.36 (KHTML, like Gecko) Chrome/139.0.0.0 Safari/537.36","ip":"::1"}
{"timestamp":"2025-09-27 23:35:27","level":"info","message":"HTTP Request","requestId":"e42b68b5-1d6d-435b-af1e-b47de773e0b7","method":"GET","url":"/api-docs/swagger-ui.css","statusCode":304,"responseTime":5,"userAgent":"Mozilla/5.0 (Macintosh; Intel Mac OS X 10_15_7) AppleWebKit/537.36 (KHTML, like Gecko) Chrome/139.0.0.0 Safari/537.36","ip":"::1"}
{"timestamp":"2025-09-27 23:35:27","level":"info","message":"Incoming Request","requestId":"3e07d966-9cdd-4002-b319-f83eb1ae8662","method":"GET","url":"/api-docs/swagger-ui-init.js","userAgent":"Mozilla/5.0 (Macintosh; Intel Mac OS X 10_15_7) AppleWebKit/537.36 (KHTML, like Gecko) Chrome/139.0.0.0 Safari/537.36","ip":"::1"}
{"timestamp":"2025-09-27 23:35:27","level":"info","message":"HTTP Request","requestId":"3e07d966-9cdd-4002-b319-f83eb1ae8662","method":"GET","url":"/api-docs/swagger-ui-init.js","statusCode":200,"responseTime":4,"userAgent":"Mozilla/5.0 (Macintosh; Intel Mac OS X 10_15_7) AppleWebKit/537.36 (KHTML, like Gecko) Chrome/139.0.0.0 Safari/537.36","ip":"::1"}
{"timestamp":"2025-09-27 23:35:27","level":"info","message":"HTTP Request","requestId":"efb17e5f-1e98-40f2-a0d8-a80eacd47d9d","method":"GET","url":"/api-docs/swagger-ui-standalone-preset.js","statusCode":200,"responseTime":33,"userAgent":"Mozilla/5.0 (Macintosh; Intel Mac OS X 10_15_7) AppleWebKit/537.36 (KHTML, like Gecko) Chrome/139.0.0.0 Safari/537.36","ip":"::1"}
{"timestamp":"2025-09-27 23:35:27","level":"info","message":"HTTP Request","requestId":"f41fd5ba-8438-4662-a81e-4b3ccd3711d3","method":"GET","url":"/api-docs/swagger-ui-bundle.js","statusCode":200,"responseTime":45,"userAgent":"Mozilla/5.0 (Macintosh; Intel Mac OS X 10_15_7) AppleWebKit/537.36 (KHTML, like Gecko) Chrome/139.0.0.0 Safari/537.36","ip":"::1"}
{"timestamp":"2025-09-27 23:37:28","level":"info","message":"Server started successfully","port":"5001","environment":"development","swaggerDocs":"http://localhost:5001/api-docs"}
{"timestamp":"2025-09-27 23:37:28","level":"info","message":"MongoDB connected successfully","database":"orienteeringx"}
{"timestamp":"2025-09-27 23:37:36","level":"info","message":"Server started successfully","port":"5001","environment":"development","swaggerDocs":"http://localhost:5001/api-docs"}
{"timestamp":"2025-09-27 23:37:36","level":"info","message":"MongoDB connected successfully","database":"orienteeringx"}
{"timestamp":"2025-09-27 23:38:07","level":"info","message":"Server started successfully","port":"5001","environment":"development","swaggerDocs":"http://localhost:5001/api-docs"}
{"timestamp":"2025-09-27 23:38:07","level":"info","message":"MongoDB connected successfully","database":"orienteeringx"}
{"timestamp":"2025-09-27 23:38:37","level":"info","message":"Server started successfully","port":"5001","environment":"development","swaggerDocs":"http://localhost:5001/api-docs"}
{"timestamp":"2025-09-27 23:38:37","level":"info","message":"MongoDB connected successfully","database":"orienteeringx"}
{"timestamp":"2025-09-27 23:38:39","level":"info","message":"Server started successfully","port":"5001","environment":"development","swaggerDocs":"http://localhost:5001/api-docs"}
{"timestamp":"2025-09-27 23:38:39","level":"info","message":"MongoDB connected successfully","database":"orienteeringx"}
{"timestamp":"2025-09-27 23:39:04","level":"info","message":"Server started successfully","port":"5001","environment":"development","swaggerDocs":"http://localhost:5001/api-docs"}
{"timestamp":"2025-09-27 23:39:04","level":"info","message":"MongoDB connected successfully","database":"orienteeringx"}
{"timestamp":"2025-09-27 23:39:19","level":"info","message":"Incoming Request","requestId":"310cd642-99e9-410b-a6ae-6fe4af82cbbb","method":"POST","url":"/api/registrations","userAgent":"axios/1.11.0","ip":"::1"}
{"timestamp":"2025-09-27 23:39:19","level":"info","message":"HTTP Request","requestId":"310cd642-99e9-410b-a6ae-6fe4af82cbbb","method":"POST","url":"/api/registrations","userId":"6890c4b4e2e61a6f5e2f1fb1","body":{"eventId":"68c58d4782eaf0375a9df722","gameTypes":[{"name":"短距离","group":"小黑马"},{"name":"接力赛","group":"小黑马","team":{"name":"接力赛队伍","members":[{"_id":"6890c4b4e2e61a6f5e2f1fb1","runOrder":1,"captain":true},{"_id":"6890c4b4e2e61a6f5e2f1fa4","runOrder":2,"captain":false},{"_id":"6890c4b4e2e61a6f5e2f1fb3","runOrder":3,"captain":false}]}}]}}
{"timestamp":"2025-09-27 23:39:19","level":"info","message":"HTTP Request","requestId":"310cd642-99e9-410b-a6ae-6fe4af82cbbb","method":"POST","url":"/api/registrations","statusCode":404,"responseTime":18,"userAgent":"axios/1.11.0","ip":"::1"}
{"timestamp":"2025-09-27 23:40:31","level":"info","message":"Incoming Request","requestId":"77ea4165-7f0e-4bcc-8f71-77f507224cb5","method":"POST","url":"/api/registrations","userAgent":"axios/1.11.0","ip":"::1"}
{"timestamp":"2025-09-27 23:40:31","level":"info","message":"HTTP Request","requestId":"77ea4165-7f0e-4bcc-8f71-77f507224cb5","method":"POST","url":"/api/registrations","userId":"6890c4b4e2e61a6f5e2f1fb1","body":{"eventId":"68d8056278b9f8609132e845","gameTypes":[{"name":"短距离","group":"小黑马"},{"name":"接力赛","group":"小黑马","team":{"name":"接力赛队伍","members":[{"_id":"6890c4b4e2e61a6f5e2f1fb1","runOrder":1,"captain":true},{"_id":"6890c4b4e2e61a6f5e2f1fa4","runOrder":2,"captain":false},{"_id":"6890c4b4e2e61a6f5e2f1fb3","runOrder":3,"captain":false}]}}]}}
{"timestamp":"2025-09-27 23:40:31","level":"error","message":"Application Error EventRegistration validation failed: gameTypes: Invalid team members format for game type or invalid captain count","requestId":"77ea4165-7f0e-4bcc-8f71-77f507224cb5","method":"POST","url":"/api/registrations","stack":"ValidationError: EventRegistration validation failed: gameTypes: Invalid team members format for game type or invalid captain count\n    at Document.invalidate (/Users/alex/dev/orienteering_quiz_app/backend/node_modules/mongoose/lib/document.js:3219:32)\n    at /Users/alex/dev/orienteering_quiz_app/backend/node_modules/mongoose/lib/document.js:3012:17\n    at cb (/Users/alex/dev/orienteering_quiz_app/backend/node_modules/mongoose/lib/schema/documentarray.js:235:14)\n    at /Users/alex/dev/orienteering_quiz_app/backend/node_modules/mongoose/lib/schematype.js:1368:9\n    at process.processTicksAndRejections (node:internal/process/task_queues:85:11)","userAgent":"axios/1.11.0","ip":"::1"}
{"timestamp":"2025-09-27 23:40:31","level":"info","message":"HTTP Request","requestId":"77ea4165-7f0e-4bcc-8f71-77f507224cb5","method":"POST","url":"/api/registrations","statusCode":400,"responseTime":198,"userAgent":"axios/1.11.0","ip":"::1"}
{"timestamp":"2025-09-27 23:42:26","level":"info","message":"Incoming Request","requestId":"41344077-85fc-47e0-81fa-31c9ff4f65da","method":"POST","url":"/api/registrations","userAgent":"axios/1.11.0","ip":"::1"}
{"timestamp":"2025-09-27 23:42:26","level":"info","message":"HTTP Request","requestId":"41344077-85fc-47e0-81fa-31c9ff4f65da","method":"POST","url":"/api/registrations","userId":"6890c4b4e2e61a6f5e2f1fb1","body":{"eventId":"68d8056278b9f8609132e845","gameTypes":[{"name":"短距离","group":"小黑马"},{"name":"接力赛","group":"小黑马","team":{"name":"接力赛队伍","members":[{"_id":"6890c4b4e2e61a6f5e2f1fb1","runOrder":1,"captain":true},{"_id":"6890c4b4e2e61a6f5e2f1fa4","runOrder":2,"captain":false},{"_id":"6890c4b4e2e61a6f5e2f1fb3","runOrder":3,"captain":false}]}}]}}
{"timestamp":"2025-09-27 23:42:26","level":"info","message":"HTTP Request","requestId":"41344077-85fc-47e0-81fa-31c9ff4f65da","method":"POST","url":"/api/registrations","statusCode":409,"responseTime":10,"userAgent":"axios/1.11.0","ip":"::1"}
{"timestamp":"2025-09-27 23:42:51","level":"info","message":"Incoming Request","requestId":"1dc5d778-6d59-4b04-8cb1-5037bb7b9322","method":"POST","url":"/api/registrations","userAgent":"axios/1.11.0","ip":"::1"}
{"timestamp":"2025-09-27 23:42:51","level":"info","message":"HTTP Request","requestId":"1dc5d778-6d59-4b04-8cb1-5037bb7b9322","method":"POST","url":"/api/registrations","userId":"6890c4b4e2e61a6f5e2f1fb1","body":{"eventId":"68c58d4782eaf0375a9df722","gameTypes":[{"name":"短距离","group":"小黑马"},{"name":"接力赛","group":"小黑马","team":{"name":"接力赛队伍","members":[{"_id":"6890c4b4e2e61a6f5e2f1fb1","runOrder":1,"captain":true},{"_id":"6890c4b4e2e61a6f5e2f1fa4","runOrder":2,"captain":false},{"_id":"6890c4b4e2e61a6f5e2f1fb3","runOrder":3,"captain":false}]}}]}}
{"timestamp":"2025-09-27 23:42:51","level":"info","message":"HTTP Request","requestId":"1dc5d778-6d59-4b04-8cb1-5037bb7b9322","method":"POST","url":"/api/registrations","statusCode":404,"responseTime":8,"userAgent":"axios/1.11.0","ip":"::1"}
{"timestamp":"2025-09-27 23:43:36","level":"info","message":"Incoming Request","requestId":"00c3ba26-8ea5-46e4-b048-c1bb2a8ef2e5","method":"POST","url":"/api/registrations","userAgent":"axios/1.11.0","ip":"::1"}
{"timestamp":"2025-09-27 23:43:36","level":"info","message":"HTTP Request","requestId":"00c3ba26-8ea5-46e4-b048-c1bb2a8ef2e5","method":"POST","url":"/api/registrations","userId":"6890c4b4e2e61a6f5e2f1fb1","body":{"eventId":"68c58d4782eaf0375a9df722","gameTypes":[{"name":"短距离","group":"小黑马"},{"name":"接力赛","group":"小黑马","team":{"name":"接力赛队伍","members":[{"_id":"6890c4b4e2e61a6f5e2f1fb1","runOrder":1,"captain":true},{"_id":"6890c4b4e2e61a6f5e2f1fa4","runOrder":2,"captain":false},{"_id":"6890c4b4e2e61a6f5e2f1fb3","runOrder":3,"captain":false}]}}]}}
{"timestamp":"2025-09-27 23:43:36","level":"info","message":"HTTP Request","requestId":"00c3ba26-8ea5-46e4-b048-c1bb2a8ef2e5","method":"POST","url":"/api/registrations","statusCode":404,"responseTime":9,"userAgent":"axios/1.11.0","ip":"::1"}
{"timestamp":"2025-09-27 23:43:57","level":"info","message":"Incoming Request","requestId":"3b2d929a-8456-42f8-9853-450580ca9b72","method":"POST","url":"/api/registrations","userAgent":"axios/1.11.0","ip":"::1"}
{"timestamp":"2025-09-27 23:43:57","level":"info","message":"HTTP Request","requestId":"3b2d929a-8456-42f8-9853-450580ca9b72","method":"POST","url":"/api/registrations","userId":"6890c4b4e2e61a6f5e2f1fb1","body":{"eventId":"68c58d4782eaf0375a9df722","gameTypes":[{"name":"短距离","group":"小黑马"},{"name":"接力赛","group":"小黑马","team":{"name":"接力赛队伍","members":[{"_id":"6890c4b4e2e61a6f5e2f1fb1","runOrder":1,"captain":true},{"_id":"6890c4b4e2e61a6f5e2f1fa4","runOrder":2,"captain":false},{"_id":"6890c4b4e2e61a6f5e2f1fb3","runOrder":3,"captain":false}]}}]}}
{"timestamp":"2025-09-27 23:43:57","level":"info","message":"HTTP Request","requestId":"3b2d929a-8456-42f8-9853-450580ca9b72","method":"POST","url":"/api/registrations","statusCode":404,"responseTime":3,"userAgent":"axios/1.11.0","ip":"::1"}
{"timestamp":"2025-09-27 23:44:17","level":"info","message":"Server started successfully","port":"5001","environment":"development","swaggerDocs":"http://localhost:5001/api-docs"}
{"timestamp":"2025-09-27 23:44:17","level":"info","message":"MongoDB connected successfully","database":"orienteeringx"}
{"timestamp":"2025-09-27 23:44:25","level":"info","message":"Incoming Request","requestId":"da111300-21ab-4f1e-aef9-c8596ce86603","method":"POST","url":"/api/registrations","userAgent":"axios/1.11.0","ip":"::1"}
{"timestamp":"2025-09-27 23:44:25","level":"info","message":"HTTP Request","requestId":"da111300-21ab-4f1e-aef9-c8596ce86603","method":"POST","url":"/api/registrations","userId":"6890c4b4e2e61a6f5e2f1fb1","body":{"eventId":"68c58d4782eaf0375a9df722","gameTypes":[{"name":"短距离","group":"小黑马"},{"name":"接力赛","group":"小黑马","team":{"name":"接力赛队伍","members":[{"_id":"6890c4b4e2e61a6f5e2f1fb1","runOrder":1,"captain":true},{"_id":"6890c4b4e2e61a6f5e2f1fa4","runOrder":2,"captain":false},{"_id":"6890c4b4e2e61a6f5e2f1fb3","runOrder":3,"captain":false}]}}]}}
{"timestamp":"2025-09-27 23:44:25","level":"info","message":"HTTP Request","requestId":"da111300-21ab-4f1e-aef9-c8596ce86603","method":"POST","url":"/api/registrations","statusCode":404,"responseTime":25,"userAgent":"axios/1.11.0","ip":"::1"}
{"timestamp":"2025-09-27 23:46:06","level":"info","message":"Incoming Request","requestId":"bc8ed340-3b29-4bb7-bea4-69c1135bc137","method":"POST","url":"/api/registrations","userAgent":"axios/1.11.0","ip":"::1"}
{"timestamp":"2025-09-27 23:46:06","level":"info","message":"HTTP Request","requestId":"bc8ed340-3b29-4bb7-bea4-69c1135bc137","method":"POST","url":"/api/registrations","userId":"6890c4b4e2e61a6f5e2f1fb1","body":{"eventId":"68c58d4782eaf0375a9df722","gameTypes":[{"name":"接力赛","group":"小黑马","team":{"name":"接力赛队伍","members":[{"_id":"6890c4b4e2e61a6f5e2f1fb1","runOrder":1,"captain":true},{"_id":"6890c4b4e2e61a6f5e2f1fa4","runOrder":2,"captain":false},{"_id":"6890c4b4e2e61a6f5e2f1fb3","runOrder":3,"captain":false}]}}]}}
{"timestamp":"2025-09-27 23:46:06","level":"info","message":"HTTP Request","requestId":"bc8ed340-3b29-4bb7-bea4-69c1135bc137","method":"POST","url":"/api/registrations","statusCode":404,"responseTime":31,"userAgent":"axios/1.11.0","ip":"::1"}
{"timestamp":"2025-09-27 23:47:12","level":"info","message":"Incoming Request","requestId":"29a8171f-2092-43e2-a248-143455481ade","method":"POST","url":"/api/registrations","userAgent":"axios/1.11.0","ip":"::1"}
{"timestamp":"2025-09-27 23:47:12","level":"info","message":"HTTP Request","requestId":"29a8171f-2092-43e2-a248-143455481ade","method":"POST","url":"/api/registrations","userId":"6890c4b4e2e61a6f5e2f1fb1","body":{"eventId":"68c58d4782eaf0375a9df722","gameTypes":[{"name":"接力赛","group":"小黑马","team":{"name":"接力赛队伍","members":[{"_id":"6890c4b4e2e61a6f5e2f1fb1","runOrder":1,"captain":true},{"_id":"6890c4b4e2e61a6f5e2f1fa4","runOrder":2,"captain":false},{"_id":"6890c4b4e2e61a6f5e2f1fb3","runOrder":3,"captain":false}]}}]}}
{"timestamp":"2025-09-27 23:47:12","level":"info","message":"HTTP Request","requestId":"29a8171f-2092-43e2-a248-143455481ade","method":"POST","url":"/api/registrations","statusCode":404,"responseTime":30,"userAgent":"axios/1.11.0","ip":"::1"}
{"timestamp":"2025-09-27 23:47:32","level":"info","message":"Server started successfully","port":"5001","environment":"development","swaggerDocs":"http://localhost:5001/api-docs"}
{"timestamp":"2025-09-27 23:47:32","level":"info","message":"MongoDB connected successfully","database":"orienteeringx"}
{"timestamp":"2025-09-27 23:47:39","level":"info","message":"Incoming Request","requestId":"2bdf0c07-81c4-4669-acbe-6d0d557a7c3b","method":"POST","url":"/api/registrations","userAgent":"axios/1.11.0","ip":"::1"}
{"timestamp":"2025-09-27 23:47:39","level":"info","message":"HTTP Request","requestId":"2bdf0c07-81c4-4669-acbe-6d0d557a7c3b","method":"POST","url":"/api/registrations","userId":"6890c4b4e2e61a6f5e2f1fb1","body":{"eventId":"68c58d4782eaf0375a9df722","gameTypes":[{"name":"接力赛","group":"小黑马","team":{"name":"接力赛队伍","members":[{"_id":"6890c4b4e2e61a6f5e2f1fb1","runOrder":1,"captain":true},{"_id":"6890c4b4e2e61a6f5e2f1fa4","runOrder":2,"captain":false},{"_id":"6890c4b4e2e61a6f5e2f1fb3","runOrder":3,"captain":false}]}}]}}
{"timestamp":"2025-09-27 23:47:39","level":"info","message":"HTTP Request","requestId":"2bdf0c07-81c4-4669-acbe-6d0d557a7c3b","method":"POST","url":"/api/registrations","statusCode":404,"responseTime":27,"userAgent":"axios/1.11.0","ip":"::1"}
{"timestamp":"2025-09-27 23:48:36","level":"info","message":"Incoming Request","requestId":"d2bc85a1-c59b-4ac8-bd68-150450e503f3","method":"POST","url":"/api/registrations","userAgent":"axios/1.11.0","ip":"::1"}
{"timestamp":"2025-09-27 23:48:36","level":"info","message":"HTTP Request","requestId":"d2bc85a1-c59b-4ac8-bd68-150450e503f3","method":"POST","url":"/api/registrations","userId":"6890c4b4e2e61a6f5e2f1fb1","body":{"eventId":"68d8056278b9f8609132e845","gameTypes":[{"name":"短距离","group":"小黑马"},{"name":"接力赛","group":"小黑马","team":{"name":"接力赛队伍","members":[{"_id":"6890c4b4e2e61a6f5e2f1fb1","runOrder":1,"captain":true},{"_id":"6890c4b4e2e61a6f5e2f1fa4","runOrder":2,"captain":false},{"_id":"6890c4b4e2e61a6f5e2f1fb3","runOrder":3,"captain":false}]}}]}}
{"timestamp":"2025-09-27 23:48:36","level":"info","message":"HTTP Request","requestId":"d2bc85a1-c59b-4ac8-bd68-150450e503f3","method":"POST","url":"/api/registrations","statusCode":409,"responseTime":15,"userAgent":"axios/1.11.0","ip":"::1"}
{"timestamp":"2025-09-27 23:49:05","level":"info","message":"Incoming Request","requestId":"8c433616-3b7f-4261-aae3-ee1f72ddd850","method":"GET","url":"/api/assignments/coach","userAgent":"Mozilla/5.0 (Macintosh; Intel Mac OS X 10_15_7) AppleWebKit/537.36 (KHTML, like Gecko) Trae/1.100.3 Chrome/132.0.6834.210 Electron/34.5.1 Safari/537.36","ip":"::1"}
{"timestamp":"2025-09-27 23:49:05","level":"info","message":"Incoming Request","requestId":"ab15d3e5-34d2-4601-9bb1-06dd84039848","method":"GET","url":"/api/students","userAgent":"Mozilla/5.0 (Macintosh; Intel Mac OS X 10_15_7) AppleWebKit/537.36 (KHTML, like Gecko) Trae/1.100.3 Chrome/132.0.6834.210 Electron/34.5.1 Safari/537.36","ip":"::1"}
{"timestamp":"2025-09-27 23:49:05","level":"info","message":"Incoming Request","requestId":"c4eac059-6a8b-481c-93d0-f220b6c46c5a","method":"GET","url":"/api/events","userAgent":"Mozilla/5.0 (Macintosh; Intel Mac OS X 10_15_7) AppleWebKit/537.36 (KHTML, like Gecko) Trae/1.100.3 Chrome/132.0.6834.210 Electron/34.5.1 Safari/537.36","ip":"::1"}
{"timestamp":"2025-09-27 23:49:05","level":"info","message":"HTTP Request","requestId":"8c433616-3b7f-4261-aae3-ee1f72ddd850","method":"GET","url":"/api/assignments/coach","userId":"68bc5607993056c58ca916af"}
{"timestamp":"2025-09-27 23:49:05","level":"info","message":"Database Operation","operation":"find","collection":"assignments","query":{"coachId":"[Complex Object]"},"resultCount":0}
{"timestamp":"2025-09-27 23:49:05","level":"info","message":"HTTP Request","requestId":"ab15d3e5-34d2-4601-9bb1-06dd84039848","method":"GET","url":"/api/students","userId":"68bc5607993056c58ca916af"}
{"timestamp":"2025-09-27 23:49:05","level":"info","message":"Database Operation","operation":"Finding students with filter","collection":"collection","query":{"filter":"[Complex Object]"},"resultCount":0}
{"timestamp":"2025-09-27 23:49:05","level":"info","message":"Incoming Request","requestId":"256c9e8a-0a2e-4157-84ca-eec8032e80ca","method":"GET","url":"/api/quizzes","userAgent":"Mozilla/5.0 (Macintosh; Intel Mac OS X 10_15_7) AppleWebKit/537.36 (KHTML, like Gecko) Trae/1.100.3 Chrome/132.0.6834.210 Electron/34.5.1 Safari/537.36","ip":"::1"}
{"timestamp":"2025-09-27 23:49:05","level":"info","message":"HTTP Request","requestId":"c4eac059-6a8b-481c-93d0-f220b6c46c5a","method":"GET","url":"/api/events","userId":"68bc5607993056c58ca916af"}
{"timestamp":"2025-09-27 23:49:05","level":"info","message":"Database Operation","operation":"Finding events with filter","collection":"events","query":{"filter":"[Complex Object]"},"resultCount":0}
{"timestamp":"2025-09-27 23:49:05","level":"info","message":"HTTP Request","requestId":"256c9e8a-0a2e-4157-84ca-eec8032e80ca","method":"GET","url":"/api/quizzes","userId":"68bc5607993056c58ca916af"}
{"timestamp":"2025-09-27 23:49:05","level":"info","message":"Database Operation","operation":"find","collection":"quizzes","query":{"status":"active"},"resultCount":0}
{"timestamp":"2025-09-27 23:49:05","level":"info","message":"Events retrieved successfully","requestId":"c4eac059-6a8b-481c-93d0-f220b6c46c5a","count":1,"filter":{},"userId":"68bc5607993056c58ca916af"}
{"timestamp":"2025-09-27 23:49:05","level":"info","message":"HTTP Request","requestId":"c4eac059-6a8b-481c-93d0-f220b6c46c5a","method":"GET","url":"/api/events","statusCode":200,"responseTime":24,"userAgent":"Mozilla/5.0 (Macintosh; Intel Mac OS X 10_15_7) AppleWebKit/537.36 (KHTML, like Gecko) Trae/1.100.3 Chrome/132.0.6834.210 Electron/34.5.1 Safari/537.36","ip":"::1"}
{"timestamp":"2025-09-27 23:49:05","level":"info","message":"Students retrieved successfully","requestId":"ab15d3e5-34d2-4601-9bb1-06dd84039848","count":59,"filter":{"role":"student"},"coachId":"68bc5607993056c58ca916af"}
{"timestamp":"2025-09-27 23:49:05","level":"info","message":"HTTP Request","requestId":"ab15d3e5-34d2-4601-9bb1-06dd84039848","method":"GET","url":"/api/students","statusCode":304,"responseTime":47,"userAgent":"Mozilla/5.0 (Macintosh; Intel Mac OS X 10_15_7) AppleWebKit/537.36 (KHTML, like Gecko) Trae/1.100.3 Chrome/132.0.6834.210 Electron/34.5.1 Safari/537.36","ip":"::1"}
{"timestamp":"2025-09-27 23:49:05","level":"info","message":"Active quizzes retrieved successfully","requestId":"256c9e8a-0a2e-4157-84ca-eec8032e80ca","quizCount":5,"userId":"68bc5607993056c58ca916af","quizTitles":["Orienteering Basics","Orienteering Map & Control Features","Game to train correspondence between the profile of a mountain and the contour lines on the map.(Basic)","Game to train correspondence between the profile of a mountain and the contour lines on the map.(Medium)","Game to train correspondence between the profile of a mountain and the contour lines on the map.(难)"]}
{"timestamp":"2025-09-27 23:49:05","level":"info","message":"HTTP Request","requestId":"256c9e8a-0a2e-4157-84ca-eec8032e80ca","method":"GET","url":"/api/quizzes","statusCode":304,"responseTime":49,"userAgent":"Mozilla/5.0 (Macintosh; Intel Mac OS X 10_15_7) AppleWebKit/537.36 (KHTML, like Gecko) Trae/1.100.3 Chrome/132.0.6834.210 Electron/34.5.1 Safari/537.36","ip":"::1"}
{"timestamp":"2025-09-27 23:49:05","level":"info","message":"Coach assignments retrieved successfully","requestId":"8c433616-3b7f-4261-aae3-ee1f72ddd850","coachId":"68bc5607993056c58ca916af","assignmentCount":1}
{"timestamp":"2025-09-27 23:49:05","level":"info","message":"HTTP Request","requestId":"8c433616-3b7f-4261-aae3-ee1f72ddd850","method":"GET","url":"/api/assignments/coach","statusCode":304,"responseTime":105,"userAgent":"Mozilla/5.0 (Macintosh; Intel Mac OS X 10_15_7) AppleWebKit/537.36 (KHTML, like Gecko) Trae/1.100.3 Chrome/132.0.6834.210 Electron/34.5.1 Safari/537.36","ip":"::1"}
{"timestamp":"2025-09-27 23:49:05","level":"info","message":"Incoming Request","requestId":"b62f466b-a248-4e16-8fa6-dc41dbbf3c38","method":"GET","url":"/api/events","userAgent":"Mozilla/5.0 (Macintosh; Intel Mac OS X 10_15_7) AppleWebKit/537.36 (KHTML, like Gecko) Trae/1.100.3 Chrome/132.0.6834.210 Electron/34.5.1 Safari/537.36","ip":"::1"}
{"timestamp":"2025-09-27 23:49:05","level":"info","message":"Incoming Request","requestId":"5441b85e-5fd1-4164-aeff-48a55cc3c139","method":"GET","url":"/api/students","userAgent":"Mozilla/5.0 (Macintosh; Intel Mac OS X 10_15_7) AppleWebKit/537.36 (KHTML, like Gecko) Trae/1.100.3 Chrome/132.0.6834.210 Electron/34.5.1 Safari/537.36","ip":"::1"}
{"timestamp":"2025-09-27 23:49:05","level":"info","message":"HTTP Request","requestId":"b62f466b-a248-4e16-8fa6-dc41dbbf3c38","method":"GET","url":"/api/events","userId":"68bc5607993056c58ca916af"}
{"timestamp":"2025-09-27 23:49:05","level":"info","message":"Database Operation","operation":"Finding events with filter","collection":"events","query":{"filter":"[Complex Object]"},"resultCount":0}
{"timestamp":"2025-09-27 23:49:05","level":"info","message":"Incoming Request","requestId":"fcdb19de-1927-44ff-89e8-e9ffe57048d5","method":"GET","url":"/api/quizzes","userAgent":"Mozilla/5.0 (Macintosh; Intel Mac OS X 10_15_7) AppleWebKit/537.36 (KHTML, like Gecko) Trae/1.100.3 Chrome/132.0.6834.210 Electron/34.5.1 Safari/537.36","ip":"::1"}
{"timestamp":"2025-09-27 23:49:05","level":"info","message":"HTTP Request","requestId":"5441b85e-5fd1-4164-aeff-48a55cc3c139","method":"GET","url":"/api/students","userId":"68bc5607993056c58ca916af"}
{"timestamp":"2025-09-27 23:49:05","level":"info","message":"Database Operation","operation":"Finding students with filter","collection":"collection","query":{"filter":"[Complex Object]"},"resultCount":0}
{"timestamp":"2025-09-27 23:49:05","level":"info","message":"HTTP Request","requestId":"fcdb19de-1927-44ff-89e8-e9ffe57048d5","method":"GET","url":"/api/quizzes","userId":"68bc5607993056c58ca916af"}
{"timestamp":"2025-09-27 23:49:05","level":"info","message":"Database Operation","operation":"find","collection":"quizzes","query":{"status":"active"},"resultCount":0}
{"timestamp":"2025-09-27 23:49:05","level":"info","message":"Incoming Request","requestId":"daef7677-6dd2-490f-81e6-4ec883403149","method":"GET","url":"/api/assignments/coach","userAgent":"Mozilla/5.0 (Macintosh; Intel Mac OS X 10_15_7) AppleWebKit/537.36 (KHTML, like Gecko) Trae/1.100.3 Chrome/132.0.6834.210 Electron/34.5.1 Safari/537.36","ip":"::1"}
{"timestamp":"2025-09-27 23:49:05","level":"info","message":"HTTP Request","requestId":"daef7677-6dd2-490f-81e6-4ec883403149","method":"GET","url":"/api/assignments/coach","userId":"68bc5607993056c58ca916af"}
{"timestamp":"2025-09-27 23:49:05","level":"info","message":"Database Operation","operation":"find","collection":"assignments","query":{"coachId":"[Complex Object]"},"resultCount":0}
{"timestamp":"2025-09-27 23:49:05","level":"info","message":"Events retrieved successfully","requestId":"b62f466b-a248-4e16-8fa6-dc41dbbf3c38","count":1,"filter":{},"userId":"68bc5607993056c58ca916af"}
{"timestamp":"2025-09-27 23:49:05","level":"info","message":"HTTP Request","requestId":"b62f466b-a248-4e16-8fa6-dc41dbbf3c38","method":"GET","url":"/api/events","statusCode":304,"responseTime":26,"userAgent":"Mozilla/5.0 (Macintosh; Intel Mac OS X 10_15_7) AppleWebKit/537.36 (KHTML, like Gecko) Trae/1.100.3 Chrome/132.0.6834.210 Electron/34.5.1 Safari/537.36","ip":"::1"}
{"timestamp":"2025-09-27 23:49:05","level":"info","message":"Students retrieved successfully","requestId":"5441b85e-5fd1-4164-aeff-48a55cc3c139","count":59,"filter":{"role":"student"},"coachId":"68bc5607993056c58ca916af"}
{"timestamp":"2025-09-27 23:49:05","level":"info","message":"HTTP Request","requestId":"5441b85e-5fd1-4164-aeff-48a55cc3c139","method":"GET","url":"/api/students","statusCode":304,"responseTime":66,"userAgent":"Mozilla/5.0 (Macintosh; Intel Mac OS X 10_15_7) AppleWebKit/537.36 (KHTML, like Gecko) Trae/1.100.3 Chrome/132.0.6834.210 Electron/34.5.1 Safari/537.36","ip":"::1"}
{"timestamp":"2025-09-27 23:49:05","level":"info","message":"Active quizzes retrieved successfully","requestId":"fcdb19de-1927-44ff-89e8-e9ffe57048d5","quizCount":5,"userId":"68bc5607993056c58ca916af","quizTitles":["Orienteering Basics","Orienteering Map & Control Features","Game to train correspondence between the profile of a mountain and the contour lines on the map.(Basic)","Game to train correspondence between the profile of a mountain and the contour lines on the map.(Medium)","Game to train correspondence between the profile of a mountain and the contour lines on the map.(难)"]}
{"timestamp":"2025-09-27 23:49:05","level":"info","message":"HTTP Request","requestId":"fcdb19de-1927-44ff-89e8-e9ffe57048d5","method":"GET","url":"/api/quizzes","statusCode":304,"responseTime":63,"userAgent":"Mozilla/5.0 (Macintosh; Intel Mac OS X 10_15_7) AppleWebKit/537.36 (KHTML, like Gecko) Trae/1.100.3 Chrome/132.0.6834.210 Electron/34.5.1 Safari/537.36","ip":"::1"}
{"timestamp":"2025-09-27 23:49:05","level":"info","message":"Coach assignments retrieved successfully","requestId":"daef7677-6dd2-490f-81e6-4ec883403149","coachId":"68bc5607993056c58ca916af","assignmentCount":1}
{"timestamp":"2025-09-27 23:49:05","level":"info","message":"HTTP Request","requestId":"daef7677-6dd2-490f-81e6-4ec883403149","method":"GET","url":"/api/assignments/coach","statusCode":304,"responseTime":119,"userAgent":"Mozilla/5.0 (Macintosh; Intel Mac OS X 10_15_7) AppleWebKit/537.36 (KHTML, like Gecko) Trae/1.100.3 Chrome/132.0.6834.210 Electron/34.5.1 Safari/537.36","ip":"::1"}
{"timestamp":"2025-09-27 23:49:05","level":"info","message":"Incoming Request","requestId":"dcca5557-e678-4946-9d86-df79224f1b96","method":"GET","url":"/api/events/68c58d4782eaf0375a9df722","userAgent":"Mozilla/5.0 (Macintosh; Intel Mac OS X 10_15_7) AppleWebKit/537.36 (KHTML, like Gecko) Chrome/139.0.0.0 Safari/537.36","ip":"::1"}
{"timestamp":"2025-09-27 23:49:05","level":"info","message":"Incoming Request","requestId":"417a4f4d-6792-4c5c-904d-4c220059a1ac","method":"GET","url":"/api/auth/profile","userAgent":"Mozilla/5.0 (Macintosh; Intel Mac OS X 10_15_7) AppleWebKit/537.36 (KHTML, like Gecko) Chrome/139.0.0.0 Safari/537.36","ip":"::1"}
{"timestamp":"2025-09-27 23:49:05","level":"info","message":"HTTP Request","requestId":"dcca5557-e678-4946-9d86-df79224f1b96","method":"GET","url":"/api/events/68c58d4782eaf0375a9df722","userId":"6890c4b4e2e61a6f5e2f1fb1"}
{"timestamp":"2025-09-27 23:49:05","level":"info","message":"Database Operation","operation":"Finding event by ID","collection":"events","query":{"_id":"68c58d4782eaf0375a9df722"},"resultCount":0}
{"timestamp":"2025-09-27 23:49:05","level":"info","message":"Profile request","requestId":"417a4f4d-6792-4c5c-904d-4c220059a1ac","userId":"6890c4b4e2e61a6f5e2f1fb1"}
{"timestamp":"2025-09-27 23:49:05","level":"info","message":"HTTP Request","requestId":"dcca5557-e678-4946-9d86-df79224f1b96","method":"GET","url":"/api/events/68c58d4782eaf0375a9df722","statusCode":404,"responseTime":35,"userAgent":"Mozilla/5.0 (Macintosh; Intel Mac OS X 10_15_7) AppleWebKit/537.36 (KHTML, like Gecko) Chrome/139.0.0.0 Safari/537.36","ip":"::1"}
{"timestamp":"2025-09-27 23:49:05","level":"info","message":"Profile retrieved successfully","requestId":"417a4f4d-6792-4c5c-904d-4c220059a1ac","userId":"6890c4b4e2e61a6f5e2f1fb1","userName":"谢宇涛"}
{"timestamp":"2025-09-27 23:49:05","level":"info","message":"HTTP Request","requestId":"417a4f4d-6792-4c5c-904d-4c220059a1ac","method":"GET","url":"/api/auth/profile","statusCode":304,"responseTime":29,"userAgent":"Mozilla/5.0 (Macintosh; Intel Mac OS X 10_15_7) AppleWebKit/537.36 (KHTML, like Gecko) Chrome/139.0.0.0 Safari/537.36","ip":"::1"}
{"timestamp":"2025-09-27 23:49:05","level":"info","message":"Incoming Request","requestId":"18ad4154-844a-44d2-9adf-b10959cab8db","method":"GET","url":"/api/events/68c58d4782eaf0375a9df722","userAgent":"Mozilla/5.0 (Macintosh; Intel Mac OS X 10_15_7) AppleWebKit/537.36 (KHTML, like Gecko) Chrome/139.0.0.0 Safari/537.36","ip":"::1"}
{"timestamp":"2025-09-27 23:49:05","level":"info","message":"Incoming Request","requestId":"3f2781ae-ba66-472b-aa7b-324a8df00b96","method":"GET","url":"/api/auth/profile","userAgent":"Mozilla/5.0 (Macintosh; Intel Mac OS X 10_15_7) AppleWebKit/537.36 (KHTML, like Gecko) Chrome/139.0.0.0 Safari/537.36","ip":"::1"}
{"timestamp":"2025-09-27 23:49:05","level":"info","message":"Profile request","requestId":"3f2781ae-ba66-472b-aa7b-324a8df00b96","userId":"6890c4b4e2e61a6f5e2f1fb1"}
{"timestamp":"2025-09-27 23:49:05","level":"info","message":"HTTP Request","requestId":"18ad4154-844a-44d2-9adf-b10959cab8db","method":"GET","url":"/api/events/68c58d4782eaf0375a9df722","userId":"6890c4b4e2e61a6f5e2f1fb1"}
{"timestamp":"2025-09-27 23:49:05","level":"info","message":"Database Operation","operation":"Finding event by ID","collection":"events","query":{"_id":"68c58d4782eaf0375a9df722"},"resultCount":0}
{"timestamp":"2025-09-27 23:49:05","level":"info","message":"Incoming Request","requestId":"4ffb757a-3691-418b-b37a-36a31973c076","method":"GET","url":"/api/events/open","userAgent":"Mozilla/5.0 (Macintosh; Intel Mac OS X 10_15_7) AppleWebKit/537.36 (KHTML, like Gecko) Chrome/139.0.0.0 Safari/537.36","ip":"::1"}
{"timestamp":"2025-09-27 23:49:05","level":"info","message":"Incoming Request","requestId":"03ebb4c4-f173-4eb5-a001-566cd94307da","method":"GET","url":"/api/registrations/my","userAgent":"Mozilla/5.0 (Macintosh; Intel Mac OS X 10_15_7) AppleWebKit/537.36 (KHTML, like Gecko) Chrome/139.0.0.0 Safari/537.36","ip":"::1"}
{"timestamp":"2025-09-27 23:49:05","level":"info","message":"HTTP Request","requestId":"4ffb757a-3691-418b-b37a-36a31973c076","method":"GET","url":"/api/events/open","userId":"6890c4b4e2e61a6f5e2f1fb1"}
{"timestamp":"2025-09-27 23:49:05","level":"info","message":"Database Operation","operation":"Finding open registration events","collection":"events","query":{"filter":"[Complex Object]"},"resultCount":0}
{"timestamp":"2025-09-27 23:49:05","level":"info","message":"HTTP Request","requestId":"03ebb4c4-f173-4eb5-a001-566cd94307da","method":"GET","url":"/api/registrations/my","userId":"6890c4b4e2e61a6f5e2f1fb1","query":{}}
{"timestamp":"2025-09-27 23:49:05","level":"info","message":"Database Operation","operation":"Getting user registrations","collection":"eventRegistrations","query":{"studentId":"[Complex Object]"},"resultCount":0}
{"timestamp":"2025-09-27 23:49:05","level":"info","message":"Profile retrieved successfully","requestId":"3f2781ae-ba66-472b-aa7b-324a8df00b96","userId":"6890c4b4e2e61a6f5e2f1fb1","userName":"谢宇涛"}
{"timestamp":"2025-09-27 23:49:05","level":"info","message":"HTTP Request","requestId":"3f2781ae-ba66-472b-aa7b-324a8df00b96","method":"GET","url":"/api/auth/profile","statusCode":304,"responseTime":30,"userAgent":"Mozilla/5.0 (Macintosh; Intel Mac OS X 10_15_7) AppleWebKit/537.36 (KHTML, like Gecko) Chrome/139.0.0.0 Safari/537.36","ip":"::1"}
{"timestamp":"2025-09-27 23:49:05","level":"info","message":"HTTP Request","requestId":"18ad4154-844a-44d2-9adf-b10959cab8db","method":"GET","url":"/api/events/68c58d4782eaf0375a9df722","statusCode":404,"responseTime":37,"userAgent":"Mozilla/5.0 (Macintosh; Intel Mac OS X 10_15_7) AppleWebKit/537.36 (KHTML, like Gecko) Chrome/139.0.0.0 Safari/537.36","ip":"::1"}
{"timestamp":"2025-09-27 23:49:05","level":"info","message":"Open registration events retrieved successfully","requestId":"4ffb757a-3691-418b-b37a-36a31973c076","count":0,"filter":{"openRegistration":true,"endDate":{"$gte":"2025-09-27T15:49:05.860Z"}}}
{"timestamp":"2025-09-27 23:49:05","level":"info","message":"HTTP Request","requestId":"4ffb757a-3691-418b-b37a-36a31973c076","method":"GET","url":"/api/events/open","statusCode":200,"responseTime":27,"userAgent":"Mozilla/5.0 (Macintosh; Intel Mac OS X 10_15_7) AppleWebKit/537.36 (KHTML, like Gecko) Chrome/139.0.0.0 Safari/537.36","ip":"::1"}
{"timestamp":"2025-09-27 23:49:05","level":"info","message":"Incoming Request","requestId":"ba9bb367-6583-4f32-9d63-1c69671c3fc3","method":"GET","url":"/api/events/open","userAgent":"Mozilla/5.0 (Macintosh; Intel Mac OS X 10_15_7) AppleWebKit/537.36 (KHTML, like Gecko) Chrome/139.0.0.0 Safari/537.36","ip":"::1"}
{"timestamp":"2025-09-27 23:49:05","level":"info","message":"HTTP Request","requestId":"ba9bb367-6583-4f32-9d63-1c69671c3fc3","method":"GET","url":"/api/events/open","userId":"6890c4b4e2e61a6f5e2f1fb1"}
{"timestamp":"2025-09-27 23:49:05","level":"info","message":"Database Operation","operation":"Finding open registration events","collection":"events","query":{"filter":"[Complex Object]"},"resultCount":0}
{"timestamp":"2025-09-27 23:49:05","level":"info","message":"Open registration events retrieved successfully","requestId":"ba9bb367-6583-4f32-9d63-1c69671c3fc3","count":0,"filter":{"openRegistration":true,"endDate":{"$gte":"2025-09-27T15:49:05.900Z"}}}
{"timestamp":"2025-09-27 23:49:05","level":"info","message":"HTTP Request","requestId":"ba9bb367-6583-4f32-9d63-1c69671c3fc3","method":"GET","url":"/api/events/open","statusCode":304,"responseTime":33,"userAgent":"Mozilla/5.0 (Macintosh; Intel Mac OS X 10_15_7) AppleWebKit/537.36 (KHTML, like Gecko) Chrome/139.0.0.0 Safari/537.36","ip":"::1"}
{"timestamp":"2025-09-27 23:49:05","level":"info","message":"User registrations retrieved successfully","requestId":"03ebb4c4-f173-4eb5-a001-566cd94307da","count":1,"userId":"6890c4b4e2e61a6f5e2f1fb1"}
{"timestamp":"2025-09-27 23:49:05","level":"info","message":"HTTP Request","requestId":"03ebb4c4-f173-4eb5-a001-566cd94307da","method":"GET","url":"/api/registrations/my","statusCode":200,"responseTime":109,"userAgent":"Mozilla/5.0 (Macintosh; Intel Mac OS X 10_15_7) AppleWebKit/537.36 (KHTML, like Gecko) Chrome/139.0.0.0 Safari/537.36","ip":"::1"}
{"timestamp":"2025-09-27 23:49:05","level":"info","message":"Incoming Request","requestId":"572ba74b-1b48-4780-b21f-205c8bb553f1","method":"GET","url":"/api/registrations/my","userAgent":"Mozilla/5.0 (Macintosh; Intel Mac OS X 10_15_7) AppleWebKit/537.36 (KHTML, like Gecko) Chrome/139.0.0.0 Safari/537.36","ip":"::1"}
{"timestamp":"2025-09-27 23:49:05","level":"info","message":"HTTP Request","requestId":"572ba74b-1b48-4780-b21f-205c8bb553f1","method":"GET","url":"/api/registrations/my","userId":"6890c4b4e2e61a6f5e2f1fb1","query":{}}
{"timestamp":"2025-09-27 23:49:05","level":"info","message":"Database Operation","operation":"Getting user registrations","collection":"eventRegistrations","query":{"studentId":"[Complex Object]"},"resultCount":0}
{"timestamp":"2025-09-27 23:49:06","level":"info","message":"User registrations retrieved successfully","requestId":"572ba74b-1b48-4780-b21f-205c8bb553f1","count":1,"userId":"6890c4b4e2e61a6f5e2f1fb1"}
{"timestamp":"2025-09-27 23:49:06","level":"info","message":"HTTP Request","requestId":"572ba74b-1b48-4780-b21f-205c8bb553f1","method":"GET","url":"/api/registrations/my","statusCode":304,"responseTime":47,"userAgent":"Mozilla/5.0 (Macintosh; Intel Mac OS X 10_15_7) AppleWebKit/537.36 (KHTML, like Gecko) Chrome/139.0.0.0 Safari/537.36","ip":"::1"}
{"timestamp":"2025-09-27 23:49:06","level":"info","message":"Incoming Request","requestId":"cea75f74-aa3b-4760-85ad-991d56890643","method":"POST","url":"/api/registrations","userAgent":"axios/1.11.0","ip":"::1"}
{"timestamp":"2025-09-27 23:49:06","level":"info","message":"HTTP Request","requestId":"cea75f74-aa3b-4760-85ad-991d56890643","method":"POST","url":"/api/registrations","userId":"6890c4b4e2e61a6f5e2f1fb1","body":{"eventId":"68d8056278b9f8609132e845","gameTypes":[{"name":"接力赛","group":"小黑马","team":{"name":"接力赛队伍","members":[{"_id":"6890c4b4e2e61a6f5e2f1fb1","runOrder":1,"captain":true},{"_id":"6890c4b4e2e61a6f5e2f1fa4","runOrder":2,"captain":false},{"_id":"6890c4b4e2e61a6f5e2f1fb3","runOrder":3,"captain":false}]}}]}}
{"timestamp":"2025-09-27 23:49:06","level":"info","message":"Generated invite codes for game types","requestId":"cea75f74-aa3b-4760-85ad-991d56890643","registrationId":"68d80772b53fba6d17eb5688","inviteCodes":[{"gameType":"接力赛","inviteCode":"jw8D8D101"}]}
{"timestamp":"2025-09-27 23:49:06","level":"info","message":"Team member auto-registration completed","requestId":"cea75f74-aa3b-4760-85ad-991d56890643","mainRegistrationId":"68d80772b53fba6d17eb5688","teamResults":{"created":2,"updated":0,"errors":0},"details":{"created":[{"studentId":"6890c4b4e2e61a6f5e2f1fa4","studentName":"李梓瑜","registrationId":"68d80772b53fba6d17eb568c"},{"studentId":"6890c4b4e2e61a6f5e2f1fb3","studentName":"李潍旭","registrationId":"68d80772b53fba6d17eb5690"}],"updated":[],"errors":[]}}
{"timestamp":"2025-09-27 23:49:06","level":"info","message":"Event registration created successfully","requestId":"cea75f74-aa3b-4760-85ad-991d56890643","registrationId":"68d80772b53fba6d17eb5688","eventId":"68d8056278b9f8609132e845","studentId":"6890c4b4e2e61a6f5e2f1fb1","gameTypes":[{"name":"接力赛","group":"小黑马","team":{"name":"接力赛队伍","members":[{"_id":"6890c4b4e2e61a6f5e2f1fb1","runOrder":1,"captain":true},{"_id":"6890c4b4e2e61a6f5e2f1fa4","runOrder":2,"captain":false},{"_id":"6890c4b4e2e61a6f5e2f1fb3","runOrder":3,"captain":false}]},"inviteCode":"jw8D8D101","_id":"68d80772b53fba6d17eb5687"}],"inviteCodes":[{"gameType":"接力赛","inviteCode":"jw8D8D101"}]}
{"timestamp":"2025-09-27 23:49:06","level":"info","message":"HTTP Request","requestId":"cea75f74-aa3b-4760-85ad-991d56890643","method":"POST","url":"/api/registrations","statusCode":201,"responseTime":175,"userAgent":"axios/1.11.0","ip":"::1"}
{"timestamp":"2025-09-27 23:49:07","level":"info","message":"Incoming Request","requestId":"9eccb381-4a02-42c5-bc5f-db5bd934f67a","method":"GET","url":"/api/events/open","userAgent":"Mozilla/5.0 (Macintosh; Intel Mac OS X 10_15_7) AppleWebKit/537.36 (KHTML, like Gecko) Chrome/139.0.0.0 Safari/537.36","ip":"::1"}
{"timestamp":"2025-09-27 23:49:07","level":"info","message":"Incoming Request","requestId":"337adfca-afb2-459d-9618-728aad8e69a9","method":"GET","url":"/api/registrations/my","userAgent":"Mozilla/5.0 (Macintosh; Intel Mac OS X 10_15_7) AppleWebKit/537.36 (KHTML, like Gecko) Chrome/139.0.0.0 Safari/537.36","ip":"::1"}
{"timestamp":"2025-09-27 23:49:07","level":"info","message":"HTTP Request","requestId":"9eccb381-4a02-42c5-bc5f-db5bd934f67a","method":"GET","url":"/api/events/open","userId":"6890c4b4e2e61a6f5e2f1fb1"}
{"timestamp":"2025-09-27 23:49:07","level":"info","message":"Database Operation","operation":"Finding open registration events","collection":"events","query":{"filter":"[Complex Object]"},"resultCount":0}
{"timestamp":"2025-09-27 23:49:07","level":"info","message":"HTTP Request","requestId":"337adfca-afb2-459d-9618-728aad8e69a9","method":"GET","url":"/api/registrations/my","userId":"6890c4b4e2e61a6f5e2f1fb1","query":{}}
{"timestamp":"2025-09-27 23:49:07","level":"info","message":"Database Operation","operation":"Getting user registrations","collection":"eventRegistrations","query":{"studentId":"[Complex Object]"},"resultCount":0}
{"timestamp":"2025-09-27 23:49:07","level":"info","message":"Open registration events retrieved successfully","requestId":"9eccb381-4a02-42c5-bc5f-db5bd934f67a","count":0,"filter":{"openRegistration":true,"endDate":{"$gte":"2025-09-27T15:49:07.209Z"}}}
{"timestamp":"2025-09-27 23:49:07","level":"info","message":"HTTP Request","requestId":"9eccb381-4a02-42c5-bc5f-db5bd934f67a","method":"GET","url":"/api/events/open","statusCode":304,"responseTime":7,"userAgent":"Mozilla/5.0 (Macintosh; Intel Mac OS X 10_15_7) AppleWebKit/537.36 (KHTML, like Gecko) Chrome/139.0.0.0 Safari/537.36","ip":"::1"}
{"timestamp":"2025-09-27 23:49:07","level":"info","message":"Incoming Request","requestId":"c2796ed0-f0d0-4125-91fb-8e8b11545b7b","method":"GET","url":"/api/events/open","userAgent":"Mozilla/5.0 (Macintosh; Intel Mac OS X 10_15_7) AppleWebKit/537.36 (KHTML, like Gecko) Chrome/139.0.0.0 Safari/537.36","ip":"::1"}
{"timestamp":"2025-09-27 23:49:07","level":"info","message":"HTTP Request","requestId":"c2796ed0-f0d0-4125-91fb-8e8b11545b7b","method":"GET","url":"/api/events/open","userId":"6890c4b4e2e61a6f5e2f1fb1"}
{"timestamp":"2025-09-27 23:49:07","level":"info","message":"Database Operation","operation":"Finding open registration events","collection":"events","query":{"filter":"[Complex Object]"},"resultCount":0}
{"timestamp":"2025-09-27 23:49:07","level":"info","message":"Open registration events retrieved successfully","requestId":"c2796ed0-f0d0-4125-91fb-8e8b11545b7b","count":0,"filter":{"openRegistration":true,"endDate":{"$gte":"2025-09-27T15:49:07.222Z"}}}
{"timestamp":"2025-09-27 23:49:07","level":"info","message":"HTTP Request","requestId":"c2796ed0-f0d0-4125-91fb-8e8b11545b7b","method":"GET","url":"/api/events/open","statusCode":304,"responseTime":8,"userAgent":"Mozilla/5.0 (Macintosh; Intel Mac OS X 10_15_7) AppleWebKit/537.36 (KHTML, like Gecko) Chrome/139.0.0.0 Safari/537.36","ip":"::1"}
{"timestamp":"2025-09-27 23:49:07","level":"info","message":"User registrations retrieved successfully","requestId":"337adfca-afb2-459d-9618-728aad8e69a9","count":1,"userId":"6890c4b4e2e61a6f5e2f1fb1"}
{"timestamp":"2025-09-27 23:49:07","level":"info","message":"HTTP Request","requestId":"337adfca-afb2-459d-9618-728aad8e69a9","method":"GET","url":"/api/registrations/my","statusCode":200,"responseTime":18,"userAgent":"Mozilla/5.0 (Macintosh; Intel Mac OS X 10_15_7) AppleWebKit/537.36 (KHTML, like Gecko) Chrome/139.0.0.0 Safari/537.36","ip":"::1"}
{"timestamp":"2025-09-27 23:49:07","level":"info","message":"Incoming Request","requestId":"d00c9013-e705-44bf-904c-e50a70d12bf0","method":"GET","url":"/api/registrations/my","userAgent":"Mozilla/5.0 (Macintosh; Intel Mac OS X 10_15_7) AppleWebKit/537.36 (KHTML, like Gecko) Chrome/139.0.0.0 Safari/537.36","ip":"::1"}
{"timestamp":"2025-09-27 23:49:07","level":"info","message":"HTTP Request","requestId":"d00c9013-e705-44bf-904c-e50a70d12bf0","method":"GET","url":"/api/registrations/my","userId":"6890c4b4e2e61a6f5e2f1fb1","query":{}}
{"timestamp":"2025-09-27 23:49:07","level":"info","message":"Database Operation","operation":"Getting user registrations","collection":"eventRegistrations","query":{"studentId":"[Complex Object]"},"resultCount":0}
{"timestamp":"2025-09-27 23:49:07","level":"info","message":"User registrations retrieved successfully","requestId":"d00c9013-e705-44bf-904c-e50a70d12bf0","count":1,"userId":"6890c4b4e2e61a6f5e2f1fb1"}
{"timestamp":"2025-09-27 23:49:07","level":"info","message":"HTTP Request","requestId":"d00c9013-e705-44bf-904c-e50a70d12bf0","method":"GET","url":"/api/registrations/my","statusCode":304,"responseTime":4,"userAgent":"Mozilla/5.0 (Macintosh; Intel Mac OS X 10_15_7) AppleWebKit/537.36 (KHTML, like Gecko) Chrome/139.0.0.0 Safari/537.36","ip":"::1"}
{"timestamp":"2025-09-27 23:54:35","level":"info","message":"Incoming Request","requestId":"ae777c2d-804d-4b1d-8db6-f45ecb9ed3a8","method":"POST","url":"/api/registrations","userAgent":"axios/1.11.0","ip":"::1"}
{"timestamp":"2025-09-27 23:54:35","level":"info","message":"HTTP Request","requestId":"ae777c2d-804d-4b1d-8db6-f45ecb9ed3a8","method":"POST","url":"/api/registrations","userId":"6890c4b4e2e61a6f5e2f1fb1","body":{"eventId":"68d8056278b9f8609132e845","gameTypes":[{"name":"接力赛","group":"小黑马","team":{"name":"接力赛队伍","members":[{"_id":"6890c4b4e2e61a6f5e2f1fb1","runOrder":1,"captain":true},{"_id":"6890c4b4e2e61a6f5e2f1fa4","runOrder":2,"captain":false},{"_id":"6890c4b4e2e61a6f5e2f1fb3","runOrder":3,"captain":false}]}}]}}
{"timestamp":"2025-09-27 23:54:35","level":"info","message":"Generated invite codes for game types","requestId":"ae777c2d-804d-4b1d-8db6-f45ecb9ed3a8","registrationId":"68d808bbb53fba6d17eb56ac","inviteCodes":[{"gameType":"接力赛","inviteCode":"m8g5CEF02"}]}
{"timestamp":"2025-09-27 23:54:35","level":"info","message":"Team member auto-registration completed","requestId":"ae777c2d-804d-4b1d-8db6-f45ecb9ed3a8","mainRegistrationId":"68d808bbb53fba6d17eb56ac","teamResults":{"created":2,"updated":0,"errors":0},"details":{"created":[{"studentId":"6890c4b4e2e61a6f5e2f1fa4","studentName":"李梓瑜","registrationId":"68d808bbb53fba6d17eb56b0"},{"studentId":"6890c4b4e2e61a6f5e2f1fb3","studentName":"李潍旭","registrationId":"68d808bbb53fba6d17eb56b4"}],"updated":[],"errors":[]}}
{"timestamp":"2025-09-27 23:54:35","level":"info","message":"Event registration created successfully","requestId":"ae777c2d-804d-4b1d-8db6-f45ecb9ed3a8","registrationId":"68d808bbb53fba6d17eb56ac","eventId":"68d8056278b9f8609132e845","studentId":"6890c4b4e2e61a6f5e2f1fb1","gameTypes":[{"name":"接力赛","group":"小黑马","team":{"name":"接力赛队伍","members":[{"_id":"6890c4b4e2e61a6f5e2f1fb1","runOrder":1,"captain":true},{"_id":"6890c4b4e2e61a6f5e2f1fa4","runOrder":2,"captain":false},{"_id":"6890c4b4e2e61a6f5e2f1fb3","runOrder":3,"captain":false}]},"inviteCode":"m8g5CEF02","_id":"68d808bbb53fba6d17eb56ab"}],"inviteCodes":[{"gameType":"接力赛","inviteCode":"m8g5CEF02"}]}
